Test Section for the Analysis of BOEING 777-200A Wheel Load                     


     NUM OF ELEMENTS                 300
     NUM OF POINTS                   981
     NUM OF BOUNDARY POINTS          141


     NUM OF ELEM DEG OF FREEDOM        2
     NUM OF ELEM NODES                 8



     UNITS POUNDS INCH DEGREES FAHRENHEIT    



     MATERIAL PROPERTIES           

     NUM OF MATERIAL TYPES             3

     MATERIAL    TYPE [isotropic:0, anisotropic:1]
         1        0
         2        1
         3        0


     LAYER: AC                  
     MATERIAL TYPE        1

     MOD OF ELASTICITY               .20000E+06
     POISSON RATIO                   .35000E+00
     COEFF. OF THERMAL EXPANSION     .00000E+00
     BODYFORCE IN R DIRECTION        .00000E+00
     BODYFORCE IN Z DIRECTION       -.83900E-01
     INTERNAL FRICTION ANGLE (Degrees)    .00000E+00
     COHESION                             .22000E+02
     AT REST STRESS COEFFICIENT, K0       .67000E+00
     (If Zero, No Values Entered!.)     



     LAYER: BASE                
     MATERIAL TYPE        2

     ELASTIC MODULUS (E2, vertical)       .18000E+05
     POISSON RATIO (PR1, radial)          .30000E+00
     POISSON RATIO (PR2, vertical)        .10000E+00
     RATIO N (E1/E2)                      .15000E+00
     RATIO M (G2/E2)                      .34965E+00
     COEFF. OF THERMAL EXPANSION          .00000E+00
     BODYFORCE IN R DIRECTION             .00000E+00
     BODYFORCE IN Z DIRECTION            -.78100E-01
     INTERNAL FRICTION ANGLE (Degrees)    .40000E+02
     COHESION                             .00000E+00
     AT REST STRESS COEFFICIENT, K0       .60000E+00
     (If Zero, No Values Entered!.)     



     LAYER: SUBGRADE            
     MATERIAL TYPE        3

     MOD OF ELASTICITY               .60000E+04
     POISSON RATIO                   .45000E+00
     COEFF. OF THERMAL EXPANSION     .00000E+00
     BODYFORCE IN R DIRECTION        .00000E+00
     BODYFORCE IN Z DIRECTION       -.69400E-01
     INTERNAL FRICTION ANGLE (Degrees)    .00000E+00
     COHESION                             .10500E+02
     AT REST STRESS COEFFICIENT, K0       .82000E+00
     (If Zero, No Values Entered!.)     



     TOTAL NUM OF LAYERS USED IN MESH GENERATION:     30

     TOTAL NUM OF COLUMNS USED IN MESH GENERATION:    10

     NUMBERING OPTION [HORIZONTAL=0; VERTICAL=1]:   0

     INITIAL R-COORDINATES OF THE FIRST NODE:      .000
     INITIAL Z-COORDINATES OF THE FIRST NODE:      .000



     ELEMENT MESH LAYER THICKNESSES (bottom to top):

     40.000     40.000     40.000     40.000     36.000     30.000
     30.000     25.000     25.000     20.000     20.000     12.000
      8.000      6.000      4.000      4.000      3.500      4.000
      4.000      4.000      4.000      4.000      4.000      4.000
      4.000      4.000      4.000      2.000      3.000      3.000


     ELEMENT MESH COLUMN WIDTHS (left to right):

      2.620      3.000      3.000      5.000      8.000     12.000
     15.000     20.000     20.000     20.000


           4----7----3
           |         |
           8         6
           |         |
           1----5----2

      ELEMENT       MATERIAL TYPE        ELEM NODES (1,2,3,4,5,6,7,8)

          1              3                1    3   35   33    2   23   34   22
          2              3                3    5   37   35    4   24   36   23
          3              3                5    7   39   37    6   25   38   24
          4              3                7    9   41   39    8   26   40   25
          5              3                9   11   43   41   10   27   42   26
          6              3               11   13   45   43   12   28   44   27
          7              3               13   15   47   45   14   29   46   28
          8              3               15   17   49   47   16   30   48   29
          9              3               17   19   51   49   18   31   50   30
         10              3               19   21   53   51   20   32   52   31
         11              3               33   35   67   65   34   55   66   54
         12              3               35   37   69   67   36   56   68   55
         13              3               37   39   71   69   38   57   70   56
         14              3               39   41   73   71   40   58   72   57
         15              3               41   43   75   73   42   59   74   58
         16              3               43   45   77   75   44   60   76   59
         17              3               45   47   79   77   46   61   78   60
         18              3               47   49   81   79   48   62   80   61
         19              3               49   51   83   81   50   63   82   62
         20              3               51   53   85   83   52   64   84   63
         21              3               65   67   99   97   66   87   98   86
         22              3               67   69  101   99   68   88  100   87
         23              3               69   71  103  101   70   89  102   88
         24              3               71   73  105  103   72   90  104   89
         25              3               73   75  107  105   74   91  106   90
         26              3               75   77  109  107   76   92  108   91
         27              3               77   79  111  109   78   93  110   92
         28              3               79   81  113  111   80   94  112   93
         29              3               81   83  115  113   82   95  114   94
         30              3               83   85  117  115   84   96  116   95
         31              3               97   99  131  129   98  119  130  118
         32              3               99  101  133  131  100  120  132  119
         33              3              101  103  135  133  102  121  134  120
         34              3              103  105  137  135  104  122  136  121
         35              3              105  107  139  137  106  123  138  122
         36              3              107  109  141  139  108  124  140  123
         37              3              109  111  143  141  110  125  142  124
         38              3              111  113  145  143  112  126  144  125
         39              3              113  115  147  145  114  127  146  126
         40              3              115  117  149  147  116  128  148  127
         41              3              129  131  163  161  130  151  162  150
         42              3              131  133  165  163  132  152  164  151
         43              3              133  135  167  165  134  153  166  152
         44              3              135  137  169  167  136  154  168  153
         45              3              137  139  171  169  138  155  170  154
         46              3              139  141  173  171  140  156  172  155
         47              3              141  143  175  173  142  157  174  156
         48              3              143  145  177  175  144  158  176  157
         49              3              145  147  179  177  146  159  178  158
         50              3              147  149  181  179  148  160  180  159
         51              3              161  163  195  193  162  183  194  182
         52              3              163  165  197  195  164  184  196  183
         53              3              165  167  199  197  166  185  198  184
         54              3              167  169  201  199  168  186  200  185
         55              3              169  171  203  201  170  187  202  186
         56              3              171  173  205  203  172  188  204  187
         57              3              173  175  207  205  174  189  206  188
         58              3              175  177  209  207  176  190  208  189
         59              3              177  179  211  209  178  191  210  190
         60              3              179  181  213  211  180  192  212  191
         61              3              193  195  227  225  194  215  226  214
         62              3              195  197  229  227  196  216  228  215
         63              3              197  199  231  229  198  217  230  216
         64              3              199  201  233  231  200  218  232  217
         65              3              201  203  235  233  202  219  234  218
         66              3              203  205  237  235  204  220  236  219
         67              3              205  207  239  237  206  221  238  220
         68              3              207  209  241  239  208  222  240  221
         69              3              209  211  243  241  210  223  242  222
         70              3              211  213  245  243  212  224  244  223
         71              3              225  227  259  257  226  247  258  246
         72              3              227  229  261  259  228  248  260  247
         73              3              229  231  263  261  230  249  262  248
         74              3              231  233  265  263  232  250  264  249
         75              3              233  235  267  265  234  251  266  250
         76              3              235  237  269  267  236  252  268  251
         77              3              237  239  271  269  238  253  270  252
         78              3              239  241  273  271  240  254  272  253
         79              3              241  243  275  273  242  255  274  254
         80              3              243  245  277  275  244  256  276  255
         81              3              257  259  291  289  258  279  290  278
         82              3              259  261  293  291  260  280  292  279
         83              3              261  263  295  293  262  281  294  280
         84              3              263  265  297  295  264  282  296  281
         85              3              265  267  299  297  266  283  298  282
         86              3              267  269  301  299  268  284  300  283
         87              3              269  271  303  301  270  285  302  284
         88              3              271  273  305  303  272  286  304  285
         89              3              273  275  307  305  274  287  306  286
         90              3              275  277  309  307  276  288  308  287
         91              3              289  291  323  321  290  311  322  310
         92              3              291  293  325  323  292  312  324  311
         93              3              293  295  327  325  294  313  326  312
         94              3              295  297  329  327  296  314  328  313
         95              3              297  299  331  329  298  315  330  314
         96              3              299  301  333  331  300  316  332  315
         97              3              301  303  335  333  302  317  334  316
         98              3              303  305  337  335  304  318  336  317
         99              3              305  307  339  337  306  319  338  318
        100              3              307  309  341  339  308  320  340  319
        101              3              321  323  355  353  322  343  354  342
        102              3              323  325  357  355  324  344  356  343
        103              3              325  327  359  357  326  345  358  344
        104              3              327  329  361  359  328  346  360  345
        105              3              329  331  363  361  330  347  362  346
        106              3              331  333  365  363  332  348  364  347
        107              3              333  335  367  365  334  349  366  348
        108              3              335  337  369  367  336  350  368  349
        109              3              337  339  371  369  338  351  370  350
        110              3              339  341  373  371  340  352  372  351
        111              3              353  355  387  385  354  375  386  374
        112              3              355  357  389  387  356  376  388  375
        113              3              357  359  391  389  358  377  390  376
        114              3              359  361  393  391  360  378  392  377
        115              3              361  363  395  393  362  379  394  378
        116              3              363  365  397  395  364  380  396  379
        117              3              365  367  399  397  366  381  398  380
        118              3              367  369  401  399  368  382  400  381
        119              3              369  371  403  401  370  383  402  382
        120              3              371  373  405  403  372  384  404  383
        121              3              385  387  419  417  386  407  418  406
        122              3              387  389  421  419  388  408  420  407
        123              3              389  391  423  421  390  409  422  408
        124              3              391  393  425  423  392  410  424  409
        125              3              393  395  427  425  394  411  426  410
        126              3              395  397  429  427  396  412  428  411
        127              3              397  399  431  429  398  413  430  412
        128              3              399  401  433  431  400  414  432  413
        129              3              401  403  435  433  402  415  434  414
        130              3              403  405  437  435  404  416  436  415
        131              3              417  419  451  449  418  439  450  438
        132              3              419  421  453  451  420  440  452  439
        133              3              421  423  455  453  422  441  454  440
        134              3              423  425  457  455  424  442  456  441
        135              3              425  427  459  457  426  443  458  442
        136              3              427  429  461  459  428  444  460  443
        137              3              429  431  463  461  430  445  462  444
        138              3              431  433  465  463  432  446  464  445
        139              3              433  435  467  465  434  447  466  446
        140              3              435  437  469  467  436  448  468  447
        141              3              449  451  483  481  450  471  482  470
        142              3              451  453  485  483  452  472  484  471
        143              3              453  455  487  485  454  473  486  472
        144              3              455  457  489  487  456  474  488  473
        145              3              457  459  491  489  458  475  490  474
        146              3              459  461  493  491  460  476  492  475
        147              3              461  463  495  493  462  477  494  476
        148              3              463  465  497  495  464  478  496  477
        149              3              465  467  499  497  466  479  498  478
        150              3              467  469  501  499  468  480  500  479
        151              3              481  483  515  513  482  503  514  502
        152              3              483  485  517  515  484  504  516  503
        153              3              485  487  519  517  486  505  518  504
        154              3              487  489  521  519  488  506  520  505
        155              3              489  491  523  521  490  507  522  506
        156              3              491  493  525  523  492  508  524  507
        157              3              493  495  527  525  494  509  526  508
        158              3              495  497  529  527  496  510  528  509
        159              3              497  499  531  529  498  511  530  510
        160              3              499  501  533  531  500  512  532  511
        161              2              513  515  547  545  514  535  546  534
        162              2              515  517  549  547  516  536  548  535
        163              2              517  519  551  549  518  537  550  536
        164              2              519  521  553  551  520  538  552  537
        165              2              521  523  555  553  522  539  554  538
        166              2              523  525  557  555  524  540  556  539
        167              2              525  527  559  557  526  541  558  540
        168              2              527  529  561  559  528  542  560  541
        169              2              529  531  563  561  530  543  562  542
        170              2              531  533  565  563  532  544  564  543
        171              2              545  547  579  577  546  567  578  566
        172              2              547  549  581  579  548  568  580  567
        173              2              549  551  583  581  550  569  582  568
        174              2              551  553  585  583  552  570  584  569
        175              2              553  555  587  585  554  571  586  570
        176              2              555  557  589  587  556  572  588  571
        177              2              557  559  591  589  558  573  590  572
        178              2              559  561  593  591  560  574  592  573
        179              2              561  563  595  593  562  575  594  574
        180              2              563  565  597  595  564  576  596  575
        181              2              577  579  611  609  578  599  610  598
        182              2              579  581  613  611  580  600  612  599
        183              2              581  583  615  613  582  601  614  600
        184              2              583  585  617  615  584  602  616  601
        185              2              585  587  619  617  586  603  618  602
        186              2              587  589  621  619  588  604  620  603
        187              2              589  591  623  621  590  605  622  604
        188              2              591  593  625  623  592  606  624  605
        189              2              593  595  627  625  594  607  626  606
        190              2              595  597  629  627  596  608  628  607
        191              2              609  611  643  641  610  631  642  630
        192              2              611  613  645  643  612  632  644  631
        193              2              613  615  647  645  614  633  646  632
        194              2              615  617  649  647  616  634  648  633
        195              2              617  619  651  649  618  635  650  634
        196              2              619  621  653  651  620  636  652  635
        197              2              621  623  655  653  622  637  654  636
        198              2              623  625  657  655  624  638  656  637
        199              2              625  627  659  657  626  639  658  638
        200              2              627  629  661  659  628  640  660  639
        201              2              641  643  675  673  642  663  674  662
        202              2              643  645  677  675  644  664  676  663
        203              2              645  647  679  677  646  665  678  664
        204              2              647  649  681  679  648  666  680  665
        205              2              649  651  683  681  650  667  682  666
        206              2              651  653  685  683  652  668  684  667
        207              2              653  655  687  685  654  669  686  668
        208              2              655  657  689  687  656  670  688  669
        209              2              657  659  691  689  658  671  690  670
        210              2              659  661  693  691  660  672  692  671
        211              2              673  675  707  705  674  695  706  694
        212              2              675  677  709  707  676  696  708  695
        213              2              677  679  711  709  678  697  710  696
        214              2              679  681  713  711  680  698  712  697
        215              2              681  683  715  713  682  699  714  698
        216              2              683  685  717  715  684  700  716  699
        217              2              685  687  719  717  686  701  718  700
        218              2              687  689  721  719  688  702  720  701
        219              2              689  691  723  721  690  703  722  702
        220              2              691  693  725  723  692  704  724  703
        221              2              705  707  739  737  706  727  738  726
        222              2              707  709  741  739  708  728  740  727
        223              2              709  711  743  741  710  729  742  728
        224              2              711  713  745  743  712  730  744  729
        225              2              713  715  747  745  714  731  746  730
        226              2              715  717  749  747  716  732  748  731
        227              2              717  719  751  749  718  733  750  732
        228              2              719  721  753  751  720  734  752  733
        229              2              721  723  755  753  722  735  754  734
        230              2              723  725  757  755  724  736  756  735
        231              2              737  739  771  769  738  759  770  758
        232              2              739  741  773  771  740  760  772  759
        233              2              741  743  775  773  742  761  774  760
        234              2              743  745  777  775  744  762  776  761
        235              2              745  747  779  777  746  763  778  762
        236              2              747  749  781  779  748  764  780  763
        237              2              749  751  783  781  750  765  782  764
        238              2              751  753  785  783  752  766  784  765
        239              2              753  755  787  785  754  767  786  766
        240              2              755  757  789  787  756  768  788  767
        241              2              769  771  803  801  770  791  802  790
        242              2              771  773  805  803  772  792  804  791
        243              2              773  775  807  805  774  793  806  792
        244              2              775  777  809  807  776  794  808  793
        245              2              777  779  811  809  778  795  810  794
        246              2              779  781  813  811  780  796  812  795
        247              2              781  783  815  813  782  797  814  796
        248              2              783  785  817  815  784  798  816  797
        249              2              785  787  819  817  786  799  818  798
        250              2              787  789  821  819  788  800  820  799
        251              2              801  803  835  833  802  823  834  822
        252              2              803  805  837  835  804  824  836  823
        253              2              805  807  839  837  806  825  838  824
        254              2              807  809  841  839  808  826  840  825
        255              2              809  811  843  841  810  827  842  826
        256              2              811  813  845  843  812  828  844  827
        257              2              813  815  847  845  814  829  846  828
        258              2              815  817  849  847  816  830  848  829
        259              2              817  819  851  849  818  831  850  830
        260              2              819  821  853  851  820  832  852  831
        261              2              833  835  867  865  834  855  866  854
        262              2              835  837  869  867  836  856  868  855
        263              2              837  839  871  869  838  857  870  856
        264              2              839  841  873  871  840  858  872  857
        265              2              841  843  875  873  842  859  874  858
        266              2              843  845  877  875  844  860  876  859
        267              2              845  847  879  877  846  861  878  860
        268              2              847  849  881  879  848  862  880  861
        269              2              849  851  883  881  850  863  882  862
        270              2              851  853  885  883  852  864  884  863
        271              1              865  867  899  897  866  887  898  886
        272              1              867  869  901  899  868  888  900  887
        273              1              869  871  903  901  870  889  902  888
        274              1              871  873  905  903  872  890  904  889
        275              1              873  875  907  905  874  891  906  890
        276              1              875  877  909  907  876  892  908  891
        277              1              877  879  911  909  878  893  910  892
        278              1              879  881  913  911  880  894  912  893
        279              1              881  883  915  913  882  895  914  894
        280              1              883  885  917  915  884  896  916  895
        281              1              897  899  931  929  898  919  930  918
        282              1              899  901  933  931  900  920  932  919
        283              1              901  903  935  933  902  921  934  920
        284              1              903  905  937  935  904  922  936  921
        285              1              905  907  939  937  906  923  938  922
        286              1              907  909  941  939  908  924  940  923
        287              1              909  911  943  941  910  925  942  924
        288              1              911  913  945  943  912  926  944  925
        289              1              913  915  947  945  914  927  946  926
        290              1              915  917  949  947  916  928  948  927
        291              1              929  931  963  961  930  951  962  950
        292              1              931  933  965  963  932  952  964  951
        293              1              933  935  967  965  934  953  966  952
        294              1              935  937  969  967  936  954  968  953
        295              1              937  939  971  969  938  955  970  954
        296              1              939  941  973  971  940  956  972  955
        297              1              941  943  975  973  942  957  974  956
        298              1              943  945  977  975  944  958  976  957
        299              1              945  947  979  977  946  959  978  958
        300              1              947  949  981  979  948  960  980  959



     NONLINEAR ANALYSIS 

     NO. OF INCREMENTS FOR BODY FORCE LOADING:    5
     NO. OF INCREMENTS FOR EDGE LOADING:         10

     MODULI AVERAGING COEFF. FOR BODY FORCES:   .50
     MODULI AVERAGING COEFF. FOR SURFACE LOAD:  .30



     MODEL PARAMETERS FOR LAYER   2

     MODELS [K-THETA:1, UZAN:2, UT-AUSTIN:3]: 2

     K1:   2318.0000
     K2:       .6400
     K3:       .0650
     K1H:   287.0000
     K2H:     3.4160
     K3H:    -2.8080
     K1S:   753.9000
     K2S:      .8340
     K3S:     -.1670




     MODEL PARAMETERS FOR LAYER   3

     MODELS [BILINEAR SUBG:4, BROWN & LOACH:5]:  4

     K1:   6000.0000
     K2:      6.0000
     K3:   1000.0000
     K1H:   200.0000
     K2H:     2.0000
     K3H:    21.0000
     K1S:      .0000
     K2S:      .0000
     K3S:      .0000



      TEMPERATURE LOAD : 0





      NUMBER OF ELEMENTS WITH EDGE LOADS :  3


      ELEMENT NUMBER :291
                                     UNIFORM LOADS

            EDGE 1             EDGE 2             EDGE 3             EDGE 4

      R - DIR  Z - DIR   R - DIR  Z - DIR   R - DIR  Z - DIR   R - DIR  Z - DIR

          .00      .00       .00      .00       .00  -182.00       .00      .00


      ELEMENT NUMBER :292
                                     UNIFORM LOADS

            EDGE 1             EDGE 2             EDGE 3             EDGE 4

      R - DIR  Z - DIR   R - DIR  Z - DIR   R - DIR  Z - DIR   R - DIR  Z - DIR

          .00      .00       .00      .00       .00  -182.00       .00      .00


      ELEMENT NUMBER :293
                                     UNIFORM LOADS

            EDGE 1             EDGE 2             EDGE 3             EDGE 4

      R - DIR  Z - DIR   R - DIR  Z - DIR   R - DIR  Z - DIR   R - DIR  Z - DIR

          .00      .00       .00      .00       .00  -182.00       .00      .00



     NO. OF ROWS OF ELEMENTS IN BASE/SUBBASE      
     WITH MEASURED HORIZONTAL RESIDUAL STRESSES:   0



      BOUNDARY CONDITIONS,              

          NODE    R-DIR   Z-DIR       R-VALUE           Z-VALUE       


            1       1       1         .000E+00          .000E+00
            2       1       1         .000E+00          .000E+00
            3       1       1         .000E+00          .000E+00
            4       1       1         .000E+00          .000E+00
            5       1       1         .000E+00          .000E+00
            6       1       1         .000E+00          .000E+00
            7       1       1         .000E+00          .000E+00
            8       1       1         .000E+00          .000E+00
            9       1       1         .000E+00          .000E+00
           10       1       1         .000E+00          .000E+00
           11       1       1         .000E+00          .000E+00
           12       1       1         .000E+00          .000E+00
           13       1       1         .000E+00          .000E+00
           14       1       1         .000E+00          .000E+00
           15       1       1         .000E+00          .000E+00
           16       1       1         .000E+00          .000E+00
           17       1       1         .000E+00          .000E+00
           18       1       1         .000E+00          .000E+00
           19       1       1         .000E+00          .000E+00
           20       1       1         .000E+00          .000E+00
           21       1       1         .000E+00          .000E+00
           22       1       0         .000E+00          .000E+00
           32       1       0         .000E+00          .000E+00
           33       1       0         .000E+00          .000E+00
           53       1       0         .000E+00          .000E+00
           54       1       0         .000E+00          .000E+00
           64       1       0         .000E+00          .000E+00
           65       1       0         .000E+00          .000E+00
           85       1       0         .000E+00          .000E+00
           86       1       0         .000E+00          .000E+00
           96       1       0         .000E+00          .000E+00
           97       1       0         .000E+00          .000E+00
          117       1       0         .000E+00          .000E+00
          118       1       0         .000E+00          .000E+00
          128       1       0         .000E+00          .000E+00
          129       1       0         .000E+00          .000E+00
          149       1       0         .000E+00          .000E+00
          150       1       0         .000E+00          .000E+00
          160       1       0         .000E+00          .000E+00
          161       1       0         .000E+00          .000E+00
          181       1       0         .000E+00          .000E+00
          182       1       0         .000E+00          .000E+00
          192       1       0         .000E+00          .000E+00
          193       1       0         .000E+00          .000E+00
          213       1       0         .000E+00          .000E+00
          214       1       0         .000E+00          .000E+00
          224       1       0         .000E+00          .000E+00
          225       1       0         .000E+00          .000E+00
          245       1       0         .000E+00          .000E+00
          246       1       0         .000E+00          .000E+00
          256       1       0         .000E+00          .000E+00
          257       1       0         .000E+00          .000E+00
          277       1       0         .000E+00          .000E+00
          278       1       0         .000E+00          .000E+00
          288       1       0         .000E+00          .000E+00
          289       1       0         .000E+00          .000E+00
          309       1       0         .000E+00          .000E+00
          310       1       0         .000E+00          .000E+00
          320       1       0         .000E+00          .000E+00
          321       1       0         .000E+00          .000E+00
          341       1       0         .000E+00          .000E+00
          342       1       0         .000E+00          .000E+00
          352       1       0         .000E+00          .000E+00
          353       1       0         .000E+00          .000E+00
          373       1       0         .000E+00          .000E+00
          374       1       0         .000E+00          .000E+00
          384       1       0         .000E+00          .000E+00
          385       1       0         .000E+00          .000E+00
          405       1       0         .000E+00          .000E+00
          406       1       0         .000E+00          .000E+00
          416       1       0         .000E+00          .000E+00
          417       1       0         .000E+00          .000E+00
          437       1       0         .000E+00          .000E+00
          438       1       0         .000E+00          .000E+00
          448       1       0         .000E+00          .000E+00
          449       1       0         .000E+00          .000E+00
          469       1       0         .000E+00          .000E+00
          470       1       0         .000E+00          .000E+00
          480       1       0         .000E+00          .000E+00
          481       1       0         .000E+00          .000E+00
          501       1       0         .000E+00          .000E+00
          502       1       0         .000E+00          .000E+00
          512       1       0         .000E+00          .000E+00
          513       1       0         .000E+00          .000E+00
          533       1       0         .000E+00          .000E+00
          534       1       0         .000E+00          .000E+00
          544       1       0         .000E+00          .000E+00
          545       1       0         .000E+00          .000E+00
          565       1       0         .000E+00          .000E+00
          566       1       0         .000E+00          .000E+00
          576       1       0         .000E+00          .000E+00
          577       1       0         .000E+00          .000E+00
          597       1       0         .000E+00          .000E+00
          598       1       0         .000E+00          .000E+00
          608       1       0         .000E+00          .000E+00
          609       1       0         .000E+00          .000E+00
          629       1       0         .000E+00          .000E+00
          630       1       0         .000E+00          .000E+00
          640       1       0         .000E+00          .000E+00
          641       1       0         .000E+00          .000E+00
          661       1       0         .000E+00          .000E+00
          662       1       0         .000E+00          .000E+00
          672       1       0         .000E+00          .000E+00
          673       1       0         .000E+00          .000E+00
          693       1       0         .000E+00          .000E+00
          694       1       0         .000E+00          .000E+00
          704       1       0         .000E+00          .000E+00
          705       1       0         .000E+00          .000E+00
          725       1       0         .000E+00          .000E+00
          726       1       0         .000E+00          .000E+00
          736       1       0         .000E+00          .000E+00
          737       1       0         .000E+00          .000E+00
          757       1       0         .000E+00          .000E+00
          758       1       0         .000E+00          .000E+00
          768       1       0         .000E+00          .000E+00
          769       1       0         .000E+00          .000E+00
          789       1       0         .000E+00          .000E+00
          790       1       0         .000E+00          .000E+00
          800       1       0         .000E+00          .000E+00
          801       1       0         .000E+00          .000E+00
          821       1       0         .000E+00          .000E+00
          822       1       0         .000E+00          .000E+00
          832       1       0         .000E+00          .000E+00
          833       1       0         .000E+00          .000E+00
          853       1       0         .000E+00          .000E+00
          854       1       0         .000E+00          .000E+00
          864       1       0         .000E+00          .000E+00
          865       1       0         .000E+00          .000E+00
          885       1       0         .000E+00          .000E+00
          886       1       0         .000E+00          .000E+00
          896       1       0         .000E+00          .000E+00
          897       1       0         .000E+00          .000E+00
          917       1       0         .000E+00          .000E+00
          918       1       0         .000E+00          .000E+00
          928       1       0         .000E+00          .000E+00
          929       1       0         .000E+00          .000E+00
          949       1       0         .000E+00          .000E+00
          950       1       0         .000E+00          .000E+00
          960       1       0         .000E+00          .000E+00
          961       1       0         .000E+00          .000E+00
          981       1       0         .000E+00          .000E+00


     NUM OF NODES WITH JOINT LOADS     0


     INCREMENT NO:  1 FOR BODY FORCE LOADING


     ITERATION NO:           1
     CUMULATIVE ERROR:       .6116383E-02
     MAXIMUM ERROR:          .4834199E+00
     OCCURRED @ ELEMENT NO:   264


     ITERATION NO:           2
     CUMULATIVE ERROR:       .1562713E-02
     MAXIMUM ERROR:          .4681534E+00
     OCCURRED @ ELEMENT NO:   266


     ITERATION NO:           3
     CUMULATIVE ERROR:       .3930483E-03
     MAXIMUM ERROR:          .4403318E+00
     OCCURRED @ ELEMENT NO:   267


     ITERATION NO:           4
     CUMULATIVE ERROR:       .9850421E-04
     MAXIMUM ERROR:          .3926091E+00
     OCCURRED @ ELEMENT NO:   270


     ITERATION NO:           5
     CUMULATIVE ERROR:       .2455145E-04
     MAXIMUM ERROR:          .3220041E+00
     OCCURRED @ ELEMENT NO:   270


     ITERATION NO:           6
     CUMULATIVE ERROR:       .6315888E-05
     MAXIMUM ERROR:          .2418261E+00
     OCCURRED @ ELEMENT NO:   268


     ITERATION NO:           7
     CUMULATIVE ERROR:       .1573221E-05
     MAXIMUM ERROR:          .1574355E+00
     OCCURRED @ ELEMENT NO:   262


     ITERATION NO:           8
     CUMULATIVE ERROR:       .4468292E-06
     MAXIMUM ERROR:          .9756023E-01
     OCCURRED @ ELEMENT NO:   270


   ********************************************** 
     CONVERGENCE IS REACHED AT ITERATON NO:   9
     CUMULATIVE ERROR:         .1254875E-06
     MAX. INDIVIDUAL ERROR:    .4624337E-01
     OCCURRED @ ELEMENT NO:     270
   ********************************************** 

     INCREMENT NO:  2 FOR BODY FORCE LOADING


     ITERATION NO:           1
     CUMULATIVE ERROR:       .1801756E-04
     MAXIMUM ERROR:          .3071614E+00
     OCCURRED @ ELEMENT NO:   170


     ITERATION NO:           2
     CUMULATIVE ERROR:       .4764331E-05
     MAXIMUM ERROR:          .1248013E+00
     OCCURRED @ ELEMENT NO:   268


     ITERATION NO:           3
     CUMULATIVE ERROR:       .1194194E-05
     MAXIMUM ERROR:          .5666225E-01
     OCCUR