      ELEMENT       MATERIAL TYPE        ELEM NODES (1,2,3,4,5,6,7,8)

          1              3                1    3   53   51    2   35   52   34
          2              3                3    5   55   53    4   36   54   35
          3              3                5    7   57   55    6   37   56   36
          4              3                7    9   59   57    8   38   58   37
          5              3                9   11   61   59   10   39   60   38
          6              3               11   13   63   61   12   40   62   39
          7              3               13   15   65   63   14   41   64   40
          8              3               15   17   67   65   16   42   66   41
          9              3               17   19   69   67   18   43   68   42
         10              3               19   21   71   69   20   44   70   43
         11              3               21   23   73   71   22   45   72   44
         12              3               23   25   75   73   24   46   74   45
         13              3               25   27   77   75   26   47   76   46
         14              3               27   29   79   77   28   48   78   47
         15              3               29   31   81   79   30   49   80   48
         16              3               31   33   83   81   32   50   82   49
         17              3               51   53  103  101   52   85  102   84
         18              3               53   55  105  103   54   86  104   85
         19              3               55   57  107  105   56   87  106   86
         20              3               57   59  109  107   58   88  108   87
         21              3               59   61  111  109   60   89  110   88
         22              3               61   63  113  111   62   90  112   89
         23              3               63   65  115  113   64   91  114   90
         24              3               65   67  117  115   66   92  116   91
         25              3               67   69  119  117   68   93  118   92
         26              3               69   71  121  119   70   94  120   93
         27              3               71   73  123  121   72   95  122   94
         28              3               73   75  125  123   74   96  124   95
         29              3               75   77  127  125   76   97  126   96
         30              3               77   79  129  127   78   98  128   97
         31              3               79   81  131  129   80   99  130   98
         32              3               81   83  133  131   82  100  132   99
         33              3              101  103  153  151  102  135  152  134
         34              3              103  105  155  153  104  136  154  135
         35              3              105  107  157  155  106  137  156  136
         36              3              107  109  159  157  108  138  158  137
         37              3              109  111  161  159  110  139  160  138
         38              3              111  113  163  161  112  140  162  139
         39              3              113  115  165  163  114  141  164  140
         40              3              115  117  167  165  116  142  166  141
         41              3              117  119  169  167  118  143  168  142
         42              3              119  121  171  169  120  144  170  143
         43              3              121  123  173  171  122  145  172  144
         44              3              123  125  175  173  124  146  174  145
         45              3              125  127  177  175  126  147  176  146
         46              3              127  129  179  177  128  148  178  147
         47              3              129  131  181  179  130  149  180  148
         48              3              131  133  183  181  132  150  182  149
         49              3              151  153  203  201  152  185  202  184
         50              3              153  155  205  203  154  186  204  185
         51              3              155  157  207  205  156  187  206  186
         52              3              157  159  209  207  158  188  208  187
         53              3              159  161  211  209  160  189  210  188
         54              3              161  163  213  211  162  190  212  189
         55              3              163  165  215  213  164  191  214  190
         56              3              165  167  217  215  166  192  216  191
         57              3              167  169  219  217  168  193  218  192
         58              3              169  171  221  219  170  194  220  193
         59              3              171  173  223  221  172  195  222  194
         60              3              173  175  225  223  174  196  224  195
         61              3              175  177  227  225  176  197  226  196
         62              3              177  179  229  227  178  198  228  197
         63              3              179  181  231  229  180  199  230  198
         64              3              181  183  233  231  182  200  232  199
         65              3              201  203  253  251  202  235  252  234
         66              3              203  205  255  253  204  236  254  235
         67              3              205  207  257  255  206  237  256  236
         68              3              207  209  259  257  208  238  258  237
         69              3              209  211  261  259  210  239  260  238
         70              3              211  213  263  261  212  240  262  239
         71              3              213  215  265  263  214  241  264  240
         72              3              215  217  267  265  216  242  266  241
         73              3              217  219  269  267  218  243  268  242
         74              3              219  221  271  269  220  244  270  243
         75              3              221  223  273  271  222  245  272  244
         76              3              223  225  275  273  224  246  274  245
         77              3              225  227  277  275  226  247  276  246
         78              3              227  229  279  277  228  248  278  247
         79              3              229  231  281  279  230  249  280  248
         80              3              231  233  283  281  232  250  282  249
         81              3              251  253  303  301  252  285  302  284
         82              3              253  255  305  303  254  286  304  285
         83              3              255  257  307  305  256  287  306  286
         84              3              257  259  309  307  258  288  308  287
         85              3              259  261  311  309  260  289  310  288
         86              3              261  263  313  311  262  290  312  289
         87              3              263  265  315  313  264  291  314  290
         88              3              265  267  317  315  266  292  316  291
         89              3              267  269  319  317  268  293  318  292
         90              3              269  271  321  319  270  294  320  293
         91              3              271  273  323  321  272  295  322  294
         92              3              273  275  325  323  274  296  324  295
         93              3              275  277  327  325  276  297  326  296
         94              3              277  279  329  327  278  298  328  297
         95              3              279  281  331  329  280  299  330  298
         96              3              281  283  333  331  282  300  332  299
         97              3              301  303  353  351  302  335  352  334
         98              3              303  305  355  353  304  336  354  335
         99              3              305  307  357  355  306  337  356  336
        100              3              307  309  359  357  308  338  358  337
        101              3              309  311  361  359  310  339  360  338
        102              3              311  313  363  361  312  340  362  339
        103              3              313  315  365  363  314  341  364  340
        104              3              315  317  367  365  316  342  366  341
        105              3              317  319  369  367  318  343  368  342
        106              3              319  321  371  369  320  344  370  343
        107              3              321  323  373  371  322  345  372  344
        108              3              323  325  375  373  324  346  374  345
        109              3              325  327  377  375  326  347  376  346
        110              3              327  329  379  377  328  348  378  347
        111              3              329  331  381  379  330  349  380  348
        112              3              331  333  383  381  332  350  382  349
        113              3              351  353  403  401  352  385  402  384
        114              3              353  355  405  403  354  386  404  385
        115              3              355  357  407  405  356  387  406  386
        116              3              357  359  409  407  358  388  408  387
        117              3              359  361  411  409  360  389  410  388
        118              3              361  363  413  411  362  390  412  389
        119              3              363  365  415  413  364  391  414  390
        120              3              365  367  417  415  366  392  416  391
        121              3              367  369  419  417  368  393  418  392
        122              3              369  371  421  419  370  394  420  393
        123              3              371  373  423  421  372  395  422  394
        124              3              373  375  425  423  374  396  424  395
        125              3              375  377  427  425  376  397  426  396
        126              3              377  379  429  427  378  398  428  397
        127              3              379  381  431  429  380  399  430  398
        128              3              381  383  433  431  382  400  432  399
        129              3              401  403  453  451  402  435  452  434
        130              3              403  405  455  453  404  436  454  435
        131              3              405  407  457  455  406  437  456  436
        132              3              407  409  459  457  408  438  458  437
        133              3              409  411  461  459  410  439  460  438
        134              3              411  413  463  461  412  440  462  439
        135              3              413  415  465  463  414  441  464  440
        136              3              415  417  467  465  416  442  466  441
        137              3              417  419  469  467  418  443  468  442
        138              3              419  421  471  469  420  444  470  443
        139              3              421  423  473  471  422  445  472  444
        140              3              423  425  475  473  424  446  474  445
        141              3              425  427  477  475  426  447  476  446
        142              3              427  429  479  477  428  448  478  447
        143              3              429  431  481  479  430  449  480  448
        144              3              431  433  483  481  432  450  482  449
        145              3              451  453  503  501  452  485  502  484
        146              3              453  455  505  503  454  486  504  485
        147              3              455  457  507  505  456  487  506  486
        148              3              457  459  509  507  458  488  508  487
        149              3              459  461  511  509  460  489  510  488
        150              3              461  463  513  511  462  490  512  489
        151              3              463  465  515  513  464  491  514  490
        152              3              465  467  517  515  466  492  516  491
        153              3              467  469  519  517  468  493  518  492
        154              3              469  471  521  519  470  494  520  493
        155              3              471  473  523  521  472  495  522  494
        156              3              473  475  525  523  474  496  524  495
        157              3              475  477  527  525  476  497  526  496
        158              3              477  479  529  527  478  498  528  497
        159              3              479  481  531  529  480  499  530  498
        160              3              481  483  533  531  482  500  532  499
        161              3              501  503  553  551  502  535  552  534
        162              3              503  505  555  553  504  536  554  535
        163              3              505  507  557  555  506  537  556  536
        164              3              507  509  559  557  508  538  558  537
        165              3              509  511  561  559  510  539  560  538
        166              3              511  513  563  561  512  540  562  539
        167              3              513  515  565  563  514  541  564  540
        168              3              515  517  567  565  516  542  566  541
        169              3              517  519  569  567  518  543  568  542
        170              3              519  521  571  569  520  544  570  543
        171              3              521  523  573  571  522  545  572  544
        172              3              523  525  575  573  524  546  574  545
        173              3              525  527  577  575  526  547  576  546
        174              3              527  529  579  577  528  548  578  547
        175              3              529  531  581  579  530  549  580  548
        176              3              531  533  583  581  532  550  582  549
        177              3              551  553  603  601  552  585  602  584
        178              3              553  555  605  603  554  586  604  585
        179              3              555  557  607  605  556  587  606  586
        180              3              557  559  609  607  558  588  608  587
        181              3              559  561  611  609  560  589  610  588
        182              3              561  563  613  611  562  590  612  589
        183              3              563  565  615  613  564  591  614  590
        184              3              565  567  617  615  566  592  616  591
        185              3              567  569  619  617  568  593  618  592
        186              3              569  571  621  619  570  594  620  593
        187              3              571  573  623  621  572  595  622  594
        188              3              573  575  625  623  574  596  624  595
        189              3              575  577  627  625  576  597  626  596
        190              3              577  579  629  627  578  598  628  597
        191              3              579  581  631  629  580  599  630  598
        192              3              581  583  633  631  582  600  632  599
        193              3              601  603  653  651  602  635  652  634
        194              3              603  605  655  653  604  636  654  635
        195              3              605  607  657  655  606  637  656  636
        196              3              607  609  659  657  608  638  658  637
        197              3              609  611  661  659  610  639  660  638
        198              3              611  613  663  661  612  640  662  639
        199              3              613  615  665  663  614  641  664  640
        200              3              615  617  667  665  616  642  666  641
        201              3              617  619  669  667  618  643  668  642
        202              3              619  621  671  669  620  644  670  643
        203              3              621  623  673  671  622  645  672  644
        204              3              623  625  675  673  624  646  674  645
        205              3              625  627  677  675  626  647  676  646
        206              3              627  629  679  677  628  648  678  647
        207              3              629  631  681  679  630  649  680  648
        208              3              631  633  683  681  632  650  682  649
        209              3              651  653  703  701  652  685  702  684
        210              3              653  655  705  703  654  686  704  685
        211              3              655  657  707  705  656  687  706  686
        212              3              657  659  709  707  658  688  708  687
        213              3              659  661  711  709  660  689  710  688
        214              3              661  663  713  711  662  690  712  689
        215              3              663  665  715  713  664  691  714  690
        216              3              665  667  717  715  666  692  716  691
        217              3              667  669  719  717  668  693  718  692
        218              3              669  671  721  719  670  694  720  693
        219              3              671  673  723  721  672  695  722  694
        220              3              673  675  725  723  674  696  724  695
        221              3              675  677  727  725  676  697  726  696
        222              3              677  679  729  727  678  698  728  697
        223              3              679  681  731  729  680  699  730  698
        224              3              681  683  733  731  682  700  732  699
        225              3              701  703  753  751  702  735  752  734
        226              3              703  705  755  753  704  736  754  735
        227              3              705  707  757  755  706  737  756  736
        228              3              707  709  759  757  708  738  758  737
        229              3              709  711  761  759  710  739  760  738
        230              3              711  713  763  761  712  740  762  739
        231              3              713  715  765  763  714  741  764  740
        232              3              715  717  767  765  716  742  766  741
        233              3              717  719  769  767  718  743  768  742
        234              3              719  721  771  769  720  744  770  743
        235              3              721  723  773  771  722  745  772  744
        236              3              723  725  775  773  724  746  774  745
        237              3              725  727  777  775  726  747  776  746
        238              3              727  729  779  777  728  748  778  747
        239              3              729  731  781  779  730  749  780  748
        240              3              731  733  783  781  732  750  782  749
        241              3              751  753  803  801  752  785  802  784
        242              3              753  755  805  803  754  786  804  785
        243              3              755  757  807  805  756  787  806  786
        244              3              757  759  809  807  758  788  808  787
        245              3              759  761  811  809  760  789  810  788
        246              3              761  763  813  811  762  790  812  789
        247              3              763  765  815  813  764  791  814  790
        248              3              765  767  817  815  766  792  816  791
        249              3              767  769  819  817  768  793  818  792
        250              3              769  771  821  819  770  794  820  793
        251              3              771  773  823  821  772  795  822  794
        252              3              773  775  825  823  774  796  824  795
        253              3              775  777  827  825  776  797  826  796
        254              3              777  779  829  827  778  798  828  797
        255              3              779  781  831  829  780  799  830  798
        256              3              781  783  833  831  782  800  832  799
        257              3              801  803  853  851  802  835  852  834
        258              3              803  805  855  853  804  836  854  835
        259              3              805  807  857  855  806  837  856  836
        260              3              807  809  859  857  808  838  858  837
        261              3              809  811  861  859  810  839  860  838
        262              3              811  813  863  861  812  840  862  839
        263              3              813  815  865  863  814  841  864  840
        264              3              815  817  867  865  816  842  866  841
        265              3              817  819  869  867  818  843  868  842
        266              3              819  821  871  869  820  844  870  843
        267              3              821  823  873  871  822  845  872  844
        268              3              823  825  875  873  824  846  874  845
        269              3              825  827  877  875  826  847  876  846
        270              3              827  829  879  877  828  848  878  847
        271              3              829  831  881  879  830  849  880  848
        272              3              831  833  883  881  832  850  882  849
        273              3              851  853  903  901  852  885  902  884
        274              3              853  855  905  903  854  886  904  885
        275              3              855  857  907  905  856  887  906  886
        276              3              857  859  909  907  858  888  908  887
        277              3              859  861  911  909  860  889  910  888
        278              3              861  863  913  911  862  890  912  889
        279              3              863  865  915  913  864  891  914  890
        280              3              865  867  917  915  866  892  916  891
        281              3              867  869  919  917  868  893  918  892
        282              3              869  871  921  919  870  894  920  893
        283              3              871  873  923  921  872  895  922  894
        284              3              873  875  925  923  874  896  924  895
        285              3              875  877  927  925  876  897  926  896
        286              3              877  879  929  927  878  898  928  897
        287              3              879  881  931  929  880  899  930  898
        288              3              881  883  933  931  882  900  932  899
        289              3              901  903  953  951  902  935  952  934
        290              3              903  905  955  953  904  936  954  935
        291              3              905  907  957  955  906  937  956  936
        292              3              907  909  959  957  908  938  958  937
        293              3              909  911  961  959  910  939  960  938
        294              3              911  913  963  961  912  940  962  939
        295              3              913  915  965  963  914  941  964  940
        296              3              915  917  967  965  916  942  966  941
        297              3              917  919  969  967  918  943  968  942
        298              3              919  921  971  969  920  944  970  943
        299              3              921  923  973  971  922  945  972  944
        300              3              923  925  975  973  924  946  974  945
        301              3              925  927  977  975  926  947  976  946
        302              3              927  929  979  977  928  948  978  947
        303              3              929  931  981  979  930  949  980  948
        304              3              931  933  983  981  932  950  982  949
        305              3              951  953 1003 1001  952  985 1002  984
        306              3              953  955 1005 1003  954  986 1004  985
        307              3              955  957 1007 1005  956  987 1006  986
        308              3              957  959 1009 1007  958  988 1008  987
        309              3              959  961 1011 1009  960  989 1010  988
        310              3              961  963 1013 1011  962  990 1012  989
        311              3              963  965 1015 1013  964  991 1014  990
        312              3              965  967 1017 1015  966  992 1016  991
        313              3              967  969 1019 1017  968  993 1018  992
        314              3              969  971 1021 1019  970  994 1020  993
        315              3              971  973 1023 1021  972  995 1022  994
        316              3              973  975 1025 1023  974  996 1024  995
        317              3              975  977 1027 1025  976  997 1026  996
        318              3              977  979 1029 1027  978  998 1028  997
        319              3              979  981 1031 1029  980  999 1030  998
        320              3              981  983 1033 1031  982 1000 1032  999
        321              3             1001 1003 1053 1051 1002 1035 1052 1034
        322              3             1003 1005 1055 1053 1004 1036 1054 1035
        323              3             1005 1007 1057 1055 1006 1037 1056 1036
        324              3             1007 1009 1059 1057 1008 1038 1058 1037
        325              3             1009 1011 1061 1059 1010 1039 1060 1038
        326              3             1011 1013 1063 1061 1012 1040 1062 1039
        327              3             1013 1015 1065 1063 1014 1041 1064 1040
        328              3             1015 1017 1067 1065 1016 1042 1066 1041
        329              3             1017 1019 1069 1067 1018 1043 1068 1042
        330              3             1019 1021 1071 1069 1020 1044 1070 1043
        331              3             1021 1023 1073 1071 1022 1045 1072 1044
        332              3             1023 1025 1075 1073 1024 1046 1074 1045
        333              3             1025 1027 1077 1075 1026 1047 1076 1046
        334              3             1027 1029 1079 1077 1028 1048 1078 1047
        335              3             1029 1031 1081 1079 1030 1049 1080 1048
        336              3             1031 1033 1083 1081 1032 1050 1082 1049
        337              3             1051 1053 1103 1101 1052 1085 1102 1084
        338              3             1053 1055 1105 1103 1054 1086 1104 1085
        339              3             1055 1057 1107 1105 1056 1087 1106 1086
        340              3             1057 1059 1109 1107 1058 1088 1108 1087
        341              3             1059 1061 1111 1109 1060 1089 1110 1088
        342              3             1061 1063 1113 1111 1062 1090 1112 1089
        343              3             1063 1065 1115 1113 1064 1091 1114 1090
        344              3             1065 1067 1117 1115 1066 1092 1116 1091
        345              3             1067 1069 1119 1117 1068 1093 1118 1092
        346              3             1069 1071 1121 1119 1070 1094 1120 1093
        347              3             1071 1073 1123 1121 1072 1095 1122 1094
        348              3             1073 1075 1125 1123 1074 1096 1124 1095
        349              3             1075 1077 1127 1125 1076 1097 1126 1096
        350              3             1077 1079 1129 1127 1078 1098 1128 1097
        351              3             1079 1081 1131 1129 1080 1099 1130 1098
        352              3             1081 1083 1133 1131 1082 1100 1132 1099
        353              3             1101 1103 1153 1151 1102 1135 1152 1134
        354              3             1103 1105 1155 1153 1104 1136 1154 1135
        355              3             1105 1107 1157 1155 1106 1137 1156 1136
        356              3             1107 1109 1159 1157 1108 1138 1158 1137
        357              3             1109 1111 1161 1159 1110 1139 1160 1138
        358              3             1111 1113 1163 1161 1112 1140 1162 1139
        359              3             1113 1115 1165 1163 1114 1141 1164 1140
        360              3             1115 1117 1167 1165 1116 1142 1166 1141
        361              3             1117 1119 1169 1167 1118 1143 1168 1142
        362              3             1119 1121 1171 1169 1120 1144 1170 1143
        363              3             1121 1123 1173 1171 1122 1145 1172 1144
        364              3             1123 1125 1175 1173 1124 1146 1174 1145
        365              3             1125 1127 1177 1175 1126 1147 1176 1146
        366              3             1127 1129 1179 1177 1128 1148 1178 1147
        367              3             1129 1131 1181 1179 1130 1149 1180 1148
        368              3             1131 1133 1183 1181 1132 1150 1182 1149
        369              3             1151 1153 1203 1201 1152 1185 1202 1184
        370              3             1153 1155 1205 1203 1154 1186 1204 1185
        371              3             1155 1157 1207 1205 1156 1187 1206 1186
        372              3             1157 1159 1209 1207 1158 1188 1208 1187
        373              3             1159 1161 1211 1209 1160 1189 1210 1188
        374              3             1161 1163 1213 1211 1162 1190 1212 1189
        375              3             1163 1165 1215 1213 1164 1191 1214 1190
        376              3             1165 1167 1217 1215 1166 1192 1216 1191
        377              3             1167 1169 1219 1217 1168 1193 1218 1192
        378              3             1169 1171 1221 1219 1170 1194 1220 1193
        379              3             1171 1173 1223 1221 1172 1195 1222 1194
        380              3             1173 1175 1225 1223 1174 1196 1224 1195
        381              3             1175 1177 1227 1225 1176 1197 1226 1196
        382              3             1177 1179 1229 1227 1178 1198 1228 1197
        383              3             1179 1181 1231 1229 1180 1199 1230 1198
        384              3             1181 1183 1233 1231 1182 1200 1232 1199
        385              3             1201 1203 1253 1251 1202 1235 1252 1234
        386              3             1203 1205 1255 1253 1204 1236 1254 1235
        387              3             1205 1207 1257 1255 1206 1237 1256 1236
        388              3             1207 1209 1259 1257 1208 1238 1258 1237
        389              3             1209 1211 1261 1259 1210 1239 1260 1238
        390              3             1211 1213 1263 1261 1212 1240 1262 1239
        391              3             1213 1215 1265 1263 1214 1241 1264 1240
        392              3             1215 1217 1267 1265 1216 1242 1266 1241
        393              3             1217 1219 1269 1267 1218 1243 1268 1242
        394              3             1219 1221 1271 1269 1220 1244 1270 1243
        395              3             1221 1223 1273 1271 1222 1245 1272 1244
        396              3             1223 1225 1275 1273 1224 1246 1274 1245
        397              3             1225 1227 1277 1275 1226 1247 1276 1246
        398              3             1227 1229 1279 1277 1228 1248 1278 1247
        399              3             1229 1231 1281 1279 1230 1249 1280 1248
        400              3             1231 1233 1283 1281 1232 1250 1282 1249
        401              3             1251 1253 1303 1301 1252 1285 1302 1284
        402              3             1253 1255 1305 1303 1254 1286 1304 1285
        403              3             1255 1257 1307 1305 1256 1287 1306 1286
        404              3             1257 1259 1309 1307 1258 1288 1308 1287
        405              3             1259 1261 1311 1309 1260 1289 1310 1288
        406              3             1261 1263 1313 1311 1262 1290 1312 1289
        407              3             1263 1265 1315 1313 1264 1291 1314 1290
        408              3             1265 1267 1317 1315 1266 1292 1316 1291
        409              3             1267 1269 1319 1317 1268 1293 1318 1292
        410              3             1269 1271 1321 1319 1270 1294 1320 1293
        411              3             1271 1273 1323 1321 1272 1295 1322 1294
        412              3             1273 1275 1325 1323 1274 1296 1324 1295
        413              3             1275 1277 1327 1325 1276 1297 1326 1296
        414              3             1277 1279 1329 1327 1278 1298 1328 1297
        415              3             1279 1281 1331 1329 1280 1299 1330 1298
        416              3             1281 1283 1333 1331 1282 1300 1332 1299
        417              3             1301 1303 1353 1351 1302 1335 1352 1334
        418              3             1303 1305 1355 1353 1304 1336 1354 1335
        419              3             1305 1307 1357 1355 1306 1337 1356 1336
        420              3             1307 1309 1359 1357 1308 1338 1358 1337
        421              3             1309 1311 1361 1359 1310 1339 1360 1338
        422              3             1311 1313 1363 1361 1312 1340 1362 1339
        423              3             1313 1315 1365 1363 1314 1341 1364 1340
        424              3             1315 1317 1367 1365 1316 1342 1366 1341
        425              3             1317 1319 1369 1367 1318 1343 1368 1342
        426              3             1319 1321 1371 1369 1320 1344 1370 1343
        427              3             1321 1323 1373 1371 1322 1345 1372 1344
        428              3             1323 1325 1375 1373 1324 1346 1374 1345
        429              3             1325 1327 1377 1375 1326 1347 1376 1346
        430              3             1327 1329 1379 1377 1328 1348 1378 1347
        431              3             1329 1331 1381 1379 1330 1349 1380 1348
        432              3             1331 1333 1383 1381 1332 1350 1382 1349
        433              3             1351 1353 1403 1401 1352 1385 1402 1384
        434              3             1353 1355 1405 1403 1354 1386 1404 1385
        435              3             1355 1357 1407 1405 1356 1387 1406 1386
        436              3             1357 1359 1409 1407 1358 1388 1408 1387
        437              3             1359 1361 1411 1409 1360 1389 1410 1388
        438              3             1361 1363 1413 1411 1362 1390 1412 1389
        439              3             1363 1365 1415 1413 1364 1391 1414 1390
        440              3             1365 1367 1417 1415 1366 1392 1416 1391
        441              3             1367 1369 1419 1417 1368 1393 1418 1392
        442              3             1369 1371 1421 1419 1370 1394 1420 1393
        443              3             1371 1373 1423 1421 1372 1395 1422 1394
        444              3             1373 1375 1425 1423 1374 1396 1424 1395
        445              3             1375 1377 1427 1425 1376 1397 1426 1396
        446              3             1377 1379 1429 1427 1378 1398 1428 1397
        447              3             1379 1381 1431 1429 1380 1399 1430 1398
        448              3             1381 1383 1433 1431 1382 1400 1432 1399
        449              3             1401 1403 1453 1451 1402 1435 1452 1434
        450              3             1403 1405 1455 1453 1404 1436 1454 1435
        451              3             1405 1407 1457 1455 1406 1437 1456 1436
        452              3             1407 1409 1459 1457 1408 1438 1458 1437
        453              3             1409 1411 1461 1459 1410 1439 1460 1438
        454              3             1411 1413 1463 1461 1412 1440 1462 1439
        455              3             1413 1415 1465 1463 1414 1441 1464 1440
        456              3             1415 1417 1467 1465 1416 1442 1466 1441
        457              3             1417 1419 1469 1467 1418 1443 1468 1442
        458              3             1419 1421 1471 1469 1420 1444 1470 1443
        459              3             1421 1423 1473 1471 1422 1445 1472 1444
        460              3             1423 1425 1475 1473 1424 1446 1474 1445
        461              3             1425 1427 1477 1475 1426 1447 1476 1446
        462              3             1427 1429 1479 1477 1428 1448 1478 1447
        463              3             1429 1431 1481 1479 1430 1449 1480 1448
        464              3             1431 1433 1483 1481 1432 1450 1482 1449
        465              3             1451 1453 1503 1501 1452 1485 1502 1484
        466              3             1453 1455 1505 1503 1454 1486 1504 1485
        467              3             1455 1457 1507 1505 1456 1487 1506 1486
        468              3             1457 1459 1509 1507 1458 1488 1508 1487
        469              3             1459 1461 1511 1509 1460 1489 1510 1488
        470              3             1461 1463 1513 1511 1462 1490 1512 1489
        471              3             1463 1465 1515 1513 1464 1491 1514 1490
        472              3             1465 1467 1517 1515 1466 1492 1516 1491
        473              3             1467 1469 1519 1517 1468 1493 1518 1492
        474              3             1469 1471 1521 1519 1470 1494 1520 1493
        475              3             1471 1473 1523 1521 1472 1495 1522 1494
        476              3             1473 1475 1525 1523 1474 1496 1524 1495
        477              3             1475 1477 1527 1525 1476 1497 1526 1496
        478              3             1477 1479 1529 1527 1478 1498 1528 1497
        479              3             1479 1481 1531 1529 1480 1499 1530 1498
        480              3             1481 1483 1533 1531 1482 1500 1532 1499
        481              3             1501 1503 1553 1551 1502 1535 1552 1534
        482              3             1503 1505 1555 1553 1504 1536 1554 1535
        483              3             1505 1507 1557 1555 1506 1537 1556 1536
        484              3             1507 1509 1559 1557 1508 1538 1558 1537
        485              3             1509 1511 1561 1559 1510 1539 1560 1538
        486              3             1511 1513 1563 1561 1512 1540 1562 1539
        487              3             1513 1515 1565 1563 1514 1541 1564 1540
        488              3             1515 1517 1567 1565 1516 1542 1566 1541
        489              3             1517 1519 1569 1567 1518 1543 1568 1542
        490              3             1519 1521 1571 1569 1520 1544 1570 1543
        491              3             1521 1523 1573 1571 1522 1545 1572 1544
        492              3             1523 1525 1575 1573 1524 1546 1574 1545
        493              3             1525 1527 1577 1575 1526 1547 1576 1546
        494              3             1527 1529 1579 1577 1528 1548 1578 1547
        495              3             1529 1531 1581 1579 1530 1549 1580 1548
        496              3             1531 1533 1583 1581 1532 1550 1582 1549
        497              3             1551 1553 1603 1601 1552 1585 1602 1584
        498              3             1553 1555 1605 1603 1554 1586 1604 1585
        499              3             1555 1557 1607 1605 1556 1587 1606 1586
        500              3             1557 1559 1609 1607 1558 1588 1608 1587
        501              3             1559 1561 1611 1609 1560 1589 1610 1588
        502              3             1561 1563 1613 1611 1562 1590 1612 1589
        503              3             1563 1565 1615 1613 1564 1591 1614 1590
        504              3             1565 1567 1617 1615 1566 1592 1616 1591
        505              3             1567 1569 1619 1617 1568 1593 1618 1592
        506              3             1569 1571 1621 1619 1570 1594 1620 1593
        507              3             1571 1573 1623 1621 1572 1595 1622 1594
        508              3             1573 1575 1625 1623 1574 1596 1624 1595
        509              3             1575 1577 1627 1625 1576 1597 1626 1596
        510              3             1577 1579 1629 1627 1578 1598 1628 1597
        511              3             1579 1581 1631 1629 1580 1599 1630 1598
        512              3             1581 1583 1633 1631 1582 1600 1632 1599
        513              3             1601 1603 1653 1651 1602 1635 1652 1634
        514              3             1603 1605 1655 1653 1604 1636 1654 1635
        515              3             1605 1607 1657 1655 1606 1637 1656 1636
        516              3             1607 1609 1659 1657 1608 1638 1658 1637
        517              3             1609 1611 1661 1659 1610 1639 1660 1638
        518              3             1611 1613 1663 1661 1612 1640 1662 1639
        519              3             1613 1615 1665 1663 1614 1641 1664 1640
        520              3             1615 1617 1667 1665 1616 1642 1666 1641
        521              3             1617 1619 1669 1667 1618 1643 1668 1642
        522              3             1619 1621 1671 1669 1620 1644 1670 1643
        523              3             1621 1623 1673 1671 1622 1645 1672 1644
        524              3             1623 1625 1675 1673 1624 1646 1674 1645
        525              3             1625 1627 1677 1675 1626 1647 1676 1646
        526              3             1627 1629 1679 1677 1628 1648 1678 1647
        527              3             1629 1631 1681 1679 1630 1649 1680 1648
        528              3             1631 1633 1683 1681 1632 1650 1682 1649
        529              3             1651 1653 1703 1701 1652 1685 1702 1684
        530              3             1653 1655 1705 1703 1654 1686 1704 1685
        531              3             1655 1657 1707 1705 1656 1687 1706 1686
        532              3             1657 1659 1709 1707 1658 1688 1708 1687
        533              3             1659 1661 1711 1709 1660 1689 1710 1688
        534              3             1661 1663 1713 1711 1662 1690 1712 1689
        535              3             1663 1665 1715 1713 1664 1691 1714 1690
        536              3             1665 1667 1717 1715 1666 1692 1716 1691
        537              3             1667 1669 1719 1717 1668 1693 1718 1692
        538              3             1669 1671 1721 1719 1670 1694 1720 1693
        539              3             1671 1673 1723 1721 1672 1695 1722 1694
        540              3             1673 1675 1725 1723 1674 1696 1724 1695
        541              3             1675 1677 1727 1725 1676 1697 1726 1696
        542              3             1677 1679 1729 1727 1678 1698 1728 1697
        543              3             1679 1681 1731 1729 1680 1699 1730 1698
        544              3             1681 1683 1733 1731 1682 1700 1732 1699
        545              3             1701 1703 1753 1751 1702 1735 1752 1734
        546              3             1703 1705 1755 1753 1704 1736 1754 1735
        547              3             1705 1707 1757 1755 1706 1737 1756 1736
        548              3             1707 1709 1759 1757 1708 1738 1758 1737
        549              3             1709 1711 1761 1759 1710 1739 1760 1738
        550              3             1711 1713 1763 1761 1712 1740 1762 1739
        551              3             1713 1715 1765 1763 1714 1741 1764 1740
        552              3             1715 1717 1767 1765 1716 1742 1766 1741
        553              3             1717 1719 1769 1767 1718 1743 1768 1742
        554              3             1719 1721 1771 1769 1720 1744 1770 1743
        555              3             1721 1723 1773 1771 1722 1745 1772 1744
        556              3             1723 1725 1775 1773 1724 1746 1774 1745
        557              3             1725 1727 1777 1775 1726 1747 1776 1746
        558              3             1727 1729 1779 1777 1728 1748 1778 1747
        559              3             1729 1731 1781 1779 1730 1749 1780 1748
        560              3             1731 1733 1783 1781 1732 1750 1782 1749
        561              2             1817 1819 1869 1867 1818 1851 1868 1850
        562              2             1819 1821 1871 1869 1820 1852 1870 1851
        563              2             1821 1823 1873 1871 1822 1853 1872 1852
        564              2             1823 1825 1875 1873 1824 1854 1874 1853
        565              2             1825 1827 1877 1875 1826 1855 1876 1854
        566              2             1827 1829 1879 1877 1828 1856 1878 1855
        567              2             1829 1831 1881 1879 1830 1857 1880 1856
        568              2             1831 1833 1883 1881 1832 1858 1882 1857
        569              2             1833 1835 1885 1883 1834 1859 1884 1858
        570              2             1835 1837 1887 1885 1836 1860 1886 1859
        571              2             1837 1839 1889 1887 1838 1861 1888 1860
        572              2             1839 1841 1891 1889 1840 1862 1890 1861
        573              2             1841 1843 1893 1891 1842 1863 1892 1862
        574              2             1843 1845 1895 1893 1844 1864 1894 1863
        575              2             1845 1847 1897 1895 1846 1865 1896 1864
        576              2             1847 1849 1899 1897 1848 1866 1898 1865
        577              2             1867 1869 1919 1917 1868 1901 1918 1900
        578              2             1869 1871 1921 1919 1870 1902 1920 1901
        579              2             1871 1873 1923 1921 1872 1903 1922 1902
        580              2             1873 1875 1925 1923 1874 1904 1924 1903
        581              2             1875 1877 1927 1925 1876 1905 1926 1904
        582              2             1877 1879 1929 1927 1878 1906 1928 1905
        583              2             1879 1881 1931 1929 1880 1907 1930 1906
        584              2             1881 1883 1933 1931 1882 1908 1932 1907
        585              2             1883 1885 1935 1933 1884 1909 1934 1908
        586              2             1885 1887 1937 1935 1886 1910 1936 1909
        587              2             1887 1889 1939 1937 1888 1911 1938 1910
        588              2             1889 1891 1941 1939 1890 1912 1940 1911
        589              2             1891 1893 1943 1941 1892 1913 1942 1912
        590              2             1893 1895 1945 1943 1894 1914 1944 1913
        591              2             1895 1897 1947 1945 1896 1915 1946 1914
        592              2             1897 1899 1949 1947 1898 1916 1948 1915
        593              2             1917 1919 1969 1967 1918 1951 1968 1950
        594              2             1919 1921 1971 1969 1920 1952 1970 1951
        595              2             1921 1923 1973 1971 1922 1953 1972 1952
        596              2             1923 1925 1975 1973 1924 1954 1974 1953
        597              2             1925 1927 1977 1975 1926 1955 1976 1954
        598              2             1927 1929 1979 1977 1928 1956 1978 1955
        599              2             1929 1931 1981 1979 1930 1957 1980 1956
        600              2             1931 1933 1983 1981 1932 1958 1982 1957
        601              2             1933 1935 1985 1983 1934 1959 1984 1958
        602              2             1935 1937 1987 1985 1936 1960 1986 1959
        603              2             1937 1939 1989 1987 1938 1961 1988 1960
        604              2             1939 1941 1991 1989 1940 1962 1990 1961
        605              2             1941 1943 1993 1991 1942 1963 1992 1962
        606              2             1943 1945 1995 1993 1944 1964 1994 1963
        607              2             1945 1947 1997 1995 1946 1965 1996 1964
        608              2             1947 1949 1999 1997 1948 1966 1998 1965
        609              2             1967 1969 2019 2017 1968 2001 2018 2000
        610              2             1969 1971 2021 2019 1970 2002 2020 2001
        611              2             1971 1973 2023 2021 1972 2003 2022 2002
        612              2             1973 1975 2025 2023 1974 2004 2024 2003
        613              2             1975 1977 2027 2025 1976 2005 2026 2004
        614              2             1977 1979 2029 2027 1978 2006 2028 2005
        615              2             1979 1981 2031 2029 1980 2007 2030 2006
        616              2             1981 1983 2033 2031 1982 2008 2032 2007
        617              2             1983 1985 2035 2033 1984 2009 2034 2008
        618              2             1985 1987 2037 2035 1986 2010 2036 2009
        619              2             1987 1989 2039 2037 1988 2011 2038 2010
        620              2             1989 1991 2041 2039 1990 2012 2040 2011
        621              2             1991 1993 2043 2041 1992 2013 2042 2012
        622              2             1993 1995 2045 2043 1994 2014 2044 2013
        623              2             1995 1997 2047 2045 1996 2015 2046 2014
        624              2             1997 1999 2049 2047 1998 2016 2048 2015
        625              2             2017 2019 2069 2067 2018 2051 2068 2050
        626              2             2019 2021 2071 2069 2020 2052 2070 2051
        627              2             2021 2023 2073 2071 2022 2053 2072 2052
        628              2             2023 2025 2075 2073 2024 2054 2074 2053
        629              2             2025 2027 2077 2075 2026 2055 2076 2054
        630              2             2027 2029 2079 2077 2028 2056 2078 2055
        631              2             2029 2031 2081 2079 2030 2057 2080 2056
        632              2             2031 2033 2083 2081 2032 2058 2082 2057
        633              2             2033 2035 2085 2083 2034 2059 2084 2058
        634              2             2035 2037 2087 2085 2036 2060 2086 2059
        635              2             2037 2039 2089 2087 2038 2061 2088 2060
        636              2             2039 2041 2091 2089 2040 2062 2090 2061
        637              2             2041 2043 2093 2091 2042 2063 2092 2062
        638              2             2043 2045 2095 2093 2044 2064 2094 2063
        639              2             2045 2047 2097 2095 2046 2065 2096 2064
        640              2             2047 2049 2099 2097 2048 2066 2098 2065
        641              2             2067 2069 2119 2117 2068 2101 2118 2100
        642              2             2069 2071 2121 2119 2070 2102 2120 2101
        643              2             2071 2073 2123 2121 2072 2103 2122 2102
        644              2             2073 2075 2125 2123 2074 2104 2124 2103
        645              2             2075 2077 2127 2125 2076 2105 2126 2104
        646              2             2077 2079 2129 2127 2078 2106 2128 2105
        647              2             2079 2081 2131 2129 2080 2107 2130 2106
        648              2             2081 2083 2133 2131 2082 2108 2132 2107
        649              2             2083 2085 2135 2133 2084 2109 2134 2108
        650              2             2085 2087 2137 2135 2086 2110 2136 2109
        651              2             2087 2089 2139 2137 2088 2111 2138 2110
        652              2             2089 2091 2141 2139 2090 2112 2140 2111
        653              2             2091 2093 2143 2141 2092 2113 2142 2112
        654              2             2093 2095 2145 2143 2094 2114 2144 2113
        655              2             2095 2097 2147 2145 2096 2115 2146 2114
        656              2             2097 2099 2149 2147 2098 2116 2148 2115
        657              2             2117 2119 2169 2167 2118 2151 2168 2150
        658              2             2119 2121 2171 2169 2120 2152 2170 2151
        659              2             2121 2123 2173 2171 2122 2153 2172 2152
        660              2             2123 2125 2175 2173 2124 2154 2174 2153
        661              2             2125 2127 2177 2175 2126 2155 2176 2154
        662              2             2127 2129 2179 2177 2128 2156 2178 2155
        663              2             2129 2131 2181 2179 2130 2157 2180 2156
        664              2             2131 2133 2183 2181 2132 2158 2182 2157
        665              2             2133 2135 2185 2183 2134 2159 2184 2158
        666              2             2135 2137 2187 2185 2136 2160 2186 2159
        667              2             2137 2139 2189 2187 2138 2161 2188 2160
        668              2             2139 2141 2191 2189 2140 2162 2190 2161
        669              2             2141 2143 2193 2191 2142 2163 2192 2162
        670              2             2143 2145 2195 2193 2144 2164 2194 2163
        671              2             2145 2147 2197 2195 2146 2165 2196 2164
        672              2             2147 2149 2199 2197 2148 2166 2198 2165
        673              2             2167 2169 2219 2217 2168 2201 2218 2200
        674              2             2169 2171 2221 2219 2170 2202 2220 2201
        675              2             2171 2173 2223 2221 2172 2203 2222 2202
        676              2             2173 2175 2225 2223 2174 2204 2224 2203
        677              2             2175 2177 2227 2225 2176 2205 2226 2204
        678              2             2177 2179 2229 2227 2178 2206 2228 2205
        679              2             2179 2181 2231 2229 2180 2207 2230 2206
        680              2             2181 2183 2233 2231 2182 2208 2232 2207
        681              2             2183 2185 2235 2233 2184 2209 2234 2208
        682              2             2185 2187 2237 2235 2186 2210 2236 2209
        683              2             2187 2189 2239 2237 2188 2211 2238 2210
        684              2             2189 2191 2241 2239 2190 2212 2240 2211
        685              2             2191 2193 2243 2241 2192 2213 2242 2212
        686              2             2193 2195 2245 2243 2194 2214 2244 2213
        687              2             2195 2197 2247 2245 2196 2215 2246 2214
        688              2             2197 2199 2249 2247 2198 2216 2248 2215
        689              2             2217 2219 2269 2267 2218 2251 2268 2250
        690              2             2219 2221 2271 2269 2220 2252 2270 2251
        691              2             2221 2223 2273 2271 2222 2253 2272 2252
        692              2             2223 2225 2275 2273 2224 2254 2274 2253
        693              2             2225 2227 2277 2275 2226 2255 2276 2254
        694              2             2227 2229 2279 2277 2228 2256 2278 2255
        695              2             2229 2231 2281 2279 2230 2257 2280 2256
        696              2             2231 2233 2283 2281 2232 2258 2282 2257
        697              2             2233 2235 2285 2283 2234 2259 2284 2258
        698              2             2235 2237 2287 2285 2236 2260 2286 2259
        699              2             2237 2239 2289 2287 2238 2261 2288 2260
        700              2             2239 2241 2291 2289 2240 2262 2290 2261
        701              2             2241 2243 2293 2291 2242 2263 2292 2262
        702              2             2243 2245 2295 2293 2244 2264 2294 2263
        703              2             2245 2247 2297 2295 2246 2265 2296 2264
        704              2             2247 2249 2299 2297 2248 2266 2298 2265
        705              2             2267 2269 2319 2317 2268 2301 2318 2300
        706              2             2269 2271 2321 2319 2270 2302 2320 2301
        707              2             2271 2273 2323 2321 2272 2303 2322 2302
        708              2             2273 2275 2325 2323 2274 2304 2324 2303
        709              2             2275 2277 2327 2325 2276 2305 2326 2304
        710              2             2277 2279 2329 2327 2278 2306 2328 2305
        711              2             2279 2281 2331 2329 2280 2307 2330 2306
        712              2             2281 2283 2333 2331 2282 2308 2332 2307
        713              2             2283 2285 2335 2333 2284 2309 2334 2308
        714              2             2285 2287 2337 2335 2286 2310 2336 2309
        715              2             2287 2289 2339 2337 2288 2311 2338 2310
        716              2             2289 2291 2341 2339 2290 2312 2340 2311
        717              2             2291 2293 2343 2341 2292 2313 2342 2312
        718              2             2293 2295 2345 2343 2294 2314 2344 2313
        719              2             2295 2297 2347 2345 2296 2315 2346 2314
        720              2             2297 2299 2349 2347 2298 2316 2348 2315
        721              2             2317 2319 2369 2367 2318 2351 2368 2350
        722              2             2319 2321 2371 2369 2320 2352 2370 2351
        723              2             2321 2323 2373 2371 2322 2353 2372 2352
        724              2             2323 2325 2375 2373 2324 2354 2374 2353
        725              2             2325 2327 2377 2375 2326 2355 2376 2354
        726              2             2327 2329 2379 2377 2328 2356 2378 2355
        727              2             2329 2331 2381 2379 2330 2357 2380 2356
        728              2             2331 2333 2383 2381 2332 2358 2382 2357
        729              2             2333 2335 2385 2383 2334 2359 2384 2358
        730              2             2335 2337 2387 2385 2336 2360 2386 2359
        731              2             2337 2339 2389 2387 2338 2361 2388 2360
        732              2             2339 2341 2391 2389 2340 2362 2390 2361
        733              2             2341 2343 2393 2391 2342 2363 2392 2362
        734              2             2343 2345 2395 2393 2344 2364 2394 2363
        735              2             2345 2347 2397 2395 2346 2365 2396 2364
        736              2             2347 2349 2399 2397 2348 2366 2398 2365
        737              2             2367 2369 2419 2417 2368 2401 2418 2400
        738              2             2369 2371 2421 2419 2370 2402 2420 2401
        739              2             2371 2373 2423 2421 2372 2403 2422 2402
        740              2             2373 2375 2425 2423 2374 2404 2424 2403
        741              2             2375 2377 2427 2425 2376 2405 2426 2404
        742              2             2377 2379 2429 2427 2378 2406 2428 2405
        743              2             2379 2381 2431 2429 2380 2407 2430 2406
        744              2             2381 2383 2433 2431 2382 2408 2432 2407
        745              2             2383 2385 2435 2433 2384 2409 2434 2408
        746              2             2385 2387 2437 2435 2386 2410 2436 2409
        747              2             2387 2389 2439 2437 2388 2411 2438 2410
        748              2             2389 2391 2441 2439 2390 2412 2440 2411
        749              2             2391 2393 2443 2441 2392 2413 2442 2412
        750              2             2393 2395 2445 2443 2394 2414 2444 2413
        751              2             2395 2397 2447 2445 2396 2415 2446 2414
        752              2             2397 2399 2449 2447 2398 2416 2448 2415
        753              1             2417 2419 2469 2467 2418 2451 2468 2450
        754              1             2419 2421 2471 2469 2420 2452 2470 2451
        755              1             2421 2423 2473 2471 2422 2453 2472 2452
        756              1             2423 2425 2475 2473 2424 2454 2474 2453
        757              1             2425 2427 2477 2475 2426 2455 2476 2454
        758              1             2427 2429 2479 2477 2428 2456 2478 2455
        759              1             2429 2431 2481 2479 2430 2457 2480 2456
        760              1             2431 2433 2483 2481 2432 2458 2482 2457
        761              1             2433 2435 2485 2483 2434 2459 2484 2458
        762              1             2435 2437 2487 2485 2436 2460 2486 2459
        763              1             2437 2439 2489 2487 2438 2461 2488 2460
        764              1             2439 2441 2491 2489 2440 2462 2490 2461
        765              1             2441 2443 2493 2491 2442 2463 2492 2462
        766              1             2443 2445 2495 2493 2444 2464 2494 2463
        767              1             2445 2447 2497 2495 2446 2465 2496 2464
        768              1             2447 2449 2499 2497 2448 2466 2498 2465
        769              1             2467 2469 2519 2517 2468 2501 2518 2500
        770              1             2469 2471 2521 2519 2470 2502 2520 2501
        771              1             2471 2473 2523 2521 2472 2503 2522 2502
        772              1             2473 2475 2525 2523 2474 2504 2524 2503
        773              1             2475 2477 2527 2525 2476 2505 2526 2504
        774              1             2477 2479 2529 2527 2478 2506 2528 2505
        775              1             2479 2481 2531 2529 2480 2507 2530 2506
        776              1             2481 2483 2533 2531 2482 2508 2532 2507
        777              1             2483 2485 2535 2533 2484 2509 2534 2508
        778              1             2485 2487 2537 2535 2486 2510 2536 2509
        779              1             2487 2489 2539 2537 2488 2511 2538 2510
        780              1             2489 2491 2541 2539 2490 2512 2540 2511
        781              1             2491 2493 2543 2541 2492 2513 2542 2512
        782              1             2493 2495 2545 2543 2494 2514 2544 2513
        783              1             2495 2497 2547 2545 2496 2515 2546 2514
        784              1             2497 2499 2549 2547 2498 2516 2548 2515
        785              1             2517 2519 2569 2567 2518 2551 2568 2550
        786              1             2519 2521 2571 2569 2520 2552 2570 2551
        787              1             2521 2523 2573 2571 2522 2553 2572 2552
        788              1             2523 2525 2575 2573 2524 2554 2574 2553
        789              1             2525 2527 2577 2575 2526 2555 2576 2554
        790              1             2527 2529 2579 2577 2528 2556 2578 2555
        791              1             2529 2531 2581 2579 2530 2557 2580 2556
        792              1             2531 2533 2583 2581 2532 2558 2582 2557
        793              1             2533 2535 2585 2583 2534 2559 2584 2558
        794              1             2535 2537 2587 2585 2536 2560 2586 2559
        795              1             2537 2539 2589 2587 2538 2561 2588 2560
        796              1             2539 2541 2591 2589 2540 2562 2590 2561
        797              1             2541 2543 2593 2591 2542 2563 2592 2562
        798              1             2543 2545 2595 2593 2544 2564 2594 2563
        799              1             2545 2547 2597 2595 2546 2565 2596 2564
        800              1             2547 2549 2599 2597 2548 2566 2598 2565


           1----2----3

      GEOGRID        ELEM NODES (1,2,3)

          1              1             1784 1785 1786
          2              1             1786 1787 1788
          3              1             1788 1789 1790
          4              1             1790 1791 1792
          5              1             1792 1793 1794
          6              1             1794 1795 1796
          7              1             1796 1797 1798
          8              1             1798 1799 1800
          9              1             1800 1801 1802
         10              1             1802 1803 1804
         11              1             1804 1805 1806
         12              1             1806 1807 1808
         13              1             1808 1809 1810
         14              1             1810 1811 1812
         15              1             1812 1813 1814
         16              1             1814 1815 1816


           2----4----6
           1----3----5

      INT.EL.        ELEM NODES (1,2,3,4,5,6)

          1             1751 1784 1752 1785 1753 1786
          2             1784 1817 1785 1818 1786 1819
          3             1753 1786 1754 1787 1755 1788
          4             1786 1819 1787 1820 1788 1821
          5             1755 1788 1756 1789 1757 1790
          6             1788 1821 1789 1822 1790 1823
          7             1757 1790 1758 1791 1759 1792
          8             1790 1823 1791 1824 1792 1825
          9             1759 1792 1760 1793 1761 1794
         10             1792 1825 1793 1826 1794 1827
         11             1761 1794 1762 1795 1763 1796
         12             1794 1827 1795 1828 1796 1829
         13             1763 1796 1764 1797 1765 1798
         14             1796 1829 1797 1830 1798 1831
         15             1765 1798 1766 1799 1767 1800
         16             1798 1831 1799 1832 1800 1833
         17             1767 1800 1768 1801 1769 1802
         18             1800 1833 1801 1834 1802 1835
         19             1769 1802 1770 1803 1771 1804
         20             1802 1835 1803 1836 1804 1837
         21             1771 1804 1772 1805 1773 1806
         22             1804 1837 1805 1838 1806 1839
         23             1773 1806 1774 1807 1775 1808
         24             1806 1839 1807 1840 1808 1841
         25             1775 1808 1776 1809 1777 1810
         26             1808 1841 1809 1842 1810 1843
         27             1777 1810 1778 1811 1779 1812
         28             1810 1843 1811 1844 1812 1845
         29             1779 1812 1780 1813 1781 1814
         30             1812 1845 1813 1846 1814 1847
         31             1781 1814 1782 1815 1783 1816
         32             1814 1847 1815 1848 1816 1849
