     ELEMENT   R-COORD  Z-COORD   MODULUS IN Z-DIR  MODULUS IN R-DIR
    --------   -------  -------   -----------------  -----------------
         1      0.50      64.00     0.949709E+04     0.949709E+04
         2      1.50      64.00     0.949709E+04     0.949709E+04
         3      2.50      64.00     0.949709E+04     0.949709E+04
         4      3.50      64.00     0.949710E+04     0.949710E+04
         5      4.25      64.00     0.949710E+04     0.949710E+04
         6      4.75      64.00     0.949709E+04     0.949709E+04
         7      5.50      64.00     0.949707E+04     0.949707E+04
         8      6.50      64.00     0.949704E+04     0.949704E+04
         9      7.50      64.00     0.949703E+04     0.949703E+04
        10      8.50      64.00     0.949700E+04     0.949700E+04
        11     10.00      64.00     0.949698E+04     0.949698E+04
        12     13.00      64.00     0.949693E+04     0.949693E+04
        13     19.00      64.00     0.949689E+04     0.949689E+04
        14     31.00      64.00     0.949685E+04     0.949685E+04
        15     55.00      64.00     0.949682E+04     0.949682E+04
        16    103.00      64.00     0.949680E+04     0.949680E+04
        17      0.50     192.00     0.952421E+04     0.952421E+04
        18      1.50     192.00     0.952420E+04     0.952420E+04
        19      2.50     192.00     0.952419E+04     0.952419E+04
        20      3.50     192.00     0.952419E+04     0.952419E+04
        21      4.25     192.00     0.952418E+04     0.952418E+04
        22      4.75     192.00     0.952418E+04     0.952418E+04
        23      5.50     192.00     0.952415E+04     0.952415E+04
        24      6.50     192.00     0.952411E+04     0.952411E+04
        25      7.50     192.00     0.952408E+04     0.952408E+04
        26      8.50     192.00     0.952405E+04     0.952405E+04
        27     10.00     192.00     0.952402E+04     0.952402E+04
        28     13.00     192.00     0.952398E+04     0.952398E+04
        29     19.00     192.00     0.952396E+04     0.952396E+04
        30     31.00     192.00     0.952393E+04     0.952393E+04
        31     55.00     192.00     0.952395E+04     0.952395E+04
        32    103.00     192.00     0.952398E+04     0.952398E+04
        33      0.50     288.00     0.953784E+04     0.953784E+04
        34      1.50     288.00     0.953786E+04     0.953786E+04
        35      2.50     288.00     0.953789E+04     0.953789E+04
        36      3.50     288.00     0.953793E+04     0.953793E+04
        37      4.25     288.00     0.953797E+04     0.953797E+04
        38      4.75     288.00     0.953803E+04     0.953803E+04
        39      5.50     288.00     0.953819E+04     0.953819E+04
        40      6.50     288.00     0.953838E+04     0.953838E+04
        41      7.50     288.00     0.953852E+04     0.953852E+04
        42      8.50     288.00     0.953864E+04     0.953864E+04
        43     10.00     288.00     0.953875E+04     0.953875E+04
        44     13.00     288.00     0.953893E+04     0.953893E+04
        45     19.00     288.00     0.953914E+04     0.953914E+04
        46     31.00     288.00     0.953930E+04     0.953930E+04
        47     55.00     288.00     0.953981E+04     0.953981E+04
        48    103.00     288.00     0.954142E+04     0.954142E+04
        49      0.50     336.00     0.953599E+04     0.953599E+04
        50      1.50     336.00     0.953598E+04     0.953598E+04
        51      2.50     336.00     0.953589E+04     0.953589E+04
        52      3.50     336.00     0.953574E+04     0.953574E+04
        53      4.25     336.00     0.953570E+04     0.953570E+04
        54      4.75     336.00     0.953577E+04     0.953577E+04
        55      5.50     336.00     0.953583E+04     0.953583E+04
        56      6.50     336.00     0.953585E+04     0.953585E+04
        57      7.50     336.00     0.953586E+04     0.953586E+04
        58      8.50     336.00     0.953592E+04     0.953592E+04
        59     10.00     336.00     0.953617E+04     0.953617E+04
        60     13.00     336.00     0.953631E+04     0.953631E+04
        61     19.00     336.00     0.953608E+04     0.953608E+04
        62     31.00     336.00     0.953541E+04     0.953541E+04
        63     55.00     336.00     0.953463E+04     0.953463E+04
        64    103.00     336.00     0.954266E+04     0.954266E+04
        65      0.50     360.00     0.954340E+04     0.954340E+04
        66      1.50     360.00     0.954335E+04     0.954335E+04
        67      2.50     360.00     0.954335E+04     0.954335E+04
        68      3.50     360.00     0.954335E+04     0.954335E+04
        69      4.25     360.00     0.954325E+04     0.954325E+04
        70      4.75     360.00     0.954301E+04     0.954301E+04
        71      5.50     360.00     0.954275E+04     0.954275E+04
        72      6.50     360.00     0.954271E+04     0.954271E+04
        73      7.50     360.00     0.954265E+04     0.954265E+04
        74      8.50     360.00     0.954254E+04     0.954254E+04
        75     10.00     360.00     0.954227E+04     0.954227E+04
        76     13.00     360.00     0.954158E+04     0.954158E+04
        77     19.00     360.00     0.953960E+04     0.953960E+04
        78     31.00     360.00     0.953476E+04     0.953476E+04
        79     55.00     360.00     0.952534E+04     0.952534E+04
        80    103.00     360.00     0.954370E+04     0.954370E+04
        81      0.50     372.00     0.955598E+04     0.955598E+04
        82      1.50     372.00     0.955604E+04     0.955604E+04
        83      2.50     372.00     0.955568E+04     0.955568E+04
        84      3.50     372.00     0.955470E+04     0.955470E+04
        85      4.25     372.00     0.955400E+04     0.955400E+04
        86      4.75     372.00     0.955387E+04     0.955387E+04
        87      5.50     372.00     0.955416E+04     0.955416E+04
        88      6.50     372.00     0.955436E+04     0.955436E+04
        89      7.50     372.00     0.955461E+04     0.955461E+04
        90      8.50     372.00     0.955466E+04     0.955466E+04
        91     10.00     372.00     0.955421E+04     0.955421E+04
        92     13.00     372.00     0.955282E+04     0.955282E+04
        93     19.00     372.00     0.954871E+04     0.954871E+04
        94     31.00     372.00     0.953800E+04     0.953800E+04
        95     55.00     372.00     0.951632E+04     0.951632E+04
        96    103.00     372.00     0.954394E+04     0.954394E+04
        97      0.50     379.00     0.956891E+04     0.956891E+04
        98      1.50     379.00     0.956892E+04     0.956892E+04
        99      2.50     379.00     0.956892E+04     0.956892E+04
       100      3.50     379.00     0.956902E+04     0.956902E+04
       101      4.25     379.00     0.956919E+04     0.956919E+04
       102      4.75     379.00     0.956965E+04     0.956965E+04
       103      5.50     379.00     0.956923E+04     0.956923E+04
       104      6.50     379.00     0.956883E+04     0.956883E+04
       105      7.50     379.00     0.956841E+04     0.956841E+04
       106      8.50     379.00     0.956789E+04     0.956789E+04
       107     10.00     379.00     0.956724E+04     0.956724E+04
       108     13.00     379.00     0.956494E+04     0.956494E+04
       109     19.00     379.00     0.955846E+04     0.955846E+04
       110     31.00     379.00     0.954174E+04     0.954174E+04
       111     55.00     379.00     0.950900E+04     0.950900E+04
       112    103.00     379.00     0.954385E+04     0.954385E+04
       113      0.50     384.00     0.958562E+04     0.958562E+04
       114      1.50     384.00     0.958555E+04     0.958555E+04
       115      2.50     384.00     0.958536E+04     0.958536E+04
       116      3.50     384.00     0.958474E+04     0.958474E+04
       117      4.25     384.00     0.958394E+04     0.958394E+04
       118      4.75     384.00     0.958355E+04     0.958355E+04
       119      5.50     384.00     0.958389E+04     0.958389E+04
       120      6.50     384.00     0.958393E+04     0.958393E+04
       121      7.50     384.00     0.958371E+04     0.958371E+04
       122      8.50     384.00     0.958308E+04     0.958308E+04
       123     10.00     384.00     0.958150E+04     0.958150E+04
       124     13.00     384.00     0.957839E+04     0.957839E+04
       125     19.00     384.00     0.956876E+04     0.956876E+04
       126     31.00     384.00     0.954522E+04     0.954522E+04
       127     55.00     384.00     0.950241E+04     0.950241E+04
       128    103.00     384.00     0.954374E+04     0.954374E+04
       129      0.50     387.00     0.959966E+04     0.959966E+04
       130      1.50     387.00     0.959886E+04     0.959886E+04
       131      2.50     387.00     0.959829E+04     0.959829E+04
       132      3.50     387.00     0.959776E+04     0.959776E+04
       133      4.25     387.00     0.959722E+04     0.959722E+04
       134      4.75     387.00     0.959672E+04     0.959672E+04
       135      5.50     387.00     0.959580E+04     0.959580E+04
       136      6.50     387.00     0.959547E+04     0.959547E+04
       137      7.50     387.00     0.959517E+04     0.959517E+04
       138      8.50     387.00     0.959484E+04     0.959484E+04
       139     10.00     387.00     0.959303E+04     0.959303E+04
       140     13.00     387.00     0.958857E+04     0.958857E+04
       141     19.00     387.00     0.957681E+04     0.957681E+04
       142     31.00     387.00     0.954770E+04     0.954770E+04
       143     55.00     387.00     0.949775E+04     0.949775E+04
       144    103.00     387.00     0.954369E+04     0.954369E+04
       145      0.50     388.50     0.960751E+04     0.960751E+04
       146      1.50     388.50     0.960678E+04     0.960678E+04
       147      2.50     388.50     0.960490E+04     0.960490E+04
       148      3.50     388.50     0.960405E+04     0.960405E+04
       149      4.25     388.50     0.960424E+04     0.960424E+04
       150      4.75     388.50     0.960278E+04     0.960278E+04
       151      5.50     388.50     0.960209E+04     0.960209E+04
       152      6.50     388.50     0.960208E+04     0.960208E+04
       153      7.50     388.50     0.960251E+04     0.960251E+04
       154      8.50     388.50     0.960220E+04     0.960220E+04
       155     10.00     388.50     0.959979E+04     0.959979E+04
       156     13.00     388.50     0.959464E+04     0.959464E+04
       157     19.00     388.50     0.958118E+04     0.958118E+04
       158     31.00     388.50     0.954912E+04     0.954912E+04
       159     55.00     388.50     0.949517E+04     0.949517E+04
       160    103.00     388.50     0.954371E+04     0.954371E+04
       161      0.50     389.50     0.961038E+04     0.961038E+04
       162      1.50     389.50     0.961044E+04     0.961044E+04
       163      2.50     389.50     0.960779E+04     0.960779E+04
       164      3.50     389.50     0.960503E+04     0.960503E+04
       165      4.25     389.50     0.960502E+04     0.960502E+04
       166      4.75     389.50     0.960567E+04     0.960567E+04
       167      5.50     389.50     0.960629E+04     0.960629E+04
       168      6.50     389.50     0.960670E+04     0.960670E+04
       169      7.50     389.50     0.960631E+04     0.960631E+04
       170      8.50     389.50     0.960683E+04     0.960683E+04
       171     10.00     389.50     0.960453E+04     0.960453E+04
       172     13.00     389.50     0.959916E+04     0.959916E+04
       173     19.00     389.50     0.958448E+04     0.958448E+04
       174     31.00     389.50     0.955007E+04     0.955007E+04
       175     55.00     389.50     0.949333E+04     0.949333E+04
       176    103.00     389.50     0.954375E+04     0.954375E+04
       177      0.50     390.50     0.961228E+04     0.961228E+04
       178      1.50     390.50     0.961227E+04     0.961227E+04
       179      2.50     390.50     0.961032E+04     0.961032E+04
       180      3.50     390.50     0.960767E+04     0.960767E+04
       181      4.25     390.50     0.960683E+04     0.960683E+04
       182      4.75     390.50     0.960806E+04     0.960806E+04
       183      5.50     390.50     0.960924E+04     0.960924E+04
       184      6.50     390.50     0.960962E+04     0.960962E+04
       185      7.50     390.50     0.960897E+04     0.960897E+04
       186      8.50     390.50     0.960936E+04     0.960936E+04
       187     10.00     390.50     0.960885E+04     0.960885E+04
       188     13.00     390.50     0.960386E+04     0.960386E+04
       189     19.00     390.50     0.958850E+04     0.958850E+04
       190     31.00     390.50     0.955100E+04     0.955100E+04
       191     55.00     390.50     0.949136E+04     0.949136E+04
       192    103.00     390.50     0.954381E+04     0.954381E+04
       193      0.50     391.50     0.960853E+04     0.960853E+04
       194      1.50     391.50     0.960785E+04     0.960785E+04
       195      2.50     391.50     0.960915E+04     0.960915E+04
       196      3.50     391.50     0.960963E+04     0.960963E+04
       197      4.25     391.50     0.960918E+04     0.960918E+04
       198      4.75     391.50     0.960883E+04     0.960883E+04
       199      5.50     391.50     0.960948E+04     0.960948E+04
       200      6.50     391.50     0.961165E+04     0.961165E+04
       201      7.50     391.50     0.961230E+04     0.961230E+04
       202      8.50     391.50     0.961114E+04     0.961114E+04
       203     10.00     391.50     0.961134E+04     0.961134E+04
       204     13.00     391.50     0.960920E+04     0.960920E+04
       205     19.00     391.50     0.959306E+04     0.959306E+04
       206     31.00     391.50     0.955192E+04     0.955192E+04
       207     55.00     391.50     0.948926E+04     0.948926E+04
       208    103.00     391.50     0.954388E+04     0.954388E+04
       209      0.50     392.50     0.960457E+04     0.960457E+04
       210      1.50     392.50     0.960463E+04     0.960463E+04
       211      2.50     392.50     0.960629E+04     0.960629E+04
       212      3.50     392.50     0.960730E+04     0.960730E+04
       213      4.25     392.50     0.960746E+04     0.960746E+04
       214      4.75     392.50     0.960696E+04     0.960696E+04
       215      5.50     392.50     0.960664E+04     0.960664E+04
       216      6.50     392.50     0.960837E+04     0.960837E+04
       217      7.50     392.50     0.961152E+04     0.961152E+04
       218      8.50     392.50     0.961264E+04     0.961264E+04
       219     10.00     392.50     0.961322E+04     0.961322E+04
       220     13.00     392.50     0.961264E+04     0.961264E+04
       221     19.00     392.50     0.959797E+04     0.959797E+04
       222     31.00     392.50     0.955300E+04     0.955300E+04
       223     55.00     392.50     0.948702E+04     0.948702E+04
       224    103.00     392.50     0.954396E+04     0.954396E+04
       225      0.50     393.50     0.959932E+04     0.959932E+04
       226      1.50     393.50     0.960030E+04     0.960030E+04
       227      2.50     393.50     0.960208E+04     0.960208E+04
       228      3.50     393.50     0.960383E+04     0.960383E+04
       229      4.25     393.50     0.960418E+04     0.960418E+04
       230      4.75     393.50     0.960419E+04     0.960419E+04
       231      5.50     393.50     0.960416E+04     0.960416E+04
       232      6.50     393.50     0.960542E+04     0.960542E+04
       233      7.50     393.50     0.960808E+04     0.960808E+04
       234      8.50     393.50     0.961066E+04     0.961066E+04
       235     10.00     393.50     0.961244E+04     0.961244E+04
       236     13.00     393.50     0.961588E+04     0.961588E+04
       237     19.00     393.50     0.960284E+04     0.960284E+04
       238     31.00     393.50     0.955433E+04     0.955433E+04
       239     55.00     393.50     0.948465E+04     0.948465E+04
       240    103.00     393.50     0.954404E+04     0.954404E+04
       241      0.50     394.50     0.959150E+04     0.959150E+04
       242      1.50     394.50     0.959187E+04     0.959187E+04
       243      2.50     394.50     0.959169E+04     0.959169E+04
       244      3.50     394.50     0.959380E+04     0.959380E+04
       245      4.25     394.50     0.959595E+04     0.959595E+04
       246      4.75     394.50     0.959641E+04     0.959641E+04
       247      5.50     394.50     0.959776E+04     0.959776E+04
       248      6.50     394.50     0.960166E+04     0.960166E+04
       249      7.50     394.50     0.960442E+04     0.960442E+04
       250      8.50     394.50     0.960737E+04     0.960737E+04
       251     10.00     394.50     0.961182E+04     0.961182E+04
       252     13.00     394.50     0.961824E+04     0.961824E+04
       253     19.00     394.50     0.960775E+04     0.960775E+04
       254     31.00     394.50     0.955585E+04     0.955585E+04
       255     55.00     394.50     0.948215E+04     0.948215E+04
       256    103.00     394.50     0.954417E+04     0.954417E+04
       257      0.50     395.50     0.958126E+04     0.958126E+04
       258      1.50     395.50     0.958144E+04     0.958144E+04
       259      2.50     395.50     0.958206E+04     0.958206E+04
       260      3.50     395.50     0.958306E+04     0.958306E+04
       261      4.25     395.50     0.958543E+04     0.958543E+04
       262      4.75     395.50     0.958659E+04     0.958659E+04
       263      5.50     395.50     0.958838E+04     0.958838E+04
       264      6.50     395.50     0.959216E+04     0.959216E+04
       265      7.50     395.50     0.959588E+04     0.959588E+04
       266      8.50     395.50     0.960258E+04     0.960258E+04
       267     10.00     395.50     0.961032E+04     0.961032E+04
       268     13.00     395.50     0.961700E+04     0.961700E+04
       269     19.00     395.50     0.961316E+04     0.961316E+04
       270     31.00     395.50     0.955747E+04     0.955747E+04
       271     55.00     395.50     0.947954E+04     0.947954E+04
       272    103.00     395.50     0.954431E+04     0.954431E+04
       273      0.50     396.50     0.956510E+04     0.956510E+04
       274      1.50     396.50     0.956612E+04     0.956612E+04
       275      2.50     396.50     0.956800E+04     0.956800E+04
       276      3.50     396.50     0.957038E+04     0.957038E+04
       277      4.25     396.50     0.957198E+04     0.957198E+04
       278      4.75     396.50     0.957474E+04     0.957474E+04
       279      5.50     396.50     0.957758E+04     0.957758E+04
       280      6.50     396.50     0.958175E+04     0.958175E+04
       281      7.50     396.50     0.958746E+04     0.958746E+04
       282      8.50     396.50     0.959501E+04     0.959501E+04
       283     10.00     396.50     0.960394E+04     0.960394E+04
       284     13.00     396.50     0.961647E+04     0.961647E+04
       285     19.00     396.50     0.961895E+04     0.961895E+04
       286     31.00     396.50     0.955922E+04     0.955922E+04
       287     55.00     396.50     0.947680E+04     0.947680E+04
       288    103.00     396.50     0.954448E+04     0.954448E+04
       289      0.50     397.50     0.954653E+04     0.954653E+04
       290      1.50     397.50     0.954694E+04     0.954694E+04
       291      2.50     397.50     0.954837E+04     0.954837E+04
       292      3.50     397.50     0.955179E+04     0.955179E+04
       293      4.25     397.50     0.955440E+04     0.955440E+04
       294      4.75     397.50     0.955724E+04     0.955724E+04
       295      5.50     397.50     0.956195E+04     0.956195E+04
       296      6.50     397.50     0.956925E+04     0.956925E+04
       297      7.50     397.50     0.957717E+04     0.957717E+04
       298      8.50     397.50     0.958523E+04     0.958523E+04
       299     10.00     397.50     0.959739E+04     0.959739E+04
       300     13.00     397.50     0.961479E+04     0.961479E+04
       301     19.00     397.50     0.962322E+04     0.962322E+04
       302     31.00     397.50     0.956114E+04     0.956114E+04
       303     55.00     397.50     0.947393E+04     0.947393E+04
       304    103.00     397.50     0.954465E+04     0.954465E+04
       305      0.50     398.50     0.952625E+04     0.952625E+04
       306      1.50     398.50     0.952608E+04     0.952608E+04
       307      2.50     398.50     0.952954E+04     0.952954E+04
       308      3.50     398.50     0.953470E+04     0.953470E+04
       309      4.25     398.50     0.953792E+04     0.953792E+04
       310      4.75     398.50     0.954003E+04     0.954003E+04
       311      5.50     398.50     0.954462E+04     0.954462E+04
       312      6.50     398.50     0.955193E+04     0.955193E+04
       313      7.50     398.50     0.956129E+04     0.956129E+04
       314      8.50     398.50     0.957021E+04     0.957021E+04
       315     10.00     398.50     0.958935E+04     0.958935E+04
       316     13.00     398.50     0.960953E+04     0.960953E+04
       317     19.00     398.50     0.962834E+04     0.962834E+04
       318     31.00     398.50     0.956315E+04     0.956315E+04
       319     55.00     398.50     0.947097E+04     0.947097E+04
       320    103.00     398.50     0.954482E+04     0.954482E+04
       321      0.50     399.50     0.950014E+04     0.950014E+04
       322      1.50     399.50     0.950231E+04     0.950231E+04
       323      2.50     399.50     0.950666E+04     0.950666E+04
       324      3.50     399.50     0.951411E+04     0.951411E+04
       325      4.25     399.50     0.952028E+04     0.952028E+04
       326      4.75     399.50     0.952303E+04     0.952303E+04
       327      5.50     399.50     0.952660E+04     0.952660E+04
       328      6.50     399.50     0.953510E+04     0.953510E+04
       329      7.50     399.50     0.954550E+04     0.954550E+04
       330      8.50     399.50     0.955467E+04     0.955467E+04
       331     10.00     399.50     0.957509E+04     0.957509E+04
       332     13.00     399.50     0.960339E+04     0.960339E+04
       333     19.00     399.50     0.963458E+04     0.963458E+04
       334     31.00     399.50     0.956522E+04     0.956522E+04
       335     55.00     399.50     0.946785E+04     0.946785E+04
       336    103.00     399.50     0.954498E+04     0.954498E+04
       337      0.50     400.50     0.947196E+04     0.947196E+04
       338      1.50     400.50     0.947483E+04     0.947483E+04
       339      2.50     400.50     0.947969E+04     0.947969E+04
       340      3.50     400.50     0.948783E+04     0.948783E+04
       341      4.25     400.50     0.949564E+04     0.949564E+04
       342      4.75     400.50     0.949829E+04     0.949829E+04
       343      5.50     400.50     0.950447E+04     0.950447E+04
       344      6.50     400.50     0.951615E+04     0.951615E+04
       345      7.50     400.50     0.952764E+04     0.952764E+04
       346      8.50     400.50     0.954033E+04     0.954033E+04
       347     10.00     400.50     0.956023E+04     0.956023E+04
       348     13.00     400.50     0.959608E+04     0.959608E+04
       349     19.00     400.50     0.963853E+04     0.963853E+04
       350     31.00     400.50     0.956733E+04     0.956733E+04
       351     55.00     400.50     0.946461E+04     0.946461E+04
       352    103.00     400.50     0.954515E+04     0.954515E+04
       353      0.50     401.50     0.944277E+04     0.944277E+04
       354      1.50     401.50     0.944598E+04     0.944598E+04
       355      2.50     401.50     0.945195E+04     0.945195E+04
       356      3.50     401.50     0.945899E+04     0.945899E+04
       357      4.25     401.50     0.946523E+04     0.946523E+04
       358      4.75     401.50     0.947148E+04     0.947148E+04
       359      5.50     401.50     0.948065E+04     0.948065E+04
       360      6.50     401.50     0.949172E+04     0.949172E+04
       361      7.50     401.50     0.950476E+04     0.950476E+04
       362      8.50     401.50     0.952173E+04     0.952173E+04
       363     10.00     401.50     0.954462E+04     0.954462E+04
       364     13.00     401.50     0.958524E+04     0.958524E+04
       365     19.00     401.50     0.964263E+04     0.964263E+04
       366     31.00     401.50     0.956962E+04     0.956962E+04
       367     55.00     401.50     0.946121E+04     0.946121E+04
       368    103.00     401.50     0.954535E+04     0.954535E+04
       369      0.50     402.50     0.941299E+04     0.941299E+04
       370      1.50     402.50     0.941596E+04     0.941596E+04
       371      2.50     402.50     0.942045E+04     0.942045E+04
       372      3.50     402.50     0.942741E+04     0.942741E+04
       373      4.25     402.50     0.943593E+04     0.943593E+04
       374      4.75     402.50     0.944291E+04     0.944291E+04
       375      5.50     402.50     0.945164E+04     0.945164E+04
       376      6.50     402.50     0.946736E+04     0.946736E+04
       377      7.50     402.50     0.948297E+04     0.948297E+04
       378      8.50     402.50     0.949719E+04     0.949719E+04
       379     10.00     402.50     0.952313E+04     0.952313E+04
       380     13.00     402.50     0.957487E+04     0.957487E+04
       381     19.00     402.50     0.964744E+04     0.964744E+04
       382     31.00     402.50     0.957216E+04     0.957216E+04
       383     55.00     402.50     0.945768E+04     0.945768E+04
       384    103.00     402.50     0.954557E+04     0.954557E+04
       385      0.50     403.50     0.937491E+04     0.937491E+04
       386      1.50     403.50     0.937673E+04     0.937673E+04
       387      2.50     403.50     0.938215E+04     0.938215E+04
       388      3.50     403.50     0.938951E+04     0.938951E+04
       389      4.25     403.50     0.939868E+04     0.939868E+04
       390      4.75     403.50     0.940747E+04     0.940747E+04
       391      5.50     403.50     0.942080E+04     0.942080E+04
       392      6.50     403.50     0.943999E+04     0.943999E+04
       393      7.50     403.50     0.945631E+04     0.945631E+04
       394      8.50     403.50     0.947260E+04     0.947260E+04
       395     10.00     403.50     0.950009E+04     0.950009E+04
       396     13.00     403.50     0.956441E+04     0.956441E+04
       397     19.00     403.50     0.965292E+04     0.965292E+04
       398     31.00     403.50     0.957504E+04     0.957504E+04
       399     55.00     403.50     0.945401E+04     0.945401E+04
       400    103.00     403.50     0.954579E+04     0.954579E+04
       401      0.50     404.50     0.932958E+04     0.932958E+04
       402      1.50     404.50     0.933283E+04     0.933283E+04
       403      2.50     404.50     0.933895E+04     0.933895E+04
       404      3.50     404.50     0.935066E+04     0.935066E+04
       405      4.25     404.50     0.936056E+04     0.936056E+04
       406      4.75     404.50     0.936869E+04     0.936869E+04
       407      5.50     404.50     0.938276E+04     0.938276E+04
       408      6.50     404.50     0.940244E+04     0.940244E+04
       409      7.50     404.50     0.942372E+04     0.942372E+04
       410      8.50     404.50     0.944606E+04     0.944606E+04
       411     10.00     404.50     0.947750E+04     0.947750E+04
       412     13.00     404.50     0.955323E+04     0.955323E+04
       413     19.00     404.50     0.965614E+04     0.965614E+04
       414     31.00     404.50     0.957824E+04     0.957824E+04
       415     55.00     404.50     0.945026E+04     0.945026E+04
       416    103.00     404.50     0.954600E+04     0.954600E+04
       417      0.50     405.50     0.928047E+04     0.928047E+04
       418      1.50     405.50     0.928609E+04     0.928609E+04
       419      2.50     405.50     0.929400E+04     0.929400E+04
       420      3.50     405.50     0.930706E+04     0.930706E+04
       421      4.25     405.50     0.931961E+04     0.931961E+04
       422      4.75     405.50     0.932726E+04     0.932726E+04
       423      5.50     405.50     0.934135E+04     0.934135E+04
       424      6.50     405.50     0.936290E+04     0.936290E+04
       425      7.50     405.50     0.938552E+04     0.938552E+04
       426      8.50     405.50     0.941259E+04     0.941259E+04
       427     10.00     405.50     0.945453E+04     0.945453E+04
       428     13.00     405.50     0.954069E+04     0.954069E+04
       429     19.00     405.50     0.966059E+04     0.966059E+04
       430     31.00     405.50     0.958186E+04     0.958186E+04
       431     55.00     405.50     0.944648E+04     0.944648E+04
       432    103.00     405.50     0.954617E+04     0.954617E+04
       433      0.50     406.50     0.922781E+04     0.922781E+04
       434      1.50     406.50     0.923445E+04     0.923445E+04
       435      2.50     406.50     0.924483E+04     0.924483E+04
       436      3.50     406.50     0.925943E+04     0.925943E+04
       437      4.25     406.50     0.927235E+04     0.927235E+04
       438      4.75     406.50     0.928249E+04     0.928249E+04
       439      5.50     406.50     0.929682E+04     0.929682E+04
       440      6.50     406.50     0.932058E+04     0.932058E+04
       441      7.50     406.50     0.934790E+04     0.934790E+04
       442      8.50     406.50     0.937680E+04     0.937680E+04
       443     10.00     406.50     0.942598E+04     0.942598E+04
       444     13.00     406.50     0.952861E+04     0.952861E+04
       445     19.00     406.50     0.966679E+04     0.966679E+04
       446     31.00     406.50     0.958589E+04     0.958589E+04
       447     55.00     406.50     0.944256E+04     0.944256E+04
       448    103.00     406.50     0.954629E+04     0.954629E+04
       449      0.50     407.50     0.916825E+04     0.916825E+04
       450      1.50     407.50     0.917508E+04     0.917508E+04
       451      2.50     407.50     0.918972E+04     0.918972E+04
       452      3.50     407.50     0.920565E+04     0.920565E+04
       453      4.25     407.50     0.921951E+04     0.921951E+04
       454      4.75     407.50     0.923179E+04     0.923179E+04
       455      5.50     407.50     0.924967E+04     0.924967E+04
       456      6.50     407.50     0.927679E+04     0.927679E+04
       457      7.50     407.50     0.930726E+04     0.930726E+04
       458      8.50     407.50     0.934112E+04     0.934112E+04
       459     10.00     407.50     0.939651E+04     0.939651E+04
       460     13.00     407.50     0.951642E+04     0.951642E+04
       461     19.00     407.50     0.967563E+04     0.967563E+04
       462     31.00     407.50     0.959012E+04     0.959012E+04
       463     55.00     407.50     0.943858E+04     0.943858E+04
       464    103.00     407.50     0.954636E+04     0.954636E+04
       465      0.50     408.50     0.910695E+04     0.910695E+04
       466      1.50     408.50     0.911398E+04     0.911398E+04
       467      2.50     408.50     0.912946E+04     0.912946E+04
       468      3.50     408.50     0.914861E+04     0.914861E+04
       469      4.25     408.50     0.916563E+04     0.916563E+04
       470      4.75     408.50     0.917928E+04     0.917928E+04
       471      5.50     408.50     0.919853E+04     0.919853E+04
       472      6.50     408.50     0.922804E+04     0.922804E+04
       473      7.50     408.50     0.926443E+04     0.926443E+04
       474      8.50     408.50     0.930491E+04     0.930491E+04
       475     10.00     408.50     0.936756E+04     0.936756E+04
       476     13.00     408.50     0.950496E+04     0.950496E+04
       477     19.00     408.50     0.968653E+04     0.968653E+04
       478     31.00     408.50     0.959451E+04     0.959451E+04
       479     55.00     408.50     0.943462E+04     0.943462E+04
       480    103.00     408.50     0.954634E+04     0.954634E+04
       481      0.50     409.50     0.905075E+04     0.905075E+04
       482      1.50     409.50     0.905532E+04     0.905532E+04
       483      2.50     409.50     0.906740E+04     0.906740E+04
       484      3.50     409.50     0.908641E+04     0.908641E+04
       485      4.25     409.50     0.910787E+04     0.910787E+04
       486      4.75     409.50     0.912349E+04     0.912349E+04
       487      5.50     409.50     0.914662E+04     0.914662E+04
       488      6.50     409.50     0.918202E+04     0.918202E+04
       489      7.50     409.50     0.922347E+04     0.922347E+04
       490      8.50     409.50     0.926685E+04     0.926685E+04
       491     10.00     409.50     0.933783E+04     0.933783E+04
       492     13.00     409.50     0.949114E+04     0.949114E+04
       493     19.00     409.50     0.969802E+04     0.969802E+04
       494     31.00     409.50     0.959937E+04     0.959937E+04
       495     55.00     409.50     0.943057E+04     0.943057E+04
       496    103.00     409.50     0.954625E+04     0.954625E+04
       497      0.50     410.50     0.899223E+04     0.899223E+04
       498      1.50     410.50     0.900019E+04     0.900019E+04
       499      2.50     410.50     0.901209E+04     0.901209E+04
       500      3.50     410.50     0.903059E+04     0.903059E+04
       501      4.25     410.50     0.905135E+04     0.905135E+04
       502      4.75     410.50     0.906708E+04     0.906708E+04
       503      5.50     410.50     0.909447E+04     0.909447E+04
       504      6.50     410.50     0.913853E+04     0.913853E+04
       505      7.50     410.50     0.918554E+04     0.918554E+04
       506      8.50     410.50     0.923277E+04     0.923277E+04
       507     10.00     410.50     0.930902E+04     0.930902E+04
       508     13.00     410.50     0.947767E+04     0.947767E+04
       509     19.00     410.50     0.971240E+04     0.971240E+04
       510     31.00     410.50     0.960482E+04     0.960482E+04
       511     55.00     410.50     0.942646E+04     0.942646E+04
       512    103.00     410.50     0.954607E+04     0.954607E+04
       513      0.50     411.50     0.894361E+04     0.894361E+04
       514      1.50     411.50     0.894931E+04     0.894931E+04
       515      2.50     411.50     0.896213E+04     0.896213E+04
       516      3.50     411.50     0.897789E+04     0.897789E+04
       517      4.25     411.50     0.899922E+04     0.899922E+04
       518      4.75     411.50     0.901657E+04     0.901657E+04
       519      5.50     411.50     0.904830E+04     0.904830E+04
       520      6.50     411.50     0.909861E+04     0.909861E+04
       521      7.50     411.50     0.915270E+04     0.915270E+04
       522      8.50     411.50     0.920470E+04     0.920470E+04
       523     10.00     411.50     0.927953E+04     0.927953E+04
       524     13.00     411.50     0.946740E+04     0.946740E+04
       525     19.00     411.50     0.972860E+04     0.972860E+04
       526     31.00     411.50     0.961101E+04     0.961101E+04
       527     55.00     411.50     0.942234E+04     0.942234E+04
       528    103.00     411.50     0.954575E+04     0.954575E+04
       529      0.50     412.50     0.889833E+04     0.889833E+04
       530      1.50     412.50     0.890428E+04     0.890428E+04
       531      2.50     412.50     0.891768E+04     0.891768E+04
       532      3.50     412.50     0.894511E+04     0.894511E+04
       533      4.25     412.50     0.896103E+04     0.896103E+04
       534      4.75     412.50     0.897113E+04     0.897113E+04
       535      5.50     412.50     0.900298E+04     0.900298E+04
       536      6.50     412.50     0.906580E+04     0.906580E+04
       537      7.50     412.50     0.912306E+04     0.912306E+04
       538      8.50     412.50     0.918732E+04     0.918732E+04
       539     10.00     412.50     0.925501E+04     0.925501E+04
       540     13.00     412.50     0.946403E+04     0.946403E+04
       541     19.00     412.50     0.974475E+04     0.974475E+04
       542     31.00     412.50     0.961828E+04     0.961828E+04
       543     55.00     412.50     0.941821E+04     0.941821E+04
       544    103.00     412.50     0.954524E+04     0.954524E+04
       545      0.50     413.50     0.886133E+04     0.886133E+04
       546      1.50     413.50     0.887445E+04     0.887445E+04
       547      2.50     413.50     0.887263E+04     0.887263E+04
       548      3.50     413.50     0.892667E+04     0.892667E+04
       549      4.25     413.50     0.892177E+04     0.892177E+04
       550      4.75     413.50     0.895288E+04     0.895288E+04
       551      5.50     413.50     0.896807E+04     0.896807E+04
       552      6.50     413.50     0.904959E+04     0.904959E+04
       553      7.50     413.50     0.908479E+04     0.908479E+04
       554      8.50     413.50     0.919124E+04     0.919124E+04
       555     10.00     413.50     0.924119E+04     0.924119E+04
       556     13.00     413.50     0.946858E+04     0.946858E+04
       557     19.00     413.50     0.975493E+04     0.975493E+04
       558     31.00     413.50     0.962831E+04     0.962831E+04
       559     55.00     413.50     0.941425E+04     0.941425E+04
       560    103.00     413.50     0.954458E+04     0.954458E+04
       561      0.50     414.50     0.112639E+05     0.112639E+05
       562      1.50     414.50     0.112512E+05     0.112512E+05
       563      2.50     414.50     0.112199E+05     0.112199E+05
       564      3.50     414.50     0.111500E+05     0.111500E+05
       565      4.25     414.50     0.110926E+05     0.110926E+05
       566      4.75     414.50     0.110425E+05     0.110425E+05
       567      5.50     414.50     0.109953E+05     0.109953E+05
       568      6.50     414.50     0.108714E+05     0.108714E+05
       569      7.50     414.50     0.108018E+05     0.108018E+05
       570      8.50     414.50     0.106397E+05     0.106397E+05
       571     10.00     414.50     0.104841E+05     0.104841E+05
       572     13.00     414.50     0.100883E+05     0.100883E+05
       573     19.00     414.50     0.953436E+04     0.953436E+04
       574     31.00     414.50     0.885025E+04     0.885025E+04
       575     55.00     414.50     0.858434E+04     0.858434E+04
       576    103.00     414.50     0.846473E+04     0.846473E+04
       577      0.50     415.50     0.114607E+05     0.114607E+05
       578      1.50     415.50     0.114425E+05     0.114425E+05
       579      2.50     415.50     0.113986E+05     0.113986E+05
       580      3.50     415.50     0.113288E+05     0.113288E+05
       581      4.25     415.50     0.112652E+05     0.112652E+05
       582      4.75     415.50     0.112199E+05     0.112199E+05
       583      5.50     415.50     0.111424E+05     0.111424E+05
       584      6.50     415.50     0.110243E+05     0.110243E+05
       585      7.50     415.50     0.109037E+05     0.109037E+05
       586      8.50     415.50     0.107591E+05     0.107591E+05
       587     10.00     415.50     0.105557E+05     0.105557E+05
       588     13.00     415.50     0.101215E+05     0.101215E+05
       589     19.00     415.50     0.949559E+04     0.949559E+04
       590     31.00     415.50     0.878086E+04     0.878086E+04
       591     55.00     415.50     0.851062E+04     0.851062E+04
       592    103.00     415.50     0.839256E+04     0.839256E+04
       593      0.50     416.50     0.117075E+05     0.117075E+05
       594      1.50     416.50     0.116815E+05     0.116815E+05
       595      2.50     416.50     0.116275E+05     0.116275E+05
       596      3.50     416.50     0.115473E+05     0.115473E+05
       597      4.25     416.50     0.114724E+05     0.114724E+05
       598      4.75     416.50     0.114167E+05     0.114167E+05
       599      5.50     416.50     0.113248E+05     0.113248E+05
       600      6.50     416.50     0.111894E+05     0.111894E+05
       601      7.50     416.50     0.110409E+05     0.110409E+05
       602      8.50     416.50     0.108824E+05     0.108824E+05
       603     10.00     416.50     0.106395E+05     0.106395E+05
       604     13.00     416.50     0.101539E+05     0.101539E+05
       605     19.00     416.50     0.944854E+04     0.944854E+04
       606     31.00     416.50     0.870751E+04     0.870751E+04
       607     55.00     416.50     0.843460E+04     0.843460E+04
       608    103.00     416.50     0.831874E+04     0.831874E+04
       609      0.50     417.50     0.120024E+05     0.120024E+05
       610      1.50     417.50     0.119687E+05     0.119687E+05
       611      2.50     417.50     0.119019E+05     0.119019E+05
       612      3.50     417.50     0.118046E+05     0.118046E+05
       613      4.25     417.50     0.117139E+05     0.117139E+05
       614      4.75     417.50     0.116465E+05     0.116465E+05
       615      5.50     417.50     0.115353E+05     0.115353E+05
       616      6.50     417.50     0.113722E+05     0.113722E+05
       617      7.50     417.50     0.111958E+05     0.111958E+05
       618      8.50     417.50     0.110113E+05     0.110113E+05
       619     10.00     417.50     0.107278E+05     0.107278E+05
       620     13.00     417.50     0.101816E+05     0.101816E+05
       621     19.00     417.50     0.939461E+04     0.939461E+04
       622     31.00     417.50     0.863087E+04     0.863087E+04
       623     55.00     417.50     0.835784E+04     0.835784E+04
       624    103.00     417.50     0.824454E+04     0.824454E+04
       625      0.50     418.50     0.123519E+05     0.123519E+05
       626      1.50     418.50     0.123093E+05     0.123093E+05
       627      2.50     418.50     0.122260E+05     0.122260E+05
       628      3.50     418.50     0.121054E+05     0.121054E+05
       629      4.25     418.50     0.119938E+05     0.119938E+05
       630      4.75     418.50     0.119109E+05     0.119109E+05
       631      5.50     418.50     0.117746E+05     0.117746E+05
       632      6.50     418.50     0.115768E+05     0.115768E+05
       633      7.50     418.50     0.113660E+05     0.113660E+05
       634      8.50     418.50     0.111482E+05     0.111482E+05
       635     10.00     418.50     0.108180E+05     0.108180E+05
       636     13.00     418.50     0.102023E+05     0.102023E+05
       637     19.00     418.50     0.933358E+04     0.933358E+04
       638     31.00     418.50     0.854932E+04     0.854932E+04
       639     55.00     418.50     0.827790E+04     0.827790E+04
       640    103.00     418.50     0.816783E+04     0.816783E+04
       641      0.50     419.50     0.127639E+05     0.127639E+05
       642      1.50     419.50     0.127102E+05     0.127102E+05
       643      2.50     419.50     0.126053E+05     0.126053E+05
       644      3.50     419.50     0.124542E+05     0.124542E+05
       645      4.25     419.50     0.123152E+05     0.123152E+05
       646      4.75     419.50     0.122120E+05     0.122120E+05
       647      5.50     419.50     0.120445E+05     0.120445E+05
       648      6.50     419.50     0.118033E+05     0.118033E+05
       649      7.50     419.50     0.115500E+05     0.115500E+05
       650      8.50     419.50     0.112923E+05     0.112923E+05
       651     10.00     419.50     0.109073E+05     0.109073E+05
       652     13.00     419.50     0.102133E+05     0.102133E+05
       653     19.00     419.50     0.926392E+04     0.926392E+04
       654     31.00     419.50     0.846287E+04     0.846287E+04
       655     55.00     419.50     0.819477E+04     0.819477E+04
       656    103.00     419.50     0.808819E+04     0.808819E+04
       657      0.50     420.50     0.132499E+05     0.132499E+05
       658      1.50     420.50     0.131820E+05     0.131820E+05
       659      2.50     420.50     0.130490E+05     0.130490E+05
       660      3.50     420.50     0.128583E+05     0.128583E+05
       661      4.25     420.50     0.126841E+05     0.126841E+05
       662      4.75     420.50     0.125559E+05     0.125559E+05
       663      5.50     420.50     0.123473E+05     0.123473E+05
       664      6.50     420.50     0.120519E+05     0.120519E+05
       665      7.50     420.50     0.117459E+05     0.117459E+05
       666      8.50     420.50     0.114398E+05     0.114398E+05
       667     10.00     420.50     0.109922E+05     0.109922E+05
       668     13.00     420.50     0.102114E+05     0.102114E+05
       669     19.00     420.50     0.918475E+04     0.918475E+04
       670     31.00     420.50     0.837248E+04     0.837248E+04
       671     55.00     420.50     0.810944E+04     0.810944E+04
       672    103.00     420.50     0.800635E+04     0.800635E+04
       673      0.50     421.50     0.138246E+05     0.138246E+05
       674      1.50     421.50     0.137378E+05     0.137378E+05
       675      2.50     421.50     0.135686E+05     0.135686E+05
       676      3.50     421.50     0.133267E+05     0.133267E+05
       677      4.25     421.50     0.131068E+05     0.131068E+05
       678      4.75     421.50     0.129449E+05     0.129449E+05
       679      5.50     421.50     0.126847E+05     0.126847E+05
       680      6.50     421.50     0.123204E+05     0.123204E+05
       681      7.50     421.50     0.119499E+05     0.119499E+05
       682      8.50     421.50     0.115862E+05     0.115862E+05
       683     10.00     421.50     0.110664E+05     0.110664E+05
       684     13.00     421.50     0.101925E+05     0.101925E+05
       685     19.00     421.50     0.909360E+04     0.909360E+04
       686     31.00     421.50     0.827674E+04     0.827674E+04
       687     55.00     421.50     0.802117E+04     0.802117E+04
       688    103.00     421.50     0.792173E+04     0.792173E+04
       689      0.50     422.50     0.145048E+05     0.145048E+05
       690      1.50     422.50     0.143942E+05     0.143942E+05
       691      2.50     422.50     0.141781E+05     0.141781E+05
       692      3.50     422.50     0.138690E+05     0.138690E+05
       693      4.25     422.50     0.135894E+05     0.135894E+05
       694      4.75     422.50     0.133848E+05     0.133848E+05
       695      5.50     422.50     0.130563E+05     0.130563E+05
       696      6.50     422.50     0.126047E+05     0.126047E+05
       697      7.50     422.50     0.121551E+05     0.121551E+05
       698      8.50     422.50     0.117228E+05     0.117228E+05
       699     10.00     422.50     0.111220E+05     0.111220E+05
       700     13.00     422.50     0.101511E+05     0.101511E+05
       701     19.00     422.50     0.898746E+04     0.898746E+04
       702     31.00     422.50     0.817460E+04     0.817460E+04
       703     55.00     422.50     0.792969E+04     0.792969E+04
       704    103.00     422.50     0.783384E+04     0.783384E+04
       705      0.50     423.50     0.153097E+05     0.153097E+05
       706      1.50     423.50     0.151696E+05     0.151696E+05
       707      2.50     423.50     0.148945E+05     0.148945E+05
       708      3.50     423.50     0.144980E+05     0.144980E+05
       709      4.25     423.50     0.141391E+05     0.141391E+05
       710      4.75     423.50     0.138767E+05     0.138767E+05
       711      5.50     423.50     0.134588E+05     0.134588E+05
       712      6.50     423.50     0.128956E+05     0.128956E+05
       713      7.50     423.50     0.123491E+05     0.123491E+05
       714      8.50     423.50     0.118379E+05     0.118379E+05
       715     10.00     423.50     0.111482E+05     0.111482E+05
       716     13.00     423.50     0.100814E+05     0.100814E+05
       717     19.00     423.50     0.886542E+04     0.886542E+04
       718     31.00     423.50     0.806638E+04     0.806638E+04
       719     55.00     423.50     0.783355E+04     0.783355E+04
       720    103.00     423.50     0.774226E+04     0.774226E+04
       721      0.50     424.50     0.162548E+05     0.162548E+05
       722      1.50     424.50     0.160814E+05     0.160814E+05
       723      2.50     424.50     0.157360E+05     0.157360E+05
       724      3.50     424.50     0.152283E+05     0.152283E+05
       725      4.25     424.50     0.147625E+05     0.147625E+05
       726      4.75     424.50     0.144217E+05     0.144217E+05
       727      5.50     424.50     0.138836E+05     0.138836E+05
       728      6.50     424.50     0.131758E+05     0.131758E+05
       729      7.50     424.50     0.125123E+05     0.125123E+05
       730      8.50     424.50     0.119125E+05     0.119125E+05
       731     10.00     424.50     0.111318E+05     0.111318E+05
       732     13.00     424.50     0.997413E+04     0.997413E+04
       733     19.00     424.50     0.872454E+04     0.872454E+04
       734     31.00     424.50     0.795048E+04     0.795048E+04
       735     55.00     424.50     0.773259E+04     0.773259E+04
       736    103.00     424.50     0.764531E+04     0.764531E+04
       737      0.50     425.50     0.173409E+05     0.173409E+05
       738      1.50     425.50     0.171379E+05     0.171379E+05
       739      2.50     425.50     0.167219E+05     0.167219E+05
       740      3.50     425.50     0.160796E+05     0.160796E+05
       741      4.25     425.50     0.154690E+05     0.154690E+05
       742      4.75     425.50     0.150181E+05     0.150181E+05
       743      5.50     425.50     0.143075E+05     0.143075E+05
       744      6.50     425.50     0.134119E+05     0.134119E+05
       745      7.50     425.50     0.126138E+05     0.126138E+05
       746      8.50     425.50     0.119210E+05     0.119210E+05
       747     10.00     425.50     0.110541E+05     0.110541E+05
       748     13.00     425.50     0.982395E+04     0.982395E+04
       749     19.00     425.50     0.856774E+04     0.856774E+04
       750     31.00     425.50     0.782984E+04     0.782984E+04
       751     55.00     425.50     0.762782E+04     0.762782E+04
       752    103.00     425.50     0.754304E+04     0.754304E+04
       753      0.50     426.50     0.200000E+06     0.200000E+06
       754      1.50     426.50     0.200000E+06     0.200000E+06
       755      2.50     426.50     0.200000E+06     0.200000E+06
       756      3.50     426.50     0.200000E+06     0.200000E+06
       757      4.25     426.50     0.200000E+06     0.200000E+06
       758      4.75     426.50     0.200000E+06     0.200000E+06
       759      5.50     426.50     0.200000E+06     0.200000E+06
       760      6.50     426.50     0.200000E+06     0.200000E+06
       761      7.50     426.50     0.200000E+06     0.200000E+06
       762      8.50     426.50     0.200000E+06     0.200000E+06
       763     10.00     426.50     0.200000E+06     0.200000E+06
       764     13.00     426.50     0.200000E+06     0.200000E+06
       765     19.00     426.50     0.200000E+06     0.200000E+06
       766     31.00     426.50     0.200000E+06     0.200000E+06
       767     55.00     426.50     0.200000E+06     0.200000E+06
       768    103.00     426.50     0.200000E+06     0.200000E+06
       769      0.50     427.50     0.200000E+06     0.200000E+06
       770      1.50     427.50     0.200000E+06     0.200000E+06
       771      2.50     427.50     0.200000E+06     0.200000E+06
       772      3.50     427.50     0.200000E+06     0.200000E+06
       773      4.25     427.50     0.200000E+06     0.200000E+06
       774      4.75     427.50     0.200000E+06     0.200000E+06
       775      5.50     427.50     0.200000E+06     0.200000E+06
       776      6.50     427.50     0.200000E+06     0.200000E+06
       777      7.50     427.50     0.200000E+06     0.200000E+06
       778      8.50     427.50     0.200000E+06     0.200000E+06
       779     10.00     427.50     0.200000E+06     0.200000E+06
       780     13.00     427.50     0.200000E+06     0.200000E+06
       781     19.00     427.50     0.200000E+06     0.200000E+06
       782     31.00     427.50     0.200000E+06     0.200000E+06
       783     55.00     427.50     0.200000E+06     0.200000E+06
       784    103.00     427.50     0.200000E+06     0.200000E+06
       785      0.50     428.50     0.200000E+06     0.200000E+06
       786      1.50     428.50     0.200000E+06     0.200000E+06
       787      2.50     428.50     0.200000E+06     0.200000E+06
       788      3.50     428.50     0.200000E+06     0.200000E+06
       789      4.25     428.50     0.200000E+06     0.200000E+06
       790      4.75     428.50     0.200000E+06     0.200000E+06
       791      5.50     428.50     0.200000E+06     0.200000E+06
       792      6.50     428.50     0.200000E+06     0.200000E+06
       793      7.50     428.50     0.200000E+06     0.200000E+06
       794      8.50     428.50     0.200000E+06     0.200000E+06
       795     10.00     428.50     0.200000E+06     0.200000E+06
       796     13.00     428.50     0.200000E+06     0.200000E+06
       797     19.00     428.50     0.200000E+06     0.200000E+06
       798     31.00     428.50     0.200000E+06     0.200000E+06
       799     55.00     428.50     0.200000E+06     0.200000E+06
       800    103.00     428.50     0.200000E+06     0.200000E+06
