  STRESSES @ CENTER OF THE ELEMENTS:


  ELEMENT  R-COORD  Z-COORD      SIGMA R        SIGMA TH       SIGMA Z       SIGMA RZ

      1     0.50    64.00     -0.209280E+02  -0.209280E+02  -0.255790E+02  -0.216539E-04
      2     1.50    64.00     -0.209281E+02  -0.209280E+02  -0.255790E+02  -0.110066E-03
      3     2.50    64.00     -0.209281E+02  -0.209281E+02  -0.255790E+02  -0.126777E-03
      4     3.50    64.00     -0.209281E+02  -0.209281E+02  -0.255790E+02  -0.149534E-03
      5     4.25    64.00     -0.209281E+02  -0.209281E+02  -0.255790E+02  -0.449669E-04
      6     4.75    64.00     -0.209280E+02  -0.209280E+02  -0.255790E+02  -0.359315E-04
      7     5.50    64.00     -0.209280E+02  -0.209280E+02  -0.255789E+02  -0.918607E-05
      8     6.50    64.00     -0.209279E+02  -0.209279E+02  -0.255788E+02  -0.926163E-04
      9     7.50    64.00     -0.209278E+02  -0.209278E+02  -0.255787E+02  -0.772016E-04
     10     8.50    64.00     -0.209277E+02  -0.209277E+02  -0.255787E+02  -0.260641E-04
     11    10.00    64.00     -0.209276E+02  -0.209276E+02  -0.255786E+02  -0.256685E-06
     12    13.00    64.00     -0.209275E+02  -0.209275E+02  -0.255785E+02  -0.494550E-04
     13    19.00    64.00     -0.209274E+02  -0.209274E+02  -0.255784E+02  -0.153425E-04
     14    31.00    64.00     -0.209275E+02  -0.209275E+02  -0.255785E+02   0.122913E-03
     15    55.00    64.00     -0.209282E+02  -0.209281E+02  -0.255790E+02   0.140865E-03
     16   103.00    64.00     -0.209283E+02  -0.209283E+02  -0.255789E+02   0.511385E-04
     17     0.50   192.00     -0.136629E+02  -0.136629E+02  -0.167123E+02   0.116291E-03
     18     1.50   192.00     -0.136629E+02  -0.136629E+02  -0.167123E+02  -0.256864E-04
     19     2.50   192.00     -0.136629E+02  -0.136629E+02  -0.167123E+02   0.168510E-03
     20     3.50   192.00     -0.136629E+02  -0.136629E+02  -0.167124E+02   0.140206E-03
     21     4.25   192.00     -0.136629E+02  -0.136629E+02  -0.167124E+02   0.380504E-03
     22     4.75   192.00     -0.136629E+02  -0.136629E+02  -0.167123E+02   0.957023E-03
     23     5.50   192.00     -0.136627E+02  -0.136628E+02  -0.167123E+02   0.994344E-03
     24     6.50   192.00     -0.136626E+02  -0.136627E+02  -0.167122E+02   0.823512E-03
     25     7.50   192.00     -0.136624E+02  -0.136625E+02  -0.167121E+02   0.968829E-03
     26     8.50   192.00     -0.136622E+02  -0.136624E+02  -0.167120E+02   0.101792E-02
     27    10.00   192.00     -0.136622E+02  -0.136623E+02  -0.167119E+02   0.105799E-02
     28    13.00   192.00     -0.136622E+02  -0.136622E+02  -0.167117E+02   0.109915E-02
     29    19.00   192.00     -0.136623E+02  -0.136620E+02  -0.167111E+02   0.162654E-02
     30    31.00   192.00     -0.136627E+02  -0.136618E+02  -0.167095E+02   0.257439E-02
     31    55.00   192.00     -0.136624E+02  -0.136602E+02  -0.167037E+02   0.347742E-02
     32   103.00   192.00     -0.136594E+02  -0.136556E+02  -0.166899E+02   0.243397E-02
     33     0.50   288.00     -0.820574E+01  -0.820574E+01  -0.101463E+02   0.428503E-03
     34     1.50   288.00     -0.820582E+01  -0.820577E+01  -0.101463E+02   0.115945E-02
     35     2.50   288.00     -0.820596E+01  -0.820585E+01  -0.101462E+02   0.213263E-02
     36     3.50   288.00     -0.820608E+01  -0.820587E+01  -0.101459E+02   0.314509E-02
     37     4.25   288.00     -0.820625E+01  -0.820596E+01  -0.101458E+02   0.399749E-02
     38     4.75   288.00     -0.820646E+01  -0.820609E+01  -0.101457E+02   0.493208E-02
     39     5.50   288.00     -0.820687E+01  -0.820636E+01  -0.101457E+02   0.589797E-02
     40     6.50   288.00     -0.820718E+01  -0.820656E+01  -0.101456E+02   0.690035E-02
     41     7.50   288.00     -0.820742E+01  -0.820668E+01  -0.101453E+02   0.794182E-02
     42     8.50   288.00     -0.820770E+01  -0.820678E+01  -0.101449E+02   0.884752E-02
     43    10.00   288.00     -0.820817E+01  -0.820695E+01  -0.101442E+02   0.102425E-01
     44    13.00   288.00     -0.820896E+01  -0.820701E+01  -0.101423E+02   0.133672E-01
     45    19.00   288.00     -0.821027E+01  -0.820652E+01  -0.101366E+02   0.196305E-01
     46    31.00   288.00     -0.821293E+01  -0.820415E+01  -0.101197E+02   0.292323E-01
     47    55.00   288.00     -0.821310E+01  -0.819330E+01  -0.100702E+02   0.372798E-01
     48   103.00   288.00     -0.821347E+01  -0.818681E+01  -0.100024E+02   0.202097E-01
     49     0.50   336.00     -0.546286E+01  -0.546283E+01  -0.704251E+01   0.206760E-02
     50     1.50   336.00     -0.546268E+01  -0.546263E+01  -0.704215E+01   0.627780E-02
     51     2.50   336.00     -0.546244E+01  -0.546226E+01  -0.704141E+01   0.104390E-01
     52     3.50   336.00     -0.546230E+01  -0.546189E+01  -0.704043E+01   0.145696E-01
     53     4.25   336.00     -0.546240E+01  -0.546169E+01  -0.703954E+01   0.174882E-01
     54     4.75   336.00     -0.546269E+01  -0.546168E+01  -0.703893E+01   0.195704E-01
     55     5.50   336.00     -0.546332E+01  -0.546178E+01  -0.703793E+01   0.230827E-01
     56     6.50   336.00     -0.546412E+01  -0.546186E+01  -0.703629E+01   0.272588E-01
     57     7.50   336.00     -0.546481E+01  -0.546187E+01  -0.703442E+01   0.314058E-01
     58     8.50   336.00     -0.546566E+01  -0.546195E+01  -0.703244E+01   0.355255E-01
     59    10.00   336.00     -0.546675E+01  -0.546179E+01  -0.702877E+01   0.416163E-01
     60    13.00   336.00     -0.546871E+01  -0.546072E+01  -0.701918E+01   0.537713E-01
     61    19.00   336.00     -0.547414E+01  -0.545798E+01  -0.699374E+01   0.750112E-01
     62    31.00   336.00     -0.548430E+01  -0.544836E+01  -0.692317E+01   0.102911E+00
     63    55.00   336.00     -0.549754E+01  -0.542969E+01  -0.676997E+01   0.109862E+00
     64   103.00   336.00     -0.550792E+01  -0.544380E+01  -0.664081E+01   0.427735E-01
     65     0.50   360.00     -0.408394E+01  -0.408387E+01  -0.570314E+01   0.531699E-02
     66     1.50   360.00     -0.408423E+01  -0.408386E+01  -0.570227E+01   0.157896E-01
     67     2.50   360.00     -0.408467E+01  -0.408368E+01  -0.570042E+01   0.262821E-01
     68     3.50   360.00     -0.408545E+01  -0.408348E+01  -0.569767E+01   0.364133E-01
     69     4.25   360.00     -0.408567E+01  -0.408292E+01  -0.569473E+01   0.438335E-01
     70     4.75   360.00     -0.408573E+01  -0.408252E+01  -0.569272E+01   0.487875E-01
     71     5.50   360.00     -0.408622E+01  -0.408212E+01  -0.568963E+01   0.562145E-01
     72     6.50   360.00     -0.408758E+01  -0.408180E+01  -0.568494E+01   0.660135E-01
     73     7.50   360.00     -0.408969E+01  -0.408161E+01  -0.567924E+01   0.756712E-01
     74     8.50   360.00     -0.409196E+01  -0.408144E+01  -0.567284E+01   0.855005E-01
     75    10.00   360.00     -0.409522E+01  -0.408082E+01  -0.566174E+01   0.997301E-01
     76    13.00   360.00     -0.410233E+01  -0.407899E+01  -0.563502E+01   0.126188E+00
     77    19.00   360.00     -0.411980E+01  -0.407446E+01  -0.556708E+01   0.168043E+00
     78    31.00   360.00     -0.414537E+01  -0.405496E+01  -0.539219E+01   0.207272E+00
     79    55.00   360.00     -0.416814E+01  -0.403856E+01  -0.511549E+01   0.174794E+00
     80   103.00   360.00     -0.416290E+01  -0.407389E+01  -0.495678E+01   0.510101E-01
     81     0.50   372.00     -0.338866E+01  -0.338854E+01  -0.519456E+01   0.921277E-02
     82     1.50   372.00     -0.338912E+01  -0.338842E+01  -0.519288E+01   0.273579E-01
     83     2.50   372.00     -0.338992E+01  -0.338807E+01  -0.518937E+01   0.454652E-01
     84     3.50   372.00     -0.339050E+01  -0.338710E+01  -0.518383E+01   0.630139E-01
     85     4.25   372.00     -0.339127E+01  -0.338637E+01  -0.517878E+01   0.758655E-01
     86     4.75   372.00     -0.339233E+01  -0.338594E+01  -0.517476E+01   0.841526E-01
     87     5.50   372.00     -0.339541E+01  -0.338624E+01  -0.516869E+01   0.969694E-01
     88     6.50   372.00     -0.339908E+01  -0.338606E+01  -0.515874E+01   0.113737E+00
     89     7.50   372.00     -0.340275E+01  -0.338575E+01  -0.514755E+01   0.130316E+00
     90     8.50   372.00     -0.340678E+01  -0.338533E+01  -0.513488E+01   0.146312E+00
     91    10.00   372.00     -0.341383E+01  -0.338496E+01  -0.511391E+01   0.169102E+00
     92    13.00   372.00     -0.343019E+01  -0.338403E+01  -0.506431E+01   0.209909E+00
     93    19.00   372.00     -0.346572E+01  -0.337986E+01  -0.494063E+01   0.268858E+00
     94    31.00   372.00     -0.350993E+01  -0.335467E+01  -0.464719E+01   0.301717E+00
     95    55.00   372.00     -0.352572E+01  -0.334733E+01  -0.427845E+01   0.208659E+00
     96   103.00   372.00     -0.348867E+01  -0.339083E+01  -0.411625E+01   0.511132E-01
     97     0.50   379.00     -0.298909E+01  -0.298889E+01  -0.501388E+01   0.131511E-01
     98     1.50   379.00     -0.298992E+01  -0.298877E+01  -0.501118E+01   0.393957E-01
     99     2.50   379.00     -0.299159E+01  -0.298849E+01  -0.500577E+01   0.651732E-01
    100     3.50   379.00     -0.299464E+01  -0.298843E+01  -0.499777E+01   0.905218E-01
    101     4.25   379.00     -0.299709E+01  -0.298806E+01  -0.498984E+01   0.109436E+00
    102     4.75   379.00     -0.299869E+01  -0.298770E+01  -0.498395E+01   0.121732E+00
    103     5.50   379.00     -0.300209E+01  -0.298743E+01  -0.497390E+01   0.140134E+00
    104     6.50   379.00     -0.300699E+01  -0.298683E+01  -0.495832E+01   0.164012E+00
    105     7.50   379.00     -0.301245E+01  -0.298602E+01  -0.494036E+01   0.186977E+00
    106     8.50   379.00     -0.301876E+01  -0.298536E+01  -0.492049E+01   0.208764E+00
    107    10.00   379.00     -0.303041E+01  -0.298511E+01  -0.488779E+01   0.239763E+00
    108    13.00   379.00     -0.305588E+01  -0.298361E+01  -0.480999E+01   0.293500E+00
    109    19.00   379.00     -0.310714E+01  -0.297663E+01  -0.462078E+01   0.363322E+00
    110    31.00   379.00     -0.316095E+01  -0.294399E+01  -0.421126E+01   0.376953E+00
    111    55.00   379.00     -0.316038E+01  -0.294795E+01  -0.378311E+01   0.223528E+00
    112   103.00   379.00     -0.309343E+01  -0.299356E+01  -0.362795E+01   0.491542E-01
    113     0.50   384.00     -0.270538E+01  -0.270508E+01  -0.496687E+01   0.177336E-01
    114     1.50   384.00     -0.270634E+01  -0.270465E+01  -0.496262E+01   0.526833E-01
    115     2.50   384.00     -0.270906E+01  -0.270451E+01  -0.495492E+01   0.874954E-01
    116     3.50   384.00     -0.271283E+01  -0.270403E+01  -0.494310E+01   0.121549E+00
    117     4.25   384.00     -0.271641E+01  -0.270344E+01  -0.493138E+01   0.146349E+00
    118     4.75   384.00     -0.271903E+01  -0.270298E+01  -0.492249E+01   0.162774E+00
    119     5.50   384.00     -0.272416E+01  -0.270293E+01  -0.490859E+01   0.186875E+00
    120     6.50   384.00     -0.273187E+01  -0.270256E+01  -0.488663E+01   0.217776E+00
    121     7.50   384.00     -0.273959E+01  -0.270151E+01  -0.486111E+01   0.247618E+00
    122     8.50   384.00     -0.274899E+01  -0.270097E+01  -0.483313E+01   0.275799E+00
    123    10.00   384.00     -0.276539E+01  -0.270066E+01  -0.478651E+01   0.314982E+00
    124    13.00   384.00     -0.280205E+01  -0.269936E+01  -0.467700E+01   0.381047E+00
    125    19.00   384.00     -0.286930E+01  -0.268940E+01  -0.441537E+01   0.456507E+00
    126    31.00   384.00     -0.292751E+01  -0.265087E+01  -0.389471E+01   0.440688E+00
    127    55.00   384.00     -0.290428E+01  -0.266634E+01  -0.342648E+01   0.229239E+00
    128   103.00   384.00     -0.280906E+01  -0.270981E+01  -0.327982E+01   0.468090E-01
    129     0.50   387.00     -0.253346E+01  -0.253313E+01  -0.498360E+01   0.212128E-01
    130     1.50   387.00     -0.253524E+01  -0.253323E+01  -0.497917E+01   0.636645E-01
    131     2.50   387.00     -0.253894E+01  -0.253300E+01  -0.496911E+01   0.105467E+00
    132     3.50   387.00     -0.254405E+01  -0.253265E+01  -0.495408E+01   0.146648E+00
    133     4.25   387.00     -0.254852E+01  -0.253205E+01  -0.493960E+01   0.176251E+00
    134     4.75   387.00     -0.255223E+01  -0.253179E+01  -0.492863E+01   0.195875E+00
    135     5.50   387.00     -0.255874E+01  -0.253179E+01  -0.491084E+01   0.224266E+00
    136     6.50   387.00     -0.256871E+01  -0.253152E+01  -0.488320E+01   0.261803E+00
    137     7.50   387.00     -0.257990E+01  -0.253097E+01  -0.485099E+01   0.296255E+00
    138     8.50   387.00     -0.259188E+01  -0.253065E+01  -0.481609E+01   0.329004E+00
    139    10.00   387.00     -0.261292E+01  -0.253112E+01  -0.475869E+01   0.374659E+00
    140    13.00   387.00     -0.265874E+01  -0.252988E+01  -0.462174E+01   0.449579E+00
    141    19.00   387.00     -0.273880E+01  -0.251874E+01  -0.430291E+01   0.525455E+00
    142    31.00   387.00     -0.279602E+01  -0.247581E+01  -0.370093E+01   0.482687E+00
    143    55.00   387.00     -0.275198E+01  -0.249902E+01  -0.321112E+01   0.229706E+00
    144   103.00   387.00     -0.263731E+01  -0.253946E+01  -0.307117E+01   0.449986E-01
    145     0.50   388.50     -0.245100E+01  -0.245052E+01  -0.501240E+01   0.235323E-01
    146     1.50   388.50     -0.245254E+01  -0.245036E+01  -0.500711E+01   0.696091E-01
    147     2.50   388.50     -0.245592E+01  -0.244952E+01  -0.499515E+01   0.116405E+00
    148     3.50   388.50     -0.246320E+01  -0.245014E+01  -0.497897E+01   0.161494E+00
    149     4.25   388.50     -0.246767E+01  -0.244898E+01  -0.496219E+01   0.194014E+00
    150     4.75   388.50     -0.247148E+01  -0.244829E+01  -0.494906E+01   0.215414E+00
    151     5.50   388.50     -0.247852E+01  -0.244784E+01  -0.492828E+01   0.246564E+00
    152     6.50   388.50     -0.249020E+01  -0.244762E+01  -0.489662E+01   0.287869E+00
    153     7.50   388.50     -0.250347E+01  -0.244819E+01  -0.486224E+01   0.325098E+00
    154     8.50   388.50     -0.251642E+01  -0.244738E+01  -0.482254E+01   0.360183E+00
    155    10.00   388.50     -0.254005E+01  -0.244741E+01  -0.475643E+01   0.409328E+00
    156    13.00   388.50     -0.259161E+01  -0.244664E+01  -0.460347E+01   0.489895E+00
    157    19.00   388.50     -0.267828E+01  -0.243435E+01  -0.424977E+01   0.563785E+00
    158    31.00   388.50     -0.273290E+01  -0.238851E+01  -0.360243E+01   0.504670E+00
    159    55.00   388.50     -0.267648E+01  -0.241632E+01  -0.310356E+01   0.228595E+00
    160   103.00   388.50     -0.255118E+01  -0.245433E+01  -0.296702E+01   0.439303E-01
    161     0.50   389.50     -0.239634E+01  -0.239586E+01  -0.503996E+01   0.250344E-01
    162     1.50   389.50     -0.239914E+01  -0.239624E+01  -0.503392E+01   0.742519E-01
    163     2.50   389.50     -0.240337E+01  -0.239627E+01  -0.502165E+01   0.124167E+00
    164     3.50   389.50     -0.240956E+01  -0.239594E+01  -0.500338E+01   0.172111E+00
    165     4.25   389.50     -0.241473E+01  -0.239488E+01  -0.498543E+01   0.207268E+00
    166     4.75   389.50     -0.242060E+01  -0.239517E+01  -0.497226E+01   0.229932E+00
    167     5.50   389.50     -0.242912E+01  -0.239493E+01  -0.494932E+01   0.263562E+00
    168     6.50   389.50     -0.244086E+01  -0.239440E+01  -0.491478E+01   0.307083E+00
    169     7.50   389.50     -0.245336E+01  -0.239371E+01  -0.487620E+01   0.346395E+00
    170     8.50   389.50     -0.246933E+01  -0.239391E+01  -0.483368E+01   0.383955E+00
    171    10.00   389.50     -0.249460E+01  -0.239395E+01  -0.476215E+01   0.435453E+00
    172    13.00   389.50     -0.254948E+01  -0.239247E+01  -0.459604E+01   0.519455E+00
    173    19.00   389.50     -0.263892E+01  -0.237732E+01  -0.421380E+01   0.591365E+00
    174    31.00   389.50     -0.269070E+01  -0.232936E+01  -0.353485E+01   0.519206E+00
    175    55.00   389.50     -0.262523E+01  -0.236044E+01  -0.303050E+01   0.227413E+00
    176   103.00   389.50     -0.249225E+01  -0.239619E+01  -0.289592E+01   0.431230E-01
    177     0.50   390.50     -0.234385E+01  -0.234330E+01  -0.507501E+01   0.271580E-01
    178     1.50   390.50     -0.234595E+01  -0.234301E+01  -0.506785E+01   0.796391E-01
    179     2.50   390.50     -0.235031E+01  -0.234287E+01  -0.505504E+01   0.132596E+00
    180     3.50   390.50     -0.235731E+01  -0.234251E+01  -0.503512E+01   0.184925E+00
    181     4.25   390.50     -0.236407E+01  -0.234196E+01  -0.501552E+01   0.222493E+00
    182     4.75   390.50     -0.236943E+01  -0.234182E+01  -0.500123E+01   0.247663E+00
    183     5.50   390.50     -0.237897E+01  -0.234152E+01  -0.497596E+01   0.283074E+00
    184     6.50   390.50     -0.239204E+01  -0.234128E+01  -0.493866E+01   0.328049E+00
    185     7.50   390.50     -0.240602E+01  -0.234052E+01  -0.489611E+01   0.370243E+00
    186     8.50   390.50     -0.242216E+01  -0.233966E+01  -0.484829E+01   0.410555E+00
    187    10.00   390.50     -0.244910E+01  -0.233933E+01  -0.477011E+01   0.463284E+00
    188    13.00   390.50     -0.250914E+01  -0.233874E+01  -0.459127E+01   0.550545E+00
    189    19.00   390.50     -0.260141E+01  -0.232065E+01  -0.417886E+01   0.621206E+00
    190    31.00   390.50     -0.265047E+01  -0.227149E+01  -0.346800E+01   0.533587E+00
    191    55.00   390.50     -0.257395E+01  -0.230471E+01  -0.295732E+01   0.226144E+00
    192   103.00   390.50     -0.243218E+01  -0.233700E+01  -0.282358E+01   0.423720E-01
    193     0.50   391.50     -0.229249E+01  -0.229192E+01  -0.511769E+01   0.291977E-01
    194     1.50   391.50     -0.229524E+01  -0.229203E+01  -0.511060E+01   0.854097E-01
    195     2.50   391.50     -0.229962E+01  -0.229128E+01  -0.509609E+01   0.141791E+00
    196     3.50   391.50     -0.230673E+01  -0.229042E+01  -0.507450E+01   0.197713E+00
    197     4.25   391.50     -0.231422E+01  -0.228988E+01  -0.505318E+01   0.238188E+00
    198     4.75   391.50     -0.232003E+01  -0.228942E+01  -0.503636E+01   0.264994E+00
    199     5.50   391.50     -0.232897E+01  -0.228852E+01  -0.500877E+01   0.302911E+00
    200     6.50   391.50     -0.234379E+01  -0.228811E+01  -0.496786E+01   0.350724E+00
    201     7.50   391.50     -0.235945E+01  -0.228714E+01  -0.492061E+01   0.395051E+00
    202     8.50   391.50     -0.237695E+01  -0.228682E+01  -0.486934E+01   0.437807E+00
    203    10.00   391.50     -0.240635E+01  -0.228600E+01  -0.478304E+01   0.493403E+00
    204    13.00   391.50     -0.247056E+01  -0.228551E+01  -0.458938E+01   0.583594E+00
    205    19.00   391.50     -0.256546E+01  -0.226393E+01  -0.414446E+01   0.652486E+00
    206    31.00   391.50     -0.261198E+01  -0.221460E+01  -0.340132E+01   0.547788E+00
    207    55.00   391.50     -0.252420E+01  -0.225070E+01  -0.288597E+01   0.224940E+00
    208   103.00   391.50     -0.237275E+01  -0.227855E+01  -0.275219E+01   0.417328E-01
    209     0.50   392.50     -0.224029E+01  -0.223958E+01  -0.516879E+01   0.310994E-01
    210     1.50   392.50     -0.224376E+01  -0.224007E+01  -0.516096E+01   0.921356E-01
    211     2.50   392.50     -0.224911E+01  -0.223926E+01  -0.514419E+01   0.152911E+00
    212     3.50   392.50     -0.225758E+01  -0.223901E+01  -0.512055E+01   0.212922E+00
    213     4.25   392.50     -0.226544E+01  -0.223819E+01  -0.509679E+01   0.257134E+00
    214     4.75   392.50     -0.227097E+01  -0.223730E+01  -0.507816E+01   0.284689E+00
    215     5.50   392.50     -0.228140E+01  -0.223698E+01  -0.504851E+01   0.324715E+00
    216     6.50   392.50     -0.229753E+01  -0.223642E+01  -0.500332E+01   0.376274E+00
    217     7.50   392.50     -0.231512E+01  -0.223541E+01  -0.495175E+01   0.423070E+00
    218     8.50   392.50     -0.233377E+01  -0.223454E+01  -0.489524E+01   0.468262E+00
    219    10.00   392.50     -0.236641E+01  -0.223442E+01  -0.480209E+01   0.526832E+00
    220    13.00   392.50     -0.243321E+01  -0.223210E+01  -0.458962E+01   0.619545E+00
    221    19.00   392.50     -0.252985E+01  -0.220582E+01  -0.410871E+01   0.685007E+00
    222    31.00   392.50     -0.257296E+01  -0.215642E+01  -0.333189E+01   0.561636E+00
    223    55.00   392.50     -0.247365E+01  -0.219610E+01  -0.281366E+01   0.223505E+00
    224   103.00   392.50     -0.231341E+01  -0.222031E+01  -0.268111E+01   0.411733E-01
    225     0.50   393.50     -0.219094E+01  -0.218999E+01  -0.523107E+01   0.338232E-01
    226     1.50   393.50     -0.219460E+01  -0.219047E+01  -0.522190E+01   0.989427E-01
    227     2.50   393.50     -0.220089E+01  -0.218975E+01  -0.520342E+01   0.164739E+00
    228     3.50   393.50     -0.221012E+01  -0.218872E+01  -0.517531E+01   0.228363E+00
    229     4.25   393.50     -0.221751E+01  -0.218720E+01  -0.514849E+01   0.275901E+00
    230     4.75   393.50     -0.222340E+01  -0.218636E+01  -0.512866E+01   0.305178E+00
    231     5.50   393.50     -0.223566E+01  -0.218619E+01  -0.509559E+01   0.348694E+00
    232     6.50   393.50     -0.225343E+01  -0.218608E+01  -0.504643E+01   0.403594E+00
    233     7.50   393.50     -0.227117E+01  -0.218399E+01  -0.498920E+01   0.453680E+00
    234     8.50   393.50     -0.229302E+01  -0.218355E+01  -0.492722E+01   0.500682E+00
    235    10.00   393.50     -0.232816E+01  -0.218297E+01  -0.482467E+01   0.562967E+00
    236    13.00   393.50     -0.239739E+01  -0.217856E+01  -0.459242E+01   0.658423E+00
    237    19.00   393.50     -0.249547E+01  -0.214707E+01  -0.407215E+01   0.719094E+00
    238    31.00   393.50     -0.253364E+01  -0.209717E+01  -0.325983E+01   0.575226E+00
    239    55.00   393.50     -0.242155E+01  -0.214020E+01  -0.273953E+01   0.221770E+00
    240   103.00   393.50     -0.225479E+01  -0.216292E+01  -0.261113E+01   0.405191E-01
    241     0.50   394.50     -0.214350E+01  -0.214288E+01  -0.530118E+01   0.362367E-01
    242     1.50   394.50     -0.214759E+01  -0.214323E+01  -0.529231E+01   0.106037E+00
    243     2.50   394.50     -0.215369E+01  -0.214166E+01  -0.527065E+01   0.177596E+00
    244     3.50   394.50     -0.216410E+01  -0.214047E+01  -0.523960E+01   0.246162E+00
    245     4.25   394.50     -0.217236E+01  -0.213851E+01  -0.520964E+01   0.296252E+00
    246     4.75   394.50     -0.217957E+01  -0.213795E+01  -0.518775E+01   0.328591E+00
    247     5.50   394.50     -0.219197E+01  -0.213731E+01  -0.515164E+01   0.375224E+00
    248     6.50   394.50     -0.221059E+01  -0.213599E+01  -0.509636E+01   0.433006E+00
    249     7.50   394.50     -0.223103E+01  -0.213490E+01  -0.503486E+01   0.486307E+00
    250     8.50   394.50     -0.225415E+01  -0.213373E+01  -0.496623E+01   0.536349E+00
    251    10.00   394.50     -0.229318E+01  -0.213327E+01  -0.485378E+01   0.602194E+00
    252    13.00   394.50     -0.236581E+01  -0.212735E+01  -0.460092E+01   0.700623E+00
    253    19.00   394.50     -0.246532E+01  -0.209046E+01  -0.403793E+01   0.755112E+00
    254    31.00   394.50     -0.249574E+01  -0.203860E+01  -0.318717E+01   0.588595E+00
    255    55.00   394.50     -0.236957E+01  -0.208471E+01  -0.266569E+01   0.219580E+00
    256   103.00   394.50     -0.219569E+01  -0.210515E+01  -0.254075E+01   0.397263E-01
    257     0.50   395.50     -0.209882E+01  -0.209802E+01  -0.538229E+01   0.387026E-01
    258     1.50   395.50     -0.210291E+01  -0.209828E+01  -0.537224E+01   0.114438E+00
    259     2.50   395.50     -0.210860E+01  -0.209591E+01  -0.534880E+01   0.191224E+00
    260     3.50   395.50     -0.211975E+01  -0.209435E+01  -0.531472E+01   0.265447E+00
    261     4.25   395.50     -0.213023E+01  -0.209276E+01  -0.528193E+01   0.318989E+00
    262     4.75   395.50     -0.213698E+01  -0.209093E+01  -0.525638E+01   0.353260E+00
    263     5.50   395.50     -0.215122E+01  -0.209069E+01  -0.521694E+01   0.403299E+00
    264     6.50   395.50     -0.217130E+01  -0.208928E+01  -0.515654E+01   0.465671E+00
    265     7.50   395.50     -0.219288E+01  -0.208678E+01  -0.508700E+01   0.522718E+00
    266     8.50   395.50     -0.221888E+01  -0.208575E+01  -0.501227E+01   0.576712E+00
    267    10.00   395.50     -0.225864E+01  -0.208293E+01  -0.488728E+01   0.645229E+00
    268    13.00   395.50     -0.233627E+01  -0.207588E+01  -0.461111E+01   0.745008E+00
    269    19.00   395.50     -0.243719E+01  -0.203348E+01  -0.400278E+01   0.792933E+00
    270    31.00   395.50     -0.245756E+01  -0.197910E+01  -0.311190E+01   0.602028E+00
    271    55.00   395.50     -0.231771E+01  -0.202968E+01  -0.259221E+01   0.216800E+00
    272   103.00   395.50     -0.213580E+01  -0.204672E+01  -0.246962E+01   0.389659E-01
    273     0.50   396.50     -0.205528E+01  -0.205418E+01  -0.547574E+01   0.422445E-01
    274     1.50   396.50     -0.205992E+01  -0.205412E+01  -0.546274E+01   0.124125E+00
    275     2.50   396.50     -0.206760E+01  -0.205329E+01  -0.543849E+01   0.206829E+00
    276     3.50   396.50     -0.207873E+01  -0.205120E+01  -0.540185E+01   0.287207E+00
    277     4.25   396.50     -0.209008E+01  -0.204934E+01  -0.536572E+01   0.345649E+00
    278     4.75   396.50     -0.209715E+01  -0.204659E+01  -0.533697E+01   0.381954E+00
    279     5.50   396.50     -0.211297E+01  -0.204636E+01  -0.529376E+01   0.435583E+00
    280     6.50   396.50     -0.213441E+01  -0.204383E+01  -0.522578E+01   0.501722E+00
    281     7.50   396.50     -0.215873E+01  -0.204078E+01  -0.514826E+01   0.562289E+00
    282     8.50   396.50     -0.218599E+01  -0.203899E+01  -0.506554E+01   0.619575E+00
    283    10.00   396.50     -0.222956E+01  -0.203625E+01  -0.492916E+01   0.691172E+00
    284    13.00   396.50     -0.231183E+01  -0.202680E+01  -0.462660E+01   0.792298E+00
    285    19.00   396.50     -0.241413E+01  -0.197907E+01  -0.397010E+01   0.832741E+00
    286    31.00   396.50     -0.242389E+01  -0.192352E+01  -0.303991E+01   0.614879E+00
    287    55.00   396.50     -0.226828E+01  -0.197746E+01  -0.252196E+01   0.213250E+00
    288   103.00   396.50     -0.207823E+01  -0.199071E+01  -0.240150E+01   0.382009E-01
    289     0.50   397.50     -0.201486E+01  -0.201375E+01  -0.558238E+01   0.455797E-01
    290     1.50   397.50     -0.202070E+01  -0.201412E+01  -0.556839E+01   0.134693E+00
    291     2.50   397.50     -0.202879E+01  -0.201255E+01  -0.553981E+01   0.223090E+00
    292     3.50   397.50     -0.204104E+01  -0.201045E+01  -0.549968E+01   0.310156E+00
    293     4.25   397.50     -0.205196E+01  -0.200767E+01  -0.546014E+01   0.372732E+00
    294     4.75   397.50     -0.206127E+01  -0.200623E+01  -0.543070E+01   0.412169E+00
    295     5.50   397.50     -0.207790E+01  -0.200411E+01  -0.538046E+01   0.469285E+00
    296     6.50   397.50     -0.210227E+01  -0.200118E+01  -0.530482E+01   0.540366E+00
    297     7.50   397.50     -0.212850E+01  -0.199764E+01  -0.521964E+01   0.605299E+00
    298     8.50   397.50     -0.215655E+01  -0.199407E+01  -0.512666E+01   0.665586E+00
    299    10.00   397.50     -0.220286E+01  -0.198992E+01  -0.497619E+01   0.740788E+00
    300    13.00   397.50     -0.228949E+01  -0.197727E+01  -0.464379E+01   0.843596E+00
    301    19.00   397.50     -0.239212E+01  -0.192301E+01  -0.393442E+01   0.874276E+00
    302    31.00   397.50     -0.238946E+01  -0.186668E+01  -0.296480E+01   0.626927E+00
    303    55.00   397.50     -0.221583E+01  -0.192268E+01  -0.244833E+01   0.209214E+00
    304   103.00   397.50     -0.201733E+01  -0.193149E+01  -0.232951E+01   0.374012E-01
    305     0.50   398.50     -0.197786E+01  -0.197688E+01  -0.570442E+01   0.494020E-01
    306     1.50   398.50     -0.198250E+01  -0.197547E+01  -0.568752E+01   0.146843E+00
    307     2.50   398.50     -0.199269E+01  -0.197403E+01  -0.565615E+01   0.242009E+00
    308     3.50   398.50     -0.200700E+01  -0.197198E+01  -0.561079E+01   0.335923E+00
    309     4.25   398.50     -0.201802E+01  -0.196846E+01  -0.556676E+01   0.402960E+00
    310     4.75   398.50     -0.202939E+01  -0.196780E+01  -0.553463E+01   0.445561E+00
    311     5.50   398.50     -0.204640E+01  -0.196469E+01  -0.547843E+01   0.506903E+00
    312     6.50   398.50     -0.207241E+01  -0.196049E+01  -0.539344E+01   0.583228E+00
    313     7.50   398.50     -0.210186E+01  -0.195699E+01  -0.529992E+01   0.652458E+00
    314     8.50   398.50     -0.213287E+01  -0.195302E+01  -0.519713E+01   0.715836E+00
    315    10.00   398.50     -0.218044E+01  -0.194575E+01  -0.503046E+01   0.795068E+00
    316    13.00   398.50     -0.227160E+01  -0.192935E+01  -0.466415E+01   0.897415E+00
    317    19.00   398.50     -0.237451E+01  -0.186851E+01  -0.389944E+01   0.917533E+00
    318    31.00   398.50     -0.235553E+01  -0.180997E+01  -0.288812E+01   0.638135E+00
    319    55.00   398.50     -0.216197E+01  -0.186696E+01  -0.237335E+01   0.204637E+00
    320   103.00   398.50     -0.195573E+01  -0.187168E+01  -0.225684E+01   0.366869E-01
    321     0.50   399.50     -0.194374E+01  -0.194248E+01  -0.584065E+01   0.528750E-01
    322     1.50   399.50     -0.194950E+01  -0.194165E+01  -0.582311E+01   0.159270E+00
    323     2.50   399.50     -0.195990E+01  -0.193933E+01  -0.578785E+01   0.262609E+00
    324     3.50   399.50     -0.197573E+01  -0.193632E+01  -0.573679E+01   0.364065E+00
    325     4.25   399.50     -0.198885E+01  -0.193239E+01  -0.568725E+01   0.436288E+00
    326     4.75   399.50     -0.199985E+01  -0.193082E+01  -0.565113E+01   0.482779E+00
    327     5.50   399.50     -0.201898E+01  -0.192792E+01  -0.558898E+01   0.548864E+00
    328     6.50   399.50     -0.204770E+01  -0.192347E+01  -0.549551E+01   0.630960E+00
    329     7.50   399.50     -0.207881E+01  -0.191796E+01  -0.538971E+01   0.703886E+00
    330     8.50   399.50     -0.211205E+01  -0.191281E+01  -0.527516E+01   0.770534E+00
    331    10.00   399.50     -0.216514E+01  -0.190577E+01  -0.509250E+01   0.852988E+00
    332    13.00   399.50     -0.225951E+01  -0.188407E+01  -0.468898E+01   0.955269E+00
    333    19.00   399.50     -0.235984E+01  -0.181397E+01  -0.386283E+01   0.962194E+00
    334    31.00   399.50     -0.232484E+01  -0.175620E+01  -0.281328E+01   0.649325E+00
    335    55.00   399.50     -0.211026E+01  -0.181395E+01  -0.230149E+01   0.199637E+00
    336   103.00   399.50     -0.189501E+01  -0.181287E+01  -0.218547E+01   0.361543E-01
    337     0.50   400.50     -0.191617E+01  -0.191455E+01  -0.599589E+01   0.578807E-01
    338     1.50   400.50     -0.192072E+01  -0.191252E+01  -0.597565E+01   0.173482E+00
    339     2.50   400.50     -0.193236E+01  -0.190934E+01  -0.593593E+01   0.285849E+00
    340     3.50   400.50     -0.195000E+01  -0.190587E+01  -0.587848E+01   0.395533E+00
    341     4.25   400.50     -0.196356E+01  -0.190077E+01  -0.582322E+01   0.472276E+00
    342     4.75   400.50     -0.197637E+01  -0.189894E+01  -0.578208E+01   0.522436E+00
    343     5.50   400.50     -0.199796E+01  -0.189579E+01  -0.571339E+01   0.593873E+00
    344     6.50   400.50     -0.202867E+01  -0.189002E+01  -0.560922E+01   0.681869E+00
    345     7.50   400.50     -0.206157E+01  -0.188330E+01  -0.549232E+01   0.759892E+00
    346     8.50   400.50     -0.209772E+01  -0.187618E+01  -0.536375E+01   0.830538E+00
    347    10.00   400.50     -0.215501E+01  -0.186835E+01  -0.516212E+01   0.915359E+00
    348    13.00   400.50     -0.225191E+01  -0.183984E+01  -0.471620E+01   0.101802E+01
    349    19.00   400.50     -0.234790E+01  -0.175932E+01  -0.382327E+01   0.100756E+01
    350    31.00   400.50     -0.229558E+01  -0.170366E+01  -0.273812E+01   0.658744E+00
    351    55.00   400.50     -0.205814E+01  -0.176113E+01  -0.222969E+01   0.194498E+00
    352   103.00   400.50     -0.183477E+01  -0.175465E+01  -0.211490E+01   0.356475E-01
    353     0.50   401.50     -0.189076E+01  -0.188916E+01  -0.616813E+01   0.630340E-01
    354     1.50   401.50     -0.189789E+01  -0.188841E+01  -0.614733E+01   0.187850E+00
    355     2.50   401.50     -0.191057E+01  -0.188472E+01  -0.610280E+01   0.311222E+00
    356     3.50   401.50     -0.193056E+01  -0.188140E+01  -0.603880E+01   0.429398E+00
    357     4.25   401.50     -0.194622E+01  -0.187564E+01  -0.597564E+01   0.512685E+00
    358     4.75   401.50     -0.195930E+01  -0.187228E+01  -0.592921E+01   0.566750E+00
    359     5.50   401.50     -0.198277E+01  -0.186810E+01  -0.585233E+01   0.644415E+00
    360     6.50   401.50     -0.201558E+01  -0.186139E+01  -0.573638E+01   0.737267E+00
    361     7.50   401.50     -0.205136E+01  -0.185315E+01  -0.560585E+01   0.821122E+00
    362     8.50   401.50     -0.209032E+01  -0.184445E+01  -0.546375E+01   0.895764E+00
    363    10.00   401.50     -0.214983E+01  -0.183296E+01  -0.523865E+01   0.983228E+00
    364    13.00   401.50     -0.225056E+01  -0.179806E+01  -0.474650E+01   0.108487E+01
    365    19.00   401.50     -0.234007E+01  -0.170574E+01  -0.378210E+01   0.105430E+01
    366    31.00   401.50     -0.226614E+01  -0.165090E+01  -0.266060E+01   0.666495E+00
    367    55.00   401.50     -0.200385E+01  -0.170677E+01  -0.215592E+01   0.189227E+00
    368   103.00   401.50     -0.177341E+01  -0.169544E+01  -0.204320E+01   0.351924E-01
    369     0.50   402.50     -0.187487E+01  -0.187301E+01  -0.636472E+01   0.688124E-01
    370     1.50   402.50     -0.188235E+01  -0.187152E+01  -0.633997E+01   0.204985E+00
    371     2.50   402.50     -0.189516E+01  -0.186693E+01  -0.628956E+01   0.339113E+00
    372     3.50   402.50     -0.191572E+01  -0.186167E+01  -0.621735E+01   0.467091E+00
    373     4.25   402.50     -0.193371E+01  -0.185501E+01  -0.614693E+01   0.557747E+00
    374     4.75   402.50     -0.194905E+01  -0.185147E+01  -0.609486E+01   0.616491E+00
    375     5.50   402.50     -0.197493E+01  -0.184683E+01  -0.600881E+01   0.699430E+00
    376     6.50   402.50     -0.201103E+01  -0.183804E+01  -0.587851E+01   0.799101E+00
    377     7.50   402.50     -0.204946E+01  -0.182791E+01  -0.573241E+01   0.888765E+00
    378     8.50   402.50     -0.209046E+01  -0.181791E+01  -0.557444E+01   0.966561E+00
    379    10.00   402.50     -0.215210E+01  -0.180200E+01  -0.532314E+01   0.105606E+01
    380    13.00   402.50     -0.225642E+01  -0.175916E+01  -0.478062E+01   0.115564E+01
    381    19.00   402.50     -0.233551E+01  -0.165231E+01  -0.373779E+01   0.110234E+01
    382    31.00   402.50     -0.223539E+01  -0.159699E+01  -0.257945E+01   0.672357E+00
    383    55.00   402.50     -0.194901E+01  -0.165256E+01  -0.208229E+01   0.183939E+00
    384   103.00   402.50     -0.171303E+01  -0.163732E+01  -0.197292E+01   0.346961E-01
    385     0.50   403.50     -0.186756E+01  -0.186539E+01  -0.658491E+01   0.753751E-01
    386     1.50   403.50     -0.187536E+01  -0.186350E+01  -0.655661E+01   0.224118E+00
    387     2.50   403.50     -0.189026E+01  -0.185818E+01  -0.649971E+01   0.370223E+00
    388     3.50   403.50     -0.191343E+01  -0.185257E+01  -0.641849E+01   0.508732E+00
    389     4.25   403.50     -0.193156E+01  -0.184382E+01  -0.633888E+01   0.608094E+00
    390     4.75   403.50     -0.194897E+01  -0.183969E+01  -0.628068E+01   0.671021E+00
    391     5.50   403.50     -0.197574E+01  -0.183225E+01  -0.618333E+01   0.759849E+00
    392     6.50   403.50     -0.201408E+01  -0.182075E+01  -0.603691E+01   0.867147E+00
    393     7.50   403.50     -0.205615E+01  -0.180884E+01  -0.587314E+01   0.962098E+00
    394     8.50   403.50     -0.209962E+01  -0.179669E+01  -0.569751E+01   0.104370E+01
    395    10.00   403.50     -0.216422E+01  -0.177631E+01  -0.541638E+01   0.113474E+01
    396    13.00   403.50     -0.226926E+01  -0.172270E+01  -0.481683E+01   0.123051E+01
    397    19.00   403.50     -0.233373E+01  -0.159859E+01  -0.368931E+01   0.115115E+01
    398    31.00   403.50     -0.220436E+01  -0.154321E+01  -0.249611E+01   0.676111E+00
    399    55.00   403.50     -0.189320E+01  -0.159811E+01  -0.200842E+01   0.178317E+00
    400   103.00   403.50     -0.165224E+01  -0.157893E+01  -0.190238E+01   0.340871E-01
    401     0.50   404.50     -0.187085E+01  -0.186855E+01  -0.683309E+01   0.827049E-01
    402     1.50   404.50     -0.187965E+01  -0.186567E+01  -0.680028E+01   0.244954E+00
    403     2.50   404.50     -0.189593E+01  -0.185973E+01  -0.673592E+01   0.404466E+00
    404     3.50   404.50     -0.192035E+01  -0.185091E+01  -0.664227E+01   0.555155E+00
    405     4.25   404.50     -0.194031E+01  -0.184106E+01  -0.655242E+01   0.662929E+00
    406     4.75   404.50     -0.195913E+01  -0.183677E+01  -0.648792E+01   0.731303E+00
    407     5.50   404.50     -0.198739E+01  -0.182689E+01  -0.637718E+01   0.825897E+00
    408     6.50   404.50     -0.202866E+01  -0.181272E+01  -0.621183E+01   0.940592E+00
    409     7.50   404.50     -0.207279E+01  -0.179707E+01  -0.602838E+01   0.104144E+01
    410     8.50   404.50     -0.211812E+01  -0.178090E+01  -0.583214E+01   0.112663E+01
    411    10.00   404.50     -0.218581E+01  -0.175476E+01  -0.551678E+01   0.122055E+01
    412    13.00   404.50     -0.229039E+01  -0.168957E+01  -0.485465E+01   0.130919E+01
    413    19.00   404.50     -0.233592E+01  -0.154616E+01  -0.363748E+01   0.120003E+01
    414    31.00   404.50     -0.217316E+01  -0.149003E+01  -0.241105E+01   0.677902E+00
    415    55.00   404.50     -0.183470E+01  -0.154180E+01  -0.193232E+01   0.172189E+00
    416   103.00   404.50     -0.159040E+01  -0.151961E+01  -0.183078E+01   0.333704E-01
    417     0.50   405.50     -0.188529E+01  -0.188269E+01  -0.710946E+01   0.902822E-01
    418     1.50   405.50     -0.189515E+01  -0.187915E+01  -0.707274E+01   0.268745E+00
    419     2.50   405.50     -0.191379E+01  -0.187246E+01  -0.699989E+01   0.441579E+00
    420     3.50   405.50     -0.193948E+01  -0.186095E+01  -0.689262E+01   0.606531E+00
    421     4.25   405.50     -0.196202E+01  -0.184920E+01  -0.679053E+01   0.722605E+00
    422     4.75   405.50     -0.198074E+01  -0.184296E+01  -0.671641E+01   0.796284E+00
    423     5.50   405.50     -0.201149E+01  -0.183176E+01  -0.659251E+01   0.898856E+00
    424     6.50   405.50     -0.205594E+01  -0.181416E+01  -0.640545E+01   0.102101E+01
    425     7.50   405.50     -0.210214E+01  -0.179475E+01  -0.619923E+01   0.112718E+01
    426     8.50   405.50     -0.214977E+01  -0.177418E+01  -0.597935E+01   0.121552E+01
    427    10.00   405.50     -0.221918E+01  -0.173982E+01  -0.562621E+01   0.131173E+01
    428    13.00   405.50     -0.232078E+01  -0.166067E+01  -0.489427E+01   0.139327E+01
    429    19.00   405.50     -0.234345E+01  -0.149624E+01  -0.358343E+01   0.124761E+01
    430    31.00   405.50     -0.214268E+01  -0.143865E+01  -0.232579E+01   0.677766E+00
    431    55.00   405.50     -0.177592E+01  -0.148609E+01  -0.185710E+01   0.165768E+00
    432   103.00   405.50     -0.152915E+01  -0.146099E+01  -0.176010E+01   0.325379E-01
    433     0.50   406.50     -0.191602E+01  -0.191287E+01  -0.741888E+01   0.990131E-01
    434     1.50   406.50     -0.192588E+01  -0.190834E+01  -0.737711E+01   0.294294E+00
    435     2.50   406.50     -0.194568E+01  -0.189894E+01  -0.729423E+01   0.483637E+00
    436     3.50   406.50     -0.197480E+01  -0.188625E+01  -0.717355E+01   0.663667E+00
    437     4.25   406.50     -0.199799E+01  -0.187130E+01  -0.705684E+01   0.789719E+00
    438     4.75   406.50     -0.201736E+01  -0.186171E+01  -0.697051E+01   0.867838E+00
    439     5.50   406.50     -0.205218E+01  -0.184951E+01  -0.683093E+01   0.978591E+00
    440     6.50   406.50     -0.209672E+01  -0.182571E+01  -0.661752E+01   0.110821E+01
    441     7.50   406.50     -0.214507E+01  -0.180104E+01  -0.638500E+01   0.121988E+01
    442     8.50   406.50     -0.219537E+01  -0.177622E+01  -0.613809E+01   0.131175E+01
    443    10.00   406.50     -0.226626E+01  -0.173394E+01  -0.574437E+01   0.140930E+01
    444    13.00   406.50     -0.236201E+01  -0.163730E+01  -0.493647E+01   0.147960E+01
    445    19.00   406.50     -0.235659E+01  -0.144940E+01  -0.352687E+01   0.129383E+01
    446    31.00   406.50     -0.211308E+01  -0.138964E+01  -0.224108E+01   0.675837E+00
    447    55.00   406.50     -0.171644E+01  -0.143066E+01  -0.178241E+01   0.159190E+00
    448   103.00   406.50     -0.146671E+01  -0.140131E+01  -0.168817E+01   0.315598E-01
    449     0.50   407.50     -0.196600E+01  -0.196263E+01  -0.776487E+01   0.109010E+00
    450     1.50   407.50     -0.197768E+01  -0.195750E+01  -0.771773E+01   0.323017E+00
    451     2.50   407.50     -0.199818E+01  -0.194490E+01  -0.762238E+01   0.530034E+00
    452     3.50   407.50     -0.202810E+01  -0.192814E+01  -0.748366E+01   0.724309E+00
    453     4.25   407.50     -0.205230E+01  -0.190967E+01  -0.735047E+01   0.860813E+00
    454     4.75   407.50     -0.207382E+01  -0.189847E+01  -0.725343E+01   0.945966E+00
    455     5.50   407.50     -0.210893E+01  -0.188047E+01  -0.709212E+01   0.106361E+01
    456     6.50   407.50     -0.215738E+01  -0.185285E+01  -0.685259E+01   0.120232E+01
    457     7.50   407.50     -0.220731E+01  -0.182205E+01  -0.658986E+01   0.131942E+01
    458     8.50   407.50     -0.225771E+01  -0.178958E+01  -0.631051E+01   0.141409E+01
    459    10.00   407.50     -0.232885E+01  -0.173829E+01  -0.587195E+01   0.151179E+01
    460    13.00   407.50     -0.241336E+01  -0.161908E+01  -0.497872E+01   0.156905E+01
    461    19.00   407.50     -0.237076E+01  -0.140159E+01  -0.346208E+01   0.133780E+01
    462    31.00   407.50     -0.208161E+01  -0.134066E+01  -0.215415E+01   0.671346E+00
    463    55.00   407.50     -0.165773E+01  -0.137704E+01  -0.171024E+01   0.152668E+00
    464   103.00   407.50     -0.140570E+01  -0.134318E+01  -0.161817E+01   0.305067E-01
    465     0.50   408.50     -0.204087E+01  -0.203711E+01  -0.815242E+01   0.118597E+00
    466     1.50   408.50     -0.205251E+01  -0.202966E+01  -0.809713E+01   0.353803E+00
    467     2.50   408.50     -0.207492E+01  -0.201483E+01  -0.798861E+01   0.579916E+00
    468     3.50   408.50     -0.210542E+01  -0.199234E+01  -0.782866E+01   0.791225E+00
    469     4.25   408.50     -0.213030E+01  -0.196867E+01  -0.767545E+01   0.939756E+00
    470     4.75   408.50     -0.215354E+01  -0.195502E+01  -0.756475E+01   0.103027E+01
    471     5.50   408.50     -0.219004E+01  -0.193268E+01  -0.738124E+01   0.115578E+01
    472     6.50   408.50     -0.223817E+01  -0.189658E+01  -0.710743E+01   0.130218E+01
    473     7.50   408.50     -0.228914E+01  -0.185808E+01  -0.681114E+01   0.142509E+01
    474     8.50   408.50     -0.233956E+01  -0.181738E+01  -0.649742E+01   0.152231E+01
    475    10.00   408.50     -0.240587E+01  -0.175187E+01  -0.600550E+01   0.161910E+01
    476    13.00   408.50     -0.247661E+01  -0.160828E+01  -0.502205E+01   0.166003E+01
    477    19.00   408.50     -0.238811E+01  -0.135589E+01  -0.339186E+01   0.137899E+01
    478    31.00   408.50     -0.204845E+01  -0.129241E+01  -0.206588E+01   0.663868E+00
    479    55.00   408.50     -0.159883E+01  -0.132433E+01  -0.163954E+01   0.145863E+00
    480   103.00   408.50     -0.134519E+01  -0.128566E+01  -0.154897E+01   0.295428E-01
    481     0.50   409.50     -0.214409E+01  -0.213965E+01  -0.858221E+01   0.130056E+00
    482     1.50   409.50     -0.215617E+01  -0.213095E+01  -0.851811E+01   0.386916E+00
    483     2.50   409.50     -0.217902E+01  -0.211231E+01  -0.839364E+01   0.633406E+00
    484     3.50   409.50     -0.221126E+01  -0.208347E+01  -0.820872E+01   0.863367E+00
    485     4.25   409.50     -0.223737E+01  -0.205420E+01  -0.803375E+01   0.102355E+01
    486     4.75   409.50     -0.225978E+01  -0.203572E+01  -0.790627E+01   0.112154E+01
    487     5.50   409.50     -0.229602E+01  -0.200614E+01  -0.769602E+01   0.125407E+01
    488     6.50   409.50     -0.234546E+01  -0.196134E+01  -0.738544E+01   0.140949E+01
    489     7.50   409.50     -0.239454E+01  -0.191268E+01  -0.705036E+01   0.153640E+01
    490     8.50   409.50     -0.244319E+01  -0.186275E+01  -0.669824E+01   0.163570E+01
    491    10.00   409.50     -0.250182E+01  -0.177957E+01  -0.614654E+01   0.172884E+01
    492    13.00   409.50     -0.255360E+01  -0.160829E+01  -0.506700E+01   0.175015E+01
    493    19.00   409.50     -0.240894E+01  -0.131399E+01  -0.331739E+01   0.141656E+01
    494    31.00   409.50     -0.201681E+01  -0.124870E+01  -0.198106E+01   0.653342E+00
    495    55.00   409.50     -0.154017E+01  -0.127301E+01  -0.157094E+01   0.138804E+00
    496   103.00   409.50     -0.128620E+01  -0.122978E+01  -0.148181E+01   0.286473E-01
    497     0.50   410.50     -0.228722E+01  -0.228230E+01  -0.905793E+01   0.141997E+00
    498     1.50   410.50     -0.229837E+01  -0.226979E+01  -0.898429E+01   0.421422E+00
    499     2.50   410.50     -0.232019E+01  -0.224541E+01  -0.883973E+01   0.688748E+00
    500     3.50   410.50     -0.235189E+01  -0.220974E+01  -0.862882E+01   0.939239E+00
    501     4.25   410.50     -0.237563E+01  -0.217171E+01  -0.842757E+01   0.111208E+01
    502     4.75   410.50     -0.239673E+01  -0.214620E+01  -0.827893E+01   0.121716E+01
    503     5.50   410.50     -0.243349E+01  -0.210739E+01  -0.803807E+01   0.135911E+01
    504     6.50   410.50     -0.248160E+01  -0.205053E+01  -0.768592E+01   0.152297E+01
    505     7.50   410.50     -0.252594E+01  -0.198841E+01  -0.730600E+01   0.165266E+01
    506     8.50   410.50     -0.257011E+01  -0.192708E+01  -0.691197E+01   0.175304E+01
    507    10.00   410.50     -0.261761E+01  -0.182288E+01  -0.629279E+01   0.184072E+01
    508    13.00   410.50     -0.264106E+01  -0.161716E+01  -0.510867E+01   0.183690E+01
    509    19.00   410.50     -0.242870E+01  -0.127293E+01  -0.323516E+01   0.144907E+01
    510    31.00   410.50     -0.198182E+01  -0.120527E+01  -0.189461E+01   0.639188E+00
    511    55.00   410.50     -0.148035E+01  -0.122173E+01  -0.150282E+01   0.131872E+00
    512   103.00   410.50     -0.122758E+01  -0.117438E+01  -0.141529E+01   0.277342E-01
    513     0.50   411.50     -0.247314E+01  -0.246775E+01  -0.958270E+01   0.154881E+00
    514     1.50   411.50     -0.248415E+01  -0.245152E+01  -0.949467E+01   0.458693E+00
    515     2.50   411.50     -0.250396E+01  -0.241983E+01  -0.932619E+01   0.746926E+00
    516     3.50   411.50     -0.253383E+01  -0.237661E+01  -0.908630E+01   0.101712E+01
    517     4.25   411.50     -0.255577E+01  -0.232963E+01  -0.885665E+01   0.120217E+01
    518     4.75   411.50     -0.257616E+01  -0.229750E+01  -0.868662E+01   0.131577E+01
    519     5.50   411.50     -0.260640E+01  -0.224414E+01  -0.840853E+01   0.146482E+01
    520     6.50   411.50     -0.264958E+01  -0.217141E+01  -0.801172E+01   0.163868E+01
    521     7.50   411.50     -0.268584E+01  -0.208828E+01  -0.757527E+01   0.177133E+01
    522     8.50   411.50     -0.272511E+01  -0.201607E+01  -0.713950E+01   0.186999E+01
    523    10.00   411.50     -0.275286E+01  -0.188386E+01  -0.644122E+01   0.195073E+01
    524    13.00   411.50     -0.274119E+01  -0.163872E+01  -0.514888E+01   0.191991E+01
    525    19.00   411.50     -0.244619E+01  -0.123435E+01  -0.314681E+01   0.147379E+01
    526    31.00   411.50     -0.194171E+01  -0.116098E+01  -0.180517E+01   0.621958E+00
    527    55.00   411.50     -0.141727E+01  -0.116840E+01  -0.143271E+01   0.124557E+00
    528   103.00   411.50     -0.116762E+01  -0.111775E+01  -0.134730E+01   0.268188E-01
    529     0.50   412.50     -0.271420E+01  -0.270673E+01  -0.101554E+02   0.169472E+00
    530     1.50   412.50     -0.272780E+01  -0.269022E+01  -0.100537E+02   0.498021E+00
    531     2.50   412.50     -0.274316E+01  -0.264734E+01  -0.985238E+01   0.805599E+00
    532     3.50   412.50     -0.276820E+01  -0.259302E+01  -0.958641E+01   0.109611E+01
    533     4.25   412.50     -0.278369E+01  -0.253334E+01  -0.931846E+01   0.129415E+01
    534     4.75   412.50     -0.280102E+01  -0.249539E+01  -0.912441E+01   0.141223E+01
    535     5.50   412.50     -0.282214E+01  -0.242548E+01  -0.880527E+01   0.157059E+01
    536     6.50   412.50     -0.285917E+01  -0.233648E+01  -0.836732E+01   0.175288E+01
    537     7.50   412.50     -0.287807E+01  -0.222016E+01  -0.785548E+01   0.188810E+01
    538     8.50   412.50     -0.290631E+01  -0.213366E+01  -0.738334E+01   0.198191E+01
    539    10.00   412.50     -0.290817E+01  -0.196486E+01  -0.658940E+01   0.205573E+01
    540    13.00   412.50     -0.285140E+01  -0.167335E+01  -0.518579E+01   0.199493E+01
    541    19.00   412.50     -0.246072E+01  -0.120116E+01  -0.305567E+01   0.149016E+01
    542    31.00   412.50     -0.189760E+01  -0.111752E+01  -0.171502E+01   0.601366E+00
    543    55.00   412.50     -0.135077E+01  -0.111292E+01  -0.136047E+01   0.117318E+00
    544   103.00   412.50     -0.110715E+01  -0.106071E+01  -0.127884E+01   0.258620E-01
    545     0.50   413.50     -0.303443E+01  -0.302975E+01  -0.107713E+02   0.183594E+00
    546     1.50   413.50     -0.304188E+01  -0.299955E+01  -0.106562E+02   0.534957E+00
    547     2.50   413.50     -0.304816E+01  -0.294219E+01  -0.104070E+02   0.860061E+00
    548     3.50   413.50     -0.306360E+01  -0.287134E+01  -0.101225E+02   0.117404E+01
    549     4.25   413.50     -0.307376E+01  -0.280085E+01  -0.980722E+01   0.137970E+01
    550     4.75   413.50     -0.308492E+01  -0.275707E+01  -0.961485E+01   0.150664E+01
    551     5.50   413.50     -0.309130E+01  -0.265700E+01  -0.921636E+01   0.166918E+01
    552     6.50   413.50     -0.310879E+01  -0.254879E+01  -0.874994E+01   0.186077E+01
    553     7.50   413.50     -0.309808E+01  -0.238322E+01  -0.812225E+01   0.199277E+01
    554     8.50   413.50     -0.311291E+01  -0.228575E+01  -0.764760E+01   0.208692E+01
    555    10.00   413.50     -0.307134E+01  -0.205888E+01  -0.672400E+01   0.215061E+01
    556    13.00   413.50     -0.296738E+01  -0.171971E+01  -0.521283E+01   0.206102E+01
    557    19.00   413.50     -0.247056E+01  -0.117804E+01  -0.296883E+01   0.149626E+01
    558    31.00   413.50     -0.185100E+01  -0.107683E+01  -0.162627E+01   0.574995E+00
    559    55.00   413.50     -0.128340E+01  -0.105780E+01  -0.128919E+01   0.110098E+00
    560   103.00   413.50     -0.104714E+01  -0.100422E+01  -0.121107E+01   0.247605E-01
    561     0.50   414.50      0.562950E+03   0.562965E+03  -0.115236E+02   0.249212E+00
    562     1.50   414.50      0.562852E+03   0.562923E+03  -0.114069E+02   0.745898E+00
    563     2.50   414.50      0.562659E+03   0.562847E+03  -0.111698E+02   0.119315E+01
    564     3.50   414.50      0.562391E+03   0.562745E+03  -0.107716E+02   0.160898E+01
    565     4.25   414.50      0.562156E+03   0.562651E+03  -0.104247E+02   0.187831E+01
    566     4.75   414.50      0.561976E+03   0.562582E+03  -0.101484E+02   0.204315E+01
    567     5.50   414.50      0.561703E+03   0.562463E+03  -0.978871E+01   0.224308E+01
    568     6.50   414.50      0.561315E+03   0.562308E+03  -0.914236E+01   0.245577E+01
    569     7.50   414.50      0.560945E+03   0.562132E+03  -0.860952E+01   0.259770E+01
    570     8.50   414.50      0.560587E+03   0.561987E+03  -0.786507E+01   0.265581E+01
    571    10.00   414.50      0.560130E+03   0.561752E+03  -0.697600E+01   0.267997E+01
    572    13.00   414.50      0.559542E+03   0.561406E+03  -0.519457E+01   0.242447E+01
    573    19.00   414.50      0.559262E+03   0.560965E+03  -0.298378E+01   0.161278E+01
    574    31.00   414.50      0.559817E+03   0.560702E+03  -0.139648E+01   0.558844E+00
    575    55.00   414.50      0.560313E+03   0.560541E+03  -0.118244E+01   0.100985E+00
    576   103.00   414.50      0.560488E+03   0.560531E+03  -0.112870E+01   0.220028E-01
    577     0.50   415.50      0.562714E+03   0.562727E+03  -0.125738E+02   0.317044E+00
    578     1.50   415.50      0.562619E+03   0.562694E+03  -0.124210E+02   0.934665E+00
    579     2.50   415.50      0.562433E+03   0.562635E+03  -0.121035E+02   0.150069E+01
    580     3.50   415.50      0.562171E+03   0.562548E+03  -0.116340E+02   0.200592E+01
    581     4.25   415.50      0.561940E+03   0.562469E+03  -0.112093E+02   0.233381E+01
    582     4.75   415.50      0.561772E+03   0.562410E+03  -0.109031E+02   0.252269E+01
    583     5.50   415.50      0.561505E+03   0.562314E+03  -0.104057E+02   0.275336E+01
    584     6.50   415.50      0.561143E+03   0.562182E+03  -0.968309E+01   0.298331E+01
    585     7.50   415.50      0.560790E+03   0.562041E+03  -0.895796E+01   0.311177E+01
    586     8.50   415.50      0.560453E+03   0.561909E+03  -0.818026E+01   0.315716E+01
    587    10.00   415.50      0.560028E+03   0.561711E+03  -0.711062E+01   0.310795E+01
    588    13.00   415.50      0.559489E+03   0.561400E+03  -0.517308E+01   0.270122E+01
    589    19.00   415.50      0.559309E+03   0.561003E+03  -0.284869E+01   0.168199E+01
    590    31.00   415.50      0.559888E+03   0.560747E+03  -0.129718E+01   0.551828E+00
    591    55.00   415.50      0.560393E+03   0.560603E+03  -0.110375E+01   0.954670E-01
    592   103.00   415.50      0.560559E+03   0.560598E+03  -0.105119E+01   0.222517E-01
    593     0.50   416.50      0.562587E+03   0.562603E+03  -0.138986E+02   0.384624E+00
    594     1.50   416.50      0.562485E+03   0.562573E+03  -0.136920E+02   0.113261E+01
    595     2.50   416.50      0.562287E+03   0.562519E+03  -0.132825E+02   0.182067E+01
    596     3.50   416.50      0.562010E+03   0.562440E+03  -0.126968E+02   0.242000E+01
    597     4.25   416.50      0.561768E+03   0.562369E+03  -0.121653E+02   0.280181E+01
    598     4.75   416.50      0.561593E+03   0.562316E+03  -0.117795E+02   0.301542E+01
    599     5.50   416.50      0.561317E+03   0.562230E+03  -0.111617E+02   0.327411E+01
    600     6.50   416.50      0.560949E+03   0.562109E+03  -0.102910E+02   0.351384E+01
    601     7.50   416.50      0.560595E+03   0.561984E+03  -0.939788E+01   0.363268E+01
    602     8.50   416.50      0.560268E+03   0.561861E+03  -0.850725E+01   0.365289E+01
    603    10.00   416.50      0.559868E+03   0.561685E+03  -0.725398E+01   0.352736E+01
    604    13.00   416.50      0.559397E+03   0.561400E+03  -0.512433E+01   0.296894E+01
    605    19.00   416.50      0.559340E+03   0.561038E+03  -0.268945E+01   0.173834E+01
    606    31.00   416.50      0.559968E+03   0.560793E+03  -0.119509E+01   0.539217E+00
    607    55.00   416.50      0.560474E+03   0.560666E+03  -0.102456E+01   0.901782E-01
    608   103.00   416.50      0.560630E+03   0.560665E+03  -0.973759E+00   0.224374E-01
    609     0.50   417.50      0.562539E+03   0.562557E+03  -0.155109E+02   0.462057E+00
    610     1.50   417.50      0.562420E+03   0.562528E+03  -0.152387E+02   0.135878E+01
    611     2.50   417.50      0.562194E+03   0.562473E+03  -0.147111E+02   0.217806E+01
    612     3.50   417.50      0.561883E+03   0.562396E+03  -0.139666E+02   0.288037E+01
    613     4.25   417.50      0.561613E+03   0.562326E+03  -0.132957E+02   0.331687E+01
    614     4.75   417.50      0.561420E+03   0.562274E+03  -0.128106E+02   0.355645E+01
    615     5.50   417.50      0.561120E+03   0.562190E+03  -0.120405E+02   0.383713E+01
    616     6.50   417.50      0.560729E+03   0.562073E+03  -0.109691E+02   0.407923E+01
    617     7.50   417.50      0.560362E+03   0.561953E+03  -0.988979E+01   0.417733E+01
    618     8.50   417.50      0.560037E+03   0.561834E+03  -0.884179E+01   0.415597E+01
    619    10.00   417.50      0.559659E+03   0.561669E+03  -0.738836E+01   0.394578E+01
    620    13.00   417.50      0.559272E+03   0.561402E+03  -0.504338E+01   0.321806E+01
    621    19.00   417.50      0.559362E+03   0.561070E+03  -0.251178E+01   0.178043E+01
    622    31.00   417.50      0.560054E+03   0.560840E+03  -0.109200E+01   0.522651E+00
    623    55.00   417.50      0.560555E+03   0.560729E+03  -0.947020E+00   0.851764E-01
    624   103.00   417.50      0.560701E+03   0.560731E+03  -0.898098E+00   0.225321E-01
    625     0.50   418.50      0.562546E+03   0.562569E+03  -0.174615E+02   0.554565E+00
    626     1.50   418.50      0.562403E+03   0.562537E+03  -0.171061E+02   0.162796E+01
    627     2.50   418.50      0.562134E+03   0.562478E+03  -0.164237E+02   0.259920E+01
    628     3.50   418.50      0.561767E+03   0.562396E+03  -0.154692E+02   0.341661E+01
    629     4.25   418.50      0.561454E+03   0.562323E+03  -0.146168E+02   0.391093E+01
    630     4.75   418.50      0.561233E+03   0.562268E+03  -0.140045E+02   0.417484E+01
    631     5.50   418.50      0.560896E+03   0.562181E+03  -0.130406E+02   0.447102E+01
    632     6.50   418.50      0.560467E+03   0.562060E+03  -0.117202E+02   0.470226E+01
    633     7.50   418.50      0.560080E+03   0.561939E+03  -0.104164E+02   0.476121E+01
    634     8.50   418.50      0.559753E+03   0.561820E+03  -0.917783E+01   0.468023E+01
    635    10.00   418.50      0.559402E+03   0.561659E+03  -0.750124E+01   0.436470E+01
    636    13.00   418.50      0.559121E+03   0.561404E+03  -0.492652E+01   0.344396E+01
    637    19.00   418.50      0.559382E+03   0.561098E+03  -0.231959E+01   0.180605E+01
    638    31.00   418.50      0.560146E+03   0.560888E+03  -0.986885E+00   0.503159E+00
    639    55.00   418.50      0.560637E+03   0.560792E+03  -0.868237E+00   0.803609E-01
    640   103.00   418.50      0.560772E+03   0.560797E+03  -0.821728E+00   0.225662E-01
    641     0.50   419.50      0.562591E+03   0.562620E+03  -0.198223E+02   0.668727E+00
    642     1.50   419.50      0.562415E+03   0.562584E+03  -0.193575E+02   0.195864E+01
    643     2.50   419.50      0.562084E+03   0.562517E+03  -0.184698E+02   0.311174E+01
    644     3.50   419.50      0.561641E+03   0.562425E+03  -0.172372E+02   0.406074E+01
    645     4.25   419.50      0.561268E+03   0.562344E+03  -0.161479E+02   0.461602E+01
    646     4.75   419.50      0.561008E+03   0.562283E+03  -0.153708E+02   0.490112E+01
    647     5.50   419.50      0.560623E+03   0.562188E+03  -0.141627E+02   0.520264E+01
    648     6.50   419.50      0.560145E+03   0.562059E+03  -0.125334E+02   0.540208E+01
    649     7.50   419.50      0.559735E+03   0.561930E+03  -0.109605E+02   0.539620E+01
    650     8.50   419.50      0.559409E+03   0.561807E+03  -0.950027E+01   0.523093E+01
    651    10.00   419.50      0.559099E+03   0.561647E+03  -0.757668E+01   0.478049E+01
    652    13.00   419.50      0.558951E+03   0.561401E+03  -0.476828E+01   0.364057E+01
    653    19.00   419.50      0.559406E+03   0.561122E+03  -0.211429E+01   0.181288E+01
    654    31.00   419.50      0.560246E+03   0.560937E+03  -0.880770E+00   0.481732E+00
    655    55.00   419.50      0.560720E+03   0.560855E+03  -0.788625E+00   0.759326E-01
    656   103.00   419.50      0.560843E+03   0.560864E+03  -0.744463E+00   0.224986E-01
    657     0.50   420.50      0.562657E+03   0.562694E+03  -0.226960E+02   0.812198E+00
    658     1.50   420.50      0.562435E+03   0.562651E+03  -0.220844E+02   0.237237E+01
    659     2.50   420.50      0.562023E+03   0.562574E+03  -0.209202E+02   0.374842E+01
    660     3.50   420.50      0.561477E+03   0.562466E+03  -0.193177E+02   0.484951E+01
    661     4.25   420.50      0.561026E+03   0.562373E+03  -0.179169E+02   0.546790E+01
    662     4.75   420.50      0.560717E+03   0.562304E+03  -0.169282E+02   0.576860E+01
    663     5.50   420.50      0.560270E+03   0.562198E+03  -0.154047E+02   0.605847E+01
    664     6.50   420.50      0.559738E+03   0.562054E+03  -0.133935E+02   0.619424E+01
    665     7.50   420.50      0.559309E+03   0.561916E+03  -0.114977E+02   0.608721E+01
    666     8.50   420.50      0.558996E+03   0.561786E+03  -0.978418E+01   0.580568E+01
    667    10.00   420.50      0.558750E+03   0.561625E+03  -0.759789E+01   0.518467E+01
    668    13.00   420.50      0.558772E+03   0.561391E+03  -0.456493E+01   0.379997E+01
    669    19.00   420.50      0.559442E+03   0.561142E+03  -0.189953E+01   0.179906E+01
    670    31.00   420.50      0.560352E+03   0.560986E+03  -0.775950E+00   0.459014E+00
    671    55.00   420.50      0.560803E+03   0.560918E+03  -0.709605E+00   0.720148E-01
    672   103.00   420.50      0.560914E+03   0.560930E+03  -0.667356E+00   0.223541E-01
    673     0.50   421.50      0.562719E+03   0.562767E+03  -0.262188E+02   0.995161E+00
    674     1.50   421.50      0.562438E+03   0.562716E+03  -0.254071E+02   0.289699E+01
    675     2.50   421.50      0.561918E+03   0.562625E+03  -0.238688E+02   0.454961E+01
    676     3.50   421.50      0.561239E+03   0.562499E+03  -0.217682E+02   0.582799E+01
    677     4.25   421.50      0.560688E+03   0.562390E+03  -0.199537E+02   0.650812E+01
    678     4.75   421.50      0.560319E+03   0.562311E+03  -0.186844E+02   0.681403E+01
    679     5.50   421.50      0.559801E+03   0.562191E+03  -0.167573E+02   0.706458E+01
    680     6.50   421.50      0.559216E+03   0.562031E+03  -0.142704E+02   0.708857E+01
    681     7.50   421.50      0.558782E+03   0.561880E+03  -0.119958E+02   0.683115E+01
    682     8.50   421.50      0.558504E+03   0.561744E+03  -0.100002E+02   0.639204E+01
    683    10.00   421.50      0.558360E+03   0.561584E+03  -0.754340E+01   0.556036E+01
    684    13.00   421.50      0.558599E+03   0.561367E+03  -0.431374E+01   0.391281E+01
    685    19.00   421.50      0.559497E+03   0.561157E+03  -0.167651E+01   0.176317E+01
    686    31.00   421.50      0.560466E+03   0.561035E+03  -0.671274E+00   0.435910E+00
    687    55.00   421.50      0.560887E+03   0.560982E+03  -0.630757E+00   0.688007E-01
    688   103.00   421.50      0.560986E+03   0.560997E+03  -0.590277E+00   0.221566E-01
    689     0.50   422.50      0.562735E+03   0.562797E+03  -0.305673E+02   0.122818E+01
    690     1.50   422.50      0.562379E+03   0.562739E+03  -0.294848E+02   0.356545E+01
    691     2.50   422.50      0.561723E+03   0.562634E+03  -0.274374E+02   0.556400E+01
    692     3.50   422.50      0.560876E+03   0.562491E+03  -0.246583E+02   0.705062E+01
    693     4.25   422.50      0.560201E+03   0.562366E+03  -0.222855E+02   0.778601E+01
    694     4.75   422.50      0.559759E+03   0.562276E+03  -0.206469E+02   0.807866E+01
    695     5.50   422.50      0.559167E+03   0.562142E+03  -0.181934E+02   0.824432E+01
    696     6.50   422.50      0.558541E+03   0.561965E+03  -0.151191E+02   0.808454E+01
    697     7.50   422.50      0.558135E+03   0.561804E+03  -0.124065E+02   0.760982E+01
    698     8.50   422.50      0.557931E+03   0.561665E+03  -0.101097E+02   0.696332E+01
    699    10.00   422.50      0.557940E+03   0.561513E+03  -0.739250E+01   0.588274E+01
    700    13.00   422.50      0.558448E+03   0.561327E+03  -0.401456E+01   0.396715E+01
    701    19.00   422.50      0.559580E+03   0.561169E+03  -0.144640E+01   0.170584E+01
    702    31.00   422.50      0.560588E+03   0.561086E+03  -0.566274E+00   0.413471E+00
    703    55.00   422.50      0.560971E+03   0.561045E+03  -0.552070E+00   0.662784E-01
    704   103.00   422.50      0.561057E+03   0.561064E+03  -0.513288E+00   0.219008E-01
    705     0.50   423.50      0.562620E+03   0.562699E+03  -0.359611E+02   0.152096E+01
    706     1.50   423.50      0.562181E+03   0.562640E+03  -0.345194E+02   0.440791E+01
    707     2.50   423.50      0.561367E+03   0.562534E+03  -0.317854E+02   0.684401E+01
    708     3.50   423.50      0.560315E+03   0.562385E+03  -0.280760E+02   0.858100E+01
    709     4.25   423.50      0.559491E+03   0.562253E+03  -0.249386E+02   0.935885E+01
    710     4.75   423.50      0.558967E+03   0.562156E+03  -0.227992E+02   0.960604E+01
    711     5.50   423.50      0.558303E+03   0.562013E+03  -0.196585E+02   0.961391E+01
    712     6.50   423.50      0.557673E+03   0.561827E+03  -0.158651E+02   0.916258E+01
    713     7.50   423.50      0.557354E+03   0.561663E+03  -0.126662E+02   0.838301E+01
    714     8.50   423.50      0.557286E+03   0.561529E+03  -0.100709E+02   0.747551E+01
    715    10.00   423.50      0.557516E+03   0.561399E+03  -0.712798E+01   0.611857E+01
    716    13.00   423.50      0.558344E+03   0.561264E+03  -0.367231E+01   0.395110E+01
    717    19.00   423.50      0.559697E+03   0.561178E+03  -0.121284E+01   0.162936E+01
    718    31.00   423.50      0.560719E+03   0.561139E+03  -0.462016E+00   0.393084E+00
    719    55.00   423.50      0.561055E+03   0.561109E+03  -0.472498E+00   0.646393E-01
    720   103.00   423.50      0.561128E+03   0.561130E+03  -0.436419E+00   0.216003E-01
    721     0.50   424.50      0.562184E+03   0.562280E+03  -0.426305E+02   0.187052E+01
    722     1.50   424.50      0.561686E+03   0.562249E+03  -0.407417E+02   0.542679E+01
    723     2.50   424.50      0.560730E+03   0.562186E+03  -0.371154E+02   0.842304E+01
    724     3.50   424.50      0.559459E+03   0.562081E+03  -0.321353E+02   0.104854E+02
    725     4.25   424.50      0.558461E+03   0.561971E+03  -0.279273E+02   0.112892E+02
    726     4.75   424.50      0.557845E+03   0.561883E+03  -0.250958E+02   0.114382E+02
    727     5.50   424.50      0.557132E+03   0.561751E+03  -0.210470E+02   0.111709E+02
    728     6.50   424.50      0.556575E+03   0.561570E+03  -0.163951E+02   0.102649E+02
    729     7.50   424.50      0.556445E+03   0.561419E+03  -0.126970E+02   0.907298E+01
    730     8.50   424.50      0.556603E+03   0.561310E+03  -0.984230E+01   0.785921E+01
    731    10.00   424.50      0.557132E+03   0.561226E+03  -0.674653E+01   0.622456E+01
    732    13.00   424.50      0.558314E+03   0.561176E+03  -0.329206E+01   0.385339E+01
    733    19.00   424.50      0.559855E+03   0.561187E+03  -0.974326E+00   0.154067E+01
    734    31.00   424.50      0.560859E+03   0.561194E+03  -0.356783E+00   0.377578E+00
    735    55.00   424.50      0.561141E+03   0.561174E+03  -0.392351E+00   0.642984E-01
    736   103.00   424.50      0.561200E+03   0.561197E+03  -0.358690E+00   0.212783E-01
    737     0.50   425.50      0.561001E+03   0.561102E+03  -0.507228E+02   0.222991E+01
    738     1.50   425.50      0.560556E+03   0.561172E+03  -0.483701E+02   0.652237E+01
    739     2.50   425.50      0.559605E+03   0.561280E+03  -0.437116E+02   0.102319E+02
    740     3.50   425.50      0.558186E+03   0.561368E+03  -0.370312E+02   0.127837E+02
    741     4.25   425.50      0.557009E+03   0.561387E+03  -0.312637E+02   0.136443E+02
    742     4.75   425.50      0.556288E+03   0.561352E+03  -0.274387E+02   0.136163E+02
    743     5.50   425.50      0.555576E+03   0.561282E+03  -0.221447E+02   0.128620E+02
    744     6.50   425.50      0.555239E+03   0.561141E+03  -0.165279E+02   0.112679E+02
    745     7.50   425.50      0.555458E+03   0.561030E+03  -0.124127E+02   0.955582E+01
    746     8.50   425.50      0.555954E+03   0.560976E+03  -0.939680E+01   0.802218E+01
    747    10.00   425.50      0.556854E+03   0.560982E+03  -0.624627E+01   0.615741E+01
    748    13.00   425.50      0.558389E+03   0.561067E+03  -0.287115E+01   0.368477E+01
    749    19.00   425.50      0.560062E+03   0.561201E+03  -0.731147E+00   0.146144E+01
    750    31.00   425.50      0.561009E+03   0.561252E+03  -0.254227E+00   0.372345E+00
    751    55.00   425.50      0.561226E+03   0.561239E+03  -0.313803E+00   0.659165E-01
    752   103.00   425.50      0.561271E+03   0.561264E+03  -0.281953E+00   0.209917E-01
    753     0.50   426.50      0.144179E+03   0.144893E+03  -0.659186E+02   0.532440E+01
    754     1.50   426.50      0.135508E+03   0.140012E+03  -0.638679E+02   0.163151E+02
    755     2.50   426.50      0.117041E+03   0.129915E+03  -0.593112E+02   0.282760E+02
    756     3.50   426.50      0.877612E+02   0.114449E+03  -0.502246E+02   0.395520E+02
    757     4.25   426.50      0.607494E+02   0.100337E+03  -0.389309E+02   0.443579E+02
    758     4.75   426.50      0.421043E+02   0.901066E+02  -0.307009E+02   0.435645E+02
    759     5.50   426.50      0.184169E+02   0.748798E+02  -0.206985E+02   0.374864E+02
    760     6.50   426.50     -0.449763E+01   0.558541E+02  -0.138184E+02   0.276466E+02
    761     7.50   426.50     -0.176433E+02   0.409191E+02  -0.102165E+02   0.199080E+02
    762     8.50   426.50     -0.245556E+02   0.297936E+02  -0.771505E+01   0.146478E+02
    763    10.00   426.50     -0.282763E+02   0.182918E+02  -0.505621E+01   0.961517E+01
    764    13.00   426.50     -0.262020E+02   0.607892E+01  -0.198183E+01   0.466599E+01
    765    19.00   426.50     -0.153779E+02  -0.919366E+00  -0.916164E-01   0.191321E+01
    766    31.00   426.50     -0.388733E+01  -0.131944E+01  -0.874453E-01   0.722422E+00
    767    55.00   426.50     -0.252813E+00  -0.504982E+00  -0.242781E+00   0.148056E+00
    768   103.00   426.50      0.167799E+00  -0.990086E-01  -0.212803E+00  -0.222860E-01
    769     0.50   427.50     -0.439226E+02  -0.440209E+02  -0.911119E+02   0.735788E+01
    770     1.50   427.50     -0.417468E+02  -0.424941E+02  -0.901618E+02   0.224482E+02
    771     2.50   427.50     -0.375152E+02  -0.394375E+02  -0.880227E+02   0.394125E+02
    772     3.50   427.50     -0.331672E+02  -0.338795E+02  -0.790791E+02   0.587124E+02
    773     4.25   427.50     -0.320365E+02  -0.253827E+02  -0.548102E+02   0.700620E+02
    774     4.75   427.50     -0.328132E+02  -0.202760E+02  -0.352512E+02   0.684474E+02
    775     5.50   427.50     -0.298177E+02  -0.148355E+02  -0.140335E+02   0.549025E+02
    776     6.50   427.50     -0.228745E+02  -0.129842E+02  -0.743101E+01   0.378788E+02
    777     7.50   427.50     -0.169129E+02  -0.116761E+02  -0.560290E+01   0.264619E+02
    778     8.50   427.50     -0.129964E+02  -0.104934E+02  -0.432767E+01   0.187713E+02
    779    10.00   427.50     -0.923120E+01  -0.894754E+01  -0.287744E+01   0.113781E+02
    780    13.00   427.50     -0.477216E+01  -0.648982E+01  -0.123620E+01   0.469973E+01
    781    19.00   427.50     -0.115834E+01  -0.367365E+01  -0.270269E+00   0.176903E+01
    782    31.00   427.50      0.285511E+00  -0.158514E+01  -0.105507E+00   0.774391E+00
    783    55.00   427.50      0.370768E+00  -0.521964E+00  -0.140379E+00   0.169852E+00
    784   103.00   427.50      0.325812E+00  -0.494246E-01  -0.119335E+00  -0.247290E-01
    785     0.50   428.50     -0.237997E+03  -0.238811E+03  -0.112778E+03   0.354389E+01
    786     1.50   428.50     -0.227194E+03  -0.232154E+03  -0.112620E+03   0.107912E+02
    787     2.50   428.50     -0.204818E+03  -0.218473E+03  -0.112333E+03   0.180755E+02
    788     3.50   428.50     -0.165611E+03  -0.194208E+03  -0.108411E+03   0.287424E+02
    789     4.25   428.50     -0.125970E+03  -0.163343E+03  -0.851436E+02   0.472530E+02
    790     4.75   428.50     -0.107900E+03  -0.131637E+03  -0.256582E+02   0.460500E+02
    791     5.50   428.50     -0.684797E+02  -0.104696E+03  -0.485409E+01   0.270978E+02
    792     6.50   428.50     -0.333103E+02  -0.816127E+02  -0.184871E+01   0.179005E+02
    793     7.50   428.50     -0.129520E+02  -0.645921E+02  -0.147012E+01   0.129446E+02
    794     8.50   428.50      0.562362E-01  -0.511797E+02  -0.116490E+01   0.918211E+01
    795    10.00   428.50      0.107363E+02  -0.364317E+02  -0.826990E+00   0.555105E+01
    796    13.00   428.50      0.171676E+02  -0.191527E+02  -0.625393E+00   0.229046E+01
    797    19.00   428.50      0.132142E+02  -0.646483E+01  -0.540643E+00   0.984774E+00
    798    31.00   428.50      0.446639E+01  -0.186661E+01  -0.150331E+00   0.481391E+00
    799    55.00   428.50      0.989160E+00  -0.544828E+00  -0.468458E-01   0.104075E+00
    800   103.00   428.50      0.482568E+00  -0.108489E-02  -0.276512E-01  -0.381838E-01
