  STRAINS @ CENTER OF THE ELEMENTS:


  ELEMENT  R-COORD  Z-COORD       EPS R          EPS TH         EPS Z         EPS RZ

      1     0.50    64.00      0.323214E-07   0.323193E-07  -0.374873E-05   0.130542E-08
      2     1.50    64.00      0.322982E-07   0.323119E-07  -0.374872E-05   0.230683E-08
      3     2.50    64.00      0.322664E-07   0.322993E-07  -0.374868E-05   0.369549E-08
      4     3.50    64.00      0.322257E-07   0.322834E-07  -0.374864E-05   0.509536E-08
      5     4.25    64.00      0.321984E-07   0.322728E-07  -0.374860E-05   0.626910E-08
      6     4.75    64.00      0.321758E-07   0.322637E-07  -0.374857E-05   0.723398E-08
      7     5.50    64.00      0.321369E-07   0.322465E-07  -0.374853E-05   0.862492E-08
      8     6.50    64.00      0.320880E-07   0.322257E-07  -0.374848E-05   0.100984E-07
      9     7.50    64.00      0.320226E-07   0.322028E-07  -0.374841E-05   0.116201E-07
     10     8.50    64.00      0.319461E-07   0.321769E-07  -0.374832E-05   0.132416E-07
     11    10.00    64.00      0.317766E-07   0.321195E-07  -0.374816E-05   0.157444E-07
     12    13.00    64.00      0.313079E-07   0.319441E-07  -0.374773E-05   0.212104E-07
     13    19.00    64.00      0.303084E-07   0.314307E-07  -0.374680E-05   0.358413E-07
     14    31.00    64.00      0.242320E-07   0.290238E-07  -0.374323E-05   0.669356E-07
     15    55.00    64.00     -0.707129E-08   0.165831E-07  -0.371775E-05   0.555287E-07
     16   103.00    64.00     -0.137840E-07   0.192455E-08  -0.369861E-05   0.198125E-07
     17     0.50   192.00      0.654539E-06   0.654596E-06  -0.521760E-05   0.147243E-07
     18     1.50   192.00      0.654116E-06   0.654454E-06  -0.521697E-05   0.462617E-07
     19     2.50   192.00      0.653297E-06   0.654176E-06  -0.521571E-05   0.774194E-07
     20     3.50   192.00      0.652077E-06   0.653766E-06  -0.521383E-05   0.108957E-06
     21     4.25   192.00      0.650961E-06   0.653371E-06  -0.521207E-05   0.133019E-06
     22     4.75   192.00      0.650075E-06   0.653072E-06  -0.521071E-05   0.149453E-06
     23     5.50   192.00      0.648525E-06   0.652566E-06  -0.520838E-05   0.172659E-06
     24     6.50   192.00      0.646143E-06   0.651769E-06  -0.520474E-05   0.203224E-06
     25     7.50   192.00      0.643354E-06   0.650840E-06  -0.520047E-05   0.233735E-06
     26     8.50   192.00      0.640174E-06   0.649778E-06  -0.519557E-05   0.264224E-06
     27    10.00   192.00      0.634514E-06   0.647943E-06  -0.518698E-05   0.309734E-06
     28    13.00   192.00      0.620407E-06   0.643372E-06  -0.516558E-05   0.399904E-06
     29    19.00   192.00      0.581704E-06   0.630767E-06  -0.510672E-05   0.577690E-06
     30    31.00   192.00      0.454937E-06   0.589466E-06  -0.492457E-05   0.850620E-06
     31    55.00   192.00      0.144568E-06   0.470010E-06  -0.441498E-05   0.109074E-05
     32   103.00   192.00     -0.408628E-06   0.162173E-06  -0.333507E-05   0.743827E-06
     33     0.50   288.00      0.521525E-05   0.521586E-05  -0.152556E-04   0.160196E-06
     34     1.50   288.00      0.521089E-05   0.521438E-05  -0.152491E-04   0.492494E-06
     35     2.50   288.00      0.520222E-05   0.521148E-05  -0.152361E-04   0.821518E-06
     36     3.50   288.00      0.518910E-05   0.520712E-05  -0.152166E-04   0.114930E-05
     37     4.25   288.00      0.517650E-05   0.520287E-05  -0.151977E-04   0.139460E-05
     38     4.75   288.00      0.516649E-05   0.519958E-05  -0.151829E-04   0.155700E-05
     39     5.50   288.00      0.514910E-05   0.519394E-05  -0.151575E-04   0.180154E-05
     40     6.50   288.00      0.512253E-05   0.518508E-05  -0.151181E-04   0.212494E-05
     41     7.50   288.00      0.509188E-05   0.517477E-05  -0.150725E-04   0.244747E-05
     42     8.50   288.00      0.505736E-05   0.516306E-05  -0.150209E-04   0.276839E-05
     43    10.00   288.00      0.499732E-05   0.514298E-05  -0.149319E-04   0.324311E-05
     44    13.00   288.00      0.484948E-05   0.509380E-05  -0.147129E-04   0.417173E-05
     45    19.00   288.00      0.444889E-05   0.496037E-05  -0.141214E-04   0.592111E-05
     46    31.00   288.00      0.331439E-05   0.456593E-05  -0.124256E-04   0.862455E-05
     47    55.00   288.00      0.576932E-06   0.343894E-05  -0.795596E-05   0.109243E-04
     48   103.00   288.00     -0.285759E-05   0.104406E-05  -0.137442E-05   0.594085E-05
     49     0.50   336.00      0.166506E-04   0.166537E-04  -0.400603E-04   0.644130E-06
     50     1.50   336.00      0.166287E-04   0.166462E-04  -0.400278E-04   0.195847E-05
     51     2.50   336.00      0.165848E-04   0.166316E-04  -0.399632E-04   0.326156E-05
     52     3.50   336.00      0.165189E-04   0.166096E-04  -0.398665E-04   0.455777E-05
     53     4.25   336.00      0.164561E-04   0.165882E-04  -0.397734E-04   0.552635E-05
     54     4.75   336.00      0.164073E-04   0.165718E-04  -0.397015E-04   0.616682E-05
     55     5.50   336.00      0.163236E-04   0.165440E-04  -0.395789E-04   0.712117E-05
     56     6.50   336.00      0.161943E-04   0.165006E-04  -0.393884E-04   0.838729E-05
     57     7.50   336.00      0.160442E-04   0.164501E-04  -0.391675E-04   0.963853E-05
     58     8.50   336.00      0.158739E-04   0.163926E-04  -0.389166E-04   0.108748E-04
     59    10.00   336.00      0.155795E-04   0.162940E-04  -0.384854E-04   0.126859E-04
     60    13.00   336.00      0.148652E-04   0.160534E-04  -0.374378E-04   0.161532E-04
     61    19.00   336.00      0.129912E-04   0.154080E-04  -0.346853E-04   0.222488E-04
     62    31.00   336.00      0.827306E-05   0.136051E-04  -0.274419E-04   0.302384E-04
     63    55.00   336.00     -0.834655E-06   0.909874E-05  -0.122060E-04   0.319608E-04
     64   103.00   336.00     -0.699156E-05   0.229516E-05   0.182440E-05   0.122224E-04
     65     0.50   360.00      0.327620E-04   0.327712E-04  -0.751955E-04   0.159097E-05
     66     1.50   360.00      0.326953E-04   0.327485E-04  -0.750985E-04   0.479178E-05
     67     2.50   360.00      0.325607E-04   0.327037E-04  -0.749043E-04   0.796946E-05
     68     3.50   360.00      0.323593E-04   0.326365E-04  -0.746138E-04   0.111223E-04
     69     4.25   360.00      0.321667E-04   0.325713E-04  -0.743333E-04   0.134693E-04
     70     4.75   360.00      0.320176E-04   0.325211E-04  -0.741180E-04   0.150218E-04
     71     5.50   360.00      0.317639E-04   0.324360E-04  -0.737530E-04   0.173208E-04
     72     6.50   360.00      0.313726E-04   0.323037E-04  -0.731864E-04   0.203435E-04
     73     7.50   360.00      0.309200E-04   0.321504E-04  -0.725313E-04   0.233061E-04
     74     8.50   360.00      0.304090E-04   0.319764E-04  -0.717911E-04   0.262026E-04
     75    10.00   360.00      0.295332E-04   0.316787E-04  -0.705284E-04   0.303896E-04
     76    13.00   360.00      0.274419E-04   0.309573E-04  -0.675037E-04   0.381519E-04
     77    19.00   360.00      0.222232E-04   0.290714E-04  -0.598451E-04   0.505065E-04
     78    31.00   360.00      0.104666E-04   0.241141E-04  -0.413851E-04   0.618474E-04
     79    55.00   360.00     -0.526249E-05   0.139946E-04  -0.127597E-04   0.510853E-04
     80   103.00   360.00     -0.988470E-05   0.291606E-05   0.425504E-05   0.139977E-04
     81     0.50   372.00      0.487466E-04   0.487651E-04  -0.110109E-03   0.276108E-05
     82     1.50   372.00      0.486113E-04   0.487190E-04  -0.109915E-03   0.827626E-05
     83     2.50   372.00      0.483402E-04   0.486285E-04  -0.109528E-03   0.137541E-04
     84     3.50   372.00      0.479355E-04   0.484931E-04  -0.108951E-03   0.191708E-04
     85     4.25   372.00      0.475486E-04   0.483621E-04  -0.108393E-03   0.231821E-04
     86     4.75   372.00      0.472462E-04   0.482609E-04  -0.107963E-03   0.258286E-04
     87     5.50   372.00      0.467297E-04   0.480887E-04  -0.107232E-03   0.297345E-04
     88     6.50   372.00      0.459395E-04   0.478212E-04  -0.106102E-03   0.348355E-04
     89     7.50   372.00      0.450325E-04   0.475117E-04  -0.104802E-03   0.397923E-04
     90     8.50   372.00      0.440130E-04   0.471617E-04  -0.103340E-03   0.445905E-04
     91    10.00   372.00      0.422796E-04   0.465640E-04  -0.100862E-03   0.514147E-04
     92    13.00   372.00      0.381992E-04   0.451264E-04  -0.950041E-04   0.636323E-04
     93    19.00   372.00      0.284764E-04   0.414542E-04  -0.806780E-04   0.812821E-04
     94    31.00   372.00      0.880795E-05   0.323980E-04  -0.490994E-04   0.908095E-04
     95    55.00   372.00     -0.101403E-04   0.166190E-04  -0.106677E-04   0.612059E-04
     96   103.00   372.00     -0.110055E-04   0.300252E-05   0.540496E-05   0.134984E-04
     97     0.50   379.00      0.632672E-04   0.632974E-04  -0.142250E-03   0.398679E-05
     98     1.50   379.00      0.630425E-04   0.632209E-04  -0.141929E-03   0.119509E-04
     99     2.50   379.00      0.625937E-04   0.630709E-04  -0.141292E-03   0.198465E-04
    100     3.50   379.00      0.619270E-04   0.628470E-04  -0.140343E-03   0.276321E-04
    101     4.25   379.00      0.612949E-04   0.626314E-04  -0.139433E-03   0.333765E-04
    102     4.75   379.00      0.608046E-04   0.624656E-04  -0.138735E-03   0.371537E-04
    103     5.50   379.00      0.599701E-04   0.621843E-04  -0.137553E-03   0.427153E-04
    104     6.50   379.00      0.586992E-04   0.617496E-04  -0.135735E-03   0.499314E-04
    105     7.50   379.00      0.572442E-04   0.612488E-04  -0.133649E-03   0.568824E-04
    106     8.50   379.00      0.556167E-04   0.606844E-04  -0.131313E-03   0.635495E-04
    107    10.00   379.00      0.528711E-04   0.597253E-04  -0.127379E-03   0.728963E-04
    108    13.00   379.00      0.465089E-04   0.574395E-04  -0.118191E-03   0.890473E-04
    109    19.00   379.00      0.319625E-04   0.517274E-04  -0.964376E-04   0.110043E-03
    110    31.00   379.00      0.540800E-05   0.384550E-04  -0.525475E-04   0.113935E-03
    111    55.00   379.00     -0.141415E-04   0.178855E-04  -0.804856E-05   0.657219E-04
    112   103.00   379.00     -0.113264E-04   0.293325E-05   0.589012E-05   0.125884E-04
    113     0.50   384.00      0.773986E-04   0.774433E-04  -0.173569E-03   0.534350E-05
    114     1.50   384.00      0.770686E-04   0.773309E-04  -0.173100E-03   0.159983E-04
    115     2.50   384.00      0.764109E-04   0.771104E-04  -0.172167E-03   0.265446E-04
    116     3.50   384.00      0.754390E-04   0.767828E-04  -0.170785E-03   0.369079E-04
    117     4.25   384.00      0.745164E-04   0.764680E-04  -0.169461E-03   0.445254E-04
    118     4.75   384.00      0.738002E-04   0.762258E-04  -0.168444E-03   0.495137E-04
    119     5.50   384.00      0.725807E-04   0.758149E-04  -0.166720E-03   0.568280E-04
    120     6.50   384.00      0.707255E-04   0.751798E-04  -0.164073E-03   0.662694E-04
    121     7.50   384.00      0.686141E-04   0.744492E-04  -0.161052E-03   0.752976E-04
    122     8.50   384.00      0.662668E-04   0.736280E-04  -0.157683E-03   0.838663E-04
    123    10.00   384.00      0.623339E-04   0.722376E-04  -0.152042E-03   0.957079E-04
    124    13.00   384.00      0.533659E-04   0.689515E-04  -0.139033E-03   0.115467E-03
    125    19.00   384.00      0.336406E-04   0.609144E-04  -0.109134E-03   0.138314E-03
    126    31.00   384.00      0.110473E-05   0.432673E-04  -0.537027E-04   0.133456E-03
    127    55.00   384.00     -0.174759E-04   0.185222E-04  -0.545895E-05   0.675697E-04
    128   103.00   384.00     -0.113182E-04   0.281965E-05   0.608946E-05   0.116858E-04
    129     0.50   387.00      0.880354E-04   0.880908E-04  -0.197131E-03   0.645271E-05
    130     1.50   387.00      0.876176E-04   0.879495E-04  -0.196540E-03   0.193163E-04
    131     2.50   387.00      0.867732E-04   0.876688E-04  -0.195349E-03   0.320210E-04
    132     3.50   387.00      0.855193E-04   0.872479E-04  -0.193574E-03   0.444642E-04
    133     4.25   387.00      0.843343E-04   0.868432E-04  -0.191878E-03   0.535942E-04
    134     4.75   387.00      0.834179E-04   0.865321E-04  -0.190578E-03   0.595633E-04
    135     5.50   387.00      0.818705E-04   0.860056E-04  -0.188392E-03   0.682967E-04
    136     6.50   387.00      0.795119E-04   0.851945E-04  -0.185032E-03   0.795132E-04
    137     7.50   387.00      0.768273E-04   0.842630E-04  -0.181197E-03   0.901614E-04
    138     8.50   387.00      0.738542E-04   0.832172E-04  -0.176934E-03   0.100188E-03
    139    10.00   387.00      0.689055E-04   0.814516E-04  -0.169830E-03   0.113893E-03
    140    13.00   387.00      0.577602E-04   0.773056E-04  -0.153609E-03   0.136105E-03
    141    19.00   387.00      0.339219E-04   0.673233E-04  -0.117143E-03   0.159323E-03
    142    31.00   387.00     -0.251177E-05   0.462860E-04  -0.535336E-04   0.146194E-03
    143    55.00   387.00     -0.196112E-04   0.187440E-04  -0.361836E-05   0.679003E-04
    144   103.00   387.00     -0.111932E-04   0.272383E-05   0.613080E-05   0.110549E-04
    145     0.50   388.50      0.941253E-04   0.941904E-04  -0.210688E-03   0.710968E-05
    146     1.50   388.50      0.936533E-04   0.940278E-04  -0.210021E-03   0.212877E-04
    147     2.50   388.50      0.927036E-04   0.937121E-04  -0.208684E-03   0.353169E-04
    148     3.50   388.50      0.912724E-04   0.932362E-04  -0.206665E-03   0.490324E-04
    149     4.25   388.50      0.899178E-04   0.927755E-04  -0.204729E-03   0.590723E-04
    150     4.75   388.50      0.888810E-04   0.924215E-04  -0.203256E-03   0.656236E-04
    151     5.50   388.50      0.871145E-04   0.918223E-04  -0.200765E-03   0.751851E-04
    152     6.50   388.50      0.844307E-04   0.908988E-04  -0.196945E-03   0.874474E-04
    153     7.50   388.50      0.813884E-04   0.898392E-04  -0.192594E-03   0.990352E-04
    154     8.50   388.50      0.780331E-04   0.886520E-04  -0.187775E-03   0.109882E-03
    155    10.00   388.50      0.724580E-04   0.866519E-04  -0.179766E-03   0.124653E-03
    156    13.00   388.50      0.599854E-04   0.819733E-04  -0.161563E-03   0.148172E-03
    157    19.00   388.50      0.337481E-04   0.708067E-04  -0.121192E-03   0.171166E-03
    158    31.00   388.50     -0.466719E-05   0.478107E-04  -0.531152E-04   0.152766E-03
    159    55.00   388.50     -0.207000E-04   0.187975E-04  -0.262096E-05   0.677861E-04
    160   103.00   388.50     -0.110920E-04   0.266830E-05   0.612420E-05   0.107148E-04
    161     0.50   389.50      0.985228E-04   0.985951E-04  -0.220535E-03   0.762085E-05
    162     1.50   389.50      0.979973E-04   0.984133E-04  -0.219789E-03   0.227555E-04
    163     2.50   389.50      0.969699E-04   0.980664E-04  -0.218340E-03   0.377504E-04
    164     3.50   389.50      0.954260E-04   0.975514E-04  -0.216165E-03   0.524379E-04
    165     4.25   389.50      0.939396E-04   0.970516E-04  -0.214044E-03   0.631538E-04
    166     4.75   389.50      0.927882E-04   0.966649E-04  -0.212413E-03   0.701299E-04
    167     5.50   389.50      0.908419E-04   0.960078E-04  -0.209670E-03   0.802993E-04
    168     6.50   389.50      0.879213E-04   0.949955E-04  -0.205504E-03   0.933097E-04
    169     7.50   389.50      0.846235E-04   0.938388E-04  -0.200780E-03   0.105610E-03
    170     8.50   389.50      0.809684E-04   0.925443E-04  -0.195528E-03   0.117063E-03
    171    10.00   389.50      0.749221E-04   0.903658E-04  -0.186826E-03   0.132565E-03
    172    13.00   389.50      0.614621E-04   0.852856E-04  -0.167131E-03   0.156959E-03
    173    19.00   389.50      0.334816E-04   0.732375E-04  -0.123873E-03   0.179636E-03
    174    31.00   389.50     -0.624081E-05   0.488256E-04  -0.526903E-04   0.157169E-03
    175    55.00   389.50     -0.214293E-04   0.188088E-04  -0.192886E-05   0.675838E-04
    176   103.00   389.50     -0.110092E-04   0.262856E-05   0.610867E-05   0.104796E-04
    177     0.50   390.50      0.103221E-03   0.103299E-03  -0.231072E-03   0.817532E-05
    178     1.50   390.50      0.102642E-03   0.103101E-03  -0.230249E-03   0.243957E-04
    179     2.50   390.50      0.101507E-03   0.102718E-03  -0.228644E-03   0.404243E-04
    180     3.50   390.50      0.998119E-04   0.102150E-03  -0.226252E-03   0.561290E-04
    181     4.25   390.50      0.981928E-04   0.101601E-03  -0.223941E-03   0.675856E-04
    182     4.75   390.50      0.969312E-04   0.101178E-03  -0.222154E-03   0.750343E-04
    183     5.50   390.50      0.948028E-04   0.100458E-03  -0.219148E-03   0.858781E-04
    184     6.50   390.50      0.916051E-04   0.993502E-04  -0.214582E-03   0.996975E-04
    185     7.50   390.50      0.880106E-04   0.980842E-04  -0.209432E-03   0.112733E-03
    186     8.50   390.50      0.840337E-04   0.966706E-04  -0.203709E-03   0.124843E-03
    187    10.00   390.50      0.774609E-04   0.942933E-04  -0.194232E-03   0.141121E-03
    188    13.00   390.50      0.629220E-04   0.887682E-04  -0.172902E-03   0.166398E-03
    189    19.00   390.50      0.330730E-04   0.757572E-04  -0.126515E-03   0.188546E-03
    190    31.00   390.50     -0.793148E-05   0.498345E-04  -0.521417E-04   0.161581E-03
    191    55.00   390.50     -0.221560E-04   0.187998E-04  -0.121956E-05   0.672886E-04
    192   103.00   390.50     -0.109140E-04   0.258645E-05   0.608503E-05   0.102399E-04
    193     0.50   391.50      0.108252E-03   0.108334E-03  -0.242389E-03   0.876817E-05
    194     1.50   391.50      0.107618E-03   0.108123E-03  -0.241494E-03   0.261823E-04
    195     2.50   391.50      0.106328E-03   0.107694E-03  -0.239668E-03   0.433676E-04
    196     3.50   391.50      0.104450E-03   0.107055E-03  -0.236997E-03   0.601832E-04
    197     4.25   391.50      0.102687E-03   0.106447E-03  -0.234464E-03   0.724287E-04
    198     4.75   391.50      0.101329E-03   0.105982E-03  -0.232533E-03   0.804130E-04
    199     5.50   391.50      0.990148E-04   0.105195E-03  -0.229258E-03   0.919656E-04
    200     6.50   391.50      0.954962E-04   0.103983E-03  -0.224233E-03   0.106684E-03
    201     7.50   391.50      0.915487E-04   0.102594E-03  -0.218567E-03   0.120468E-03
    202     8.50   391.50      0.872257E-04   0.101046E-03  -0.212341E-03   0.133295E-03
    203    10.00   391.50      0.800779E-04   0.984493E-04  -0.202011E-03   0.150378E-03
    204    13.00   391.50      0.643514E-04   0.924305E-04  -0.178870E-03   0.176533E-03
    205    19.00   391.50      0.325071E-04   0.783659E-04  -0.129106E-03   0.197928E-03
    206    31.00   391.50     -0.974595E-05   0.508329E-04  -0.514617E-04   0.165981E-03
    207    55.00   391.50     -0.228764E-04   0.187694E-04  -0.496138E-06   0.668977E-04
    208   103.00   391.50     -0.108059E-04   0.254196E-05   0.605240E-05   0.999603E-05
    209     0.50   392.50      0.113624E-03   0.113718E-03  -0.254499E-03   0.939614E-05
    210     1.50   392.50      0.112911E-03   0.113478E-03  -0.253490E-03   0.281410E-04
    211     2.50   392.50      0.111488E-03   0.113001E-03  -0.251472E-03   0.466163E-04
    212     3.50   392.50      0.109417E-03   0.112294E-03  -0.248522E-03   0.646169E-04
    213     4.25   392.50      0.107481E-03   0.111624E-03  -0.245737E-03   0.777724E-04
    214     4.75   392.50      0.105983E-03   0.111111E-03  -0.243604E-03   0.862663E-04
    215     5.50   392.50      0.103452E-03   0.110245E-03  -0.240017E-03   0.986369E-04
    216     6.50   392.50      0.996090E-04   0.108914E-03  -0.234521E-03   0.114329E-03
    217     7.50   392.50      0.952665E-04   0.107392E-03  -0.228280E-03   0.128941E-03
    218     8.50   392.50      0.905375E-04   0.105692E-03  -0.221444E-03   0.142484E-03
    219    10.00   392.50      0.827633E-04   0.102849E-03  -0.210184E-03   0.160430E-03
    220    13.00   392.50      0.657335E-04   0.962821E-04  -0.185035E-03   0.187427E-03
    221    19.00   392.50      0.317662E-04   0.810640E-04  -0.131630E-03   0.207802E-03
    222    31.00   392.50     -0.116898E-04   0.518159E-04  -0.506370E-04   0.170342E-03
    223    55.00   392.50     -0.235866E-04   0.187162E-04   0.239899E-06   0.664073E-04
    224   103.00   392.50     -0.106847E-04   0.249510E-05   0.601106E-05   0.974845E-05
    225     0.50   393.50      0.119353E-03   0.119462E-03  -0.267452E-03   0.101198E-04
    226     1.50   393.50      0.118571E-03   0.119190E-03  -0.266335E-03   0.302952E-04
    227     2.50   393.50      0.117022E-03   0.118671E-03  -0.264135E-03   0.501893E-04
    228     3.50   393.50      0.114732E-03   0.117898E-03  -0.260878E-03   0.695062E-04
    229     4.25   393.50      0.112589E-03   0.117158E-03  -0.257792E-03   0.835860E-04
    230     4.75   393.50      0.110939E-03   0.116593E-03  -0.255441E-03   0.927176E-04
    231     5.50   393.50      0.108137E-03   0.115637E-03  -0.251468E-03   0.105946E-03
    232     6.50   393.50      0.103928E-03   0.114170E-03  -0.245435E-03   0.122672E-03
    233     7.50   393.50      0.991832E-04   0.112497E-03  -0.238606E-03   0.138217E-03
    234     8.50   393.50      0.939829E-04   0.110630E-03  -0.231080E-03   0.152482E-03
    235    10.00   393.50      0.855060E-04   0.107511E-03  -0.218766E-03   0.171333E-03
    236    13.00   393.50      0.670482E-04   0.100333E-03  -0.191390E-03   0.199137E-03
    237    19.00   393.50      0.308270E-04   0.838505E-04  -0.134065E-03   0.218184E-03
    238    31.00   393.50     -0.137668E-04   0.527775E-04  -0.496548E-04   0.174637E-03
    239    55.00   393.50     -0.242820E-04   0.186392E-04   0.986156E-06   0.658116E-04
    240   103.00   393.50     -0.105500E-04   0.244586E-05   0.596059E-05   0.949728E-05
    241     0.50   394.50      0.125483E-03   0.125596E-03  -0.281351E-03   0.109310E-04
    242     1.50   394.50      0.124630E-03   0.125307E-03  -0.280139E-03   0.326656E-04
    243     2.50   394.50      0.122943E-03   0.124739E-03  -0.277746E-03   0.540847E-04
    244     3.50   394.50      0.120413E-03   0.123895E-03  -0.274151E-03   0.748960E-04
    245     4.25   394.50      0.118026E-03   0.123078E-03  -0.270714E-03   0.899848E-04
    246     4.75   394.50      0.116201E-03   0.122453E-03  -0.268107E-03   0.997679E-04
    247     5.50   394.50      0.113125E-03   0.121397E-03  -0.263731E-03   0.113952E-03
    248     6.50   394.50      0.108473E-03   0.119779E-03  -0.257046E-03   0.131805E-03
    249     7.50   394.50      0.103273E-03   0.117933E-03  -0.249545E-03   0.148338E-03
    250     8.50   394.50      0.975755E-04   0.115880E-03  -0.241282E-03   0.163424E-03
    251    10.00   394.50      0.882858E-04   0.112450E-03  -0.227753E-03   0.183153E-03
    252    13.00   394.50      0.682845E-04   0.104593E-03  -0.197950E-03   0.211722E-03
    253    19.00   394.50      0.296607E-04   0.867243E-04  -0.136385E-03   0.229095E-03
    254    31.00   394.50     -0.159791E-04   0.537113E-04  -0.485110E-04   0.178833E-03
    255    55.00   394.50     -0.249581E-04   0.185370E-04   0.173815E-05   0.651088E-04
    256   103.00   394.50     -0.104015E-04   0.239426E-05   0.590060E-05   0.924276E-05
    257     0.50   395.50      0.132073E-03   0.132201E-03  -0.296339E-03   0.118045E-04
    258     1.50   395.50      0.131130E-03   0.131878E-03  -0.294995E-03   0.352881E-04
    259     2.50   395.50      0.129247E-03   0.131248E-03  -0.292320E-03   0.583804E-04
    260     3.50   395.50      0.126470E-03   0.130311E-03  -0.288370E-03   0.808197E-04
    261     4.25   395.50      0.123834E-03   0.129412E-03  -0.284574E-03   0.970409E-04
    262     4.75   395.50      0.121811E-03   0.128720E-03  -0.281682E-03   0.107561E-03
    263     5.50   395.50      0.118408E-03   0.127554E-03  -0.276833E-03   0.122737E-03
    264     6.50   395.50      0.113287E-03   0.125765E-03  -0.269469E-03   0.141838E-03
    265     7.50   395.50      0.107551E-03   0.123729E-03  -0.261168E-03   0.159379E-03
    266     8.50   395.50      0.101272E-03   0.121463E-03  -0.252048E-03   0.175387E-03
    267    10.00   395.50      0.911068E-04   0.117685E-03  -0.237178E-03   0.195998E-03
    268    13.00   395.50      0.694151E-04   0.109071E-03  -0.204712E-03   0.225258E-03
    269    19.00   395.50      0.282403E-04   0.896829E-04  -0.138559E-03   0.240531E-03
    270    31.00   395.50     -0.183287E-04   0.546099E-04  -0.471959E-04   0.182894E-03
    271    55.00   395.50     -0.256094E-04   0.184085E-04   0.249239E-05   0.642993E-04
    272   103.00   395.50     -0.102390E-04   0.234029E-05   0.583053E-05   0.898535E-05
    273     0.50   396.50      0.139162E-03   0.139305E-03  -0.312529E-03   0.127889E-04
    274     1.50   396.50      0.138097E-03   0.138941E-03  -0.311008E-03   0.381648E-04
    275     2.50   396.50      0.136003E-03   0.138235E-03  -0.308022E-03   0.631299E-04
    276     3.50   396.50      0.132933E-03   0.137192E-03  -0.303634E-03   0.873316E-04
    277     4.25   396.50      0.130035E-03   0.136197E-03  -0.299449E-03   0.104875E-03
    278     4.75   396.50      0.127781E-03   0.135433E-03  -0.296225E-03   0.116112E-03
    279     5.50   396.50      0.123997E-03   0.134139E-03  -0.290833E-03   0.132408E-03
    280     6.50   396.50      0.118344E-03   0.132157E-03  -0.282679E-03   0.152797E-03
    281     7.50   396.50      0.111999E-03   0.129904E-03  -0.273490E-03   0.171485E-03
    282     8.50   396.50      0.105100E-03   0.127398E-03  -0.263433E-03   0.188406E-03
    283    10.00   396.50      0.939738E-04   0.123233E-03  -0.247099E-03   0.209972E-03
    284    13.00   396.50      0.703992E-04   0.113774E-03  -0.211629E-03   0.239782E-03
    285    19.00   396.50      0.265411E-04   0.927214E-04  -0.140553E-03   0.252501E-03
    286    31.00   396.50     -0.208168E-04   0.554651E-04  -0.456979E-04   0.186785E-03
    287    55.00   396.50     -0.262301E-04   0.182524E-04   0.324504E-05   0.633782E-04
    288   103.00   396.50     -0.100622E-04   0.228397E-05   0.575065E-05   0.872549E-05
    289     0.50   397.50      0.146767E-03   0.146925E-03  -0.329965E-03   0.138604E-04
    290     1.50   397.50      0.145589E-03   0.146524E-03  -0.328283E-03   0.413841E-04
    291     2.50   397.50      0.143267E-03   0.145740E-03  -0.324969E-03   0.683817E-04
    292     3.50   397.50      0.139834E-03   0.144582E-03  -0.320064E-03   0.945247E-04
    293     4.25   397.50      0.136596E-03   0.143471E-03  -0.315382E-03   0.113428E-03
    294     4.75   397.50      0.134105E-03   0.142620E-03  -0.311810E-03   0.125577E-03
    295     5.50   397.50      0.129915E-03   0.141182E-03  -0.305813E-03   0.143024E-03
    296     6.50   397.50      0.123630E-03   0.138980E-03  -0.296728E-03   0.164817E-03
    297     7.50   397.50      0.116646E-03   0.136478E-03  -0.286571E-03   0.184731E-03
    298     8.50   397.50      0.109075E-03   0.133708E-03  -0.275490E-03   0.202610E-03
    299    10.00   397.50      0.968426E-04   0.129110E-03  -0.257473E-03   0.225149E-03
    300    13.00   397.50      0.712240E-04   0.118710E-03  -0.218698E-03   0.255382E-03
    301    19.00   397.50      0.245265E-04   0.958338E-04  -0.142332E-03   0.264991E-03
    302    31.00   397.50     -0.234417E-04   0.562678E-04  -0.440109E-04   0.190459E-03
    303    55.00   397.50     -0.268142E-04   0.180675E-04   0.399123E-05   0.623454E-04
    304   103.00   397.50     -0.987102E-05   0.222529E-05   0.566037E-05   0.846402E-05
    305     0.50   398.50      0.154957E-03   0.155129E-03  -0.348792E-03   0.150599E-04
    306     1.50   398.50      0.153661E-03   0.154691E-03  -0.346943E-03   0.449452E-04
    307     2.50   398.50      0.151021E-03   0.153817E-03  -0.343179E-03   0.742228E-04
    308     3.50   398.50      0.147163E-03   0.152506E-03  -0.337650E-03   0.102465E-03
    309     4.25   398.50      0.143579E-03   0.151261E-03  -0.332451E-03   0.122865E-03
    310     4.75   398.50      0.140816E-03   0.150311E-03  -0.328479E-03   0.135956E-03
    311     5.50   398.50      0.136162E-03   0.148708E-03  -0.321810E-03   0.154716E-03
    312     6.50   398.50      0.129215E-03   0.146260E-03  -0.311742E-03   0.178068E-03
    313     7.50   398.50      0.121490E-03   0.143484E-03  -0.300478E-03   0.199246E-03
    314     8.50   398.50      0.113139E-03   0.140413E-03  -0.288222E-03   0.218131E-03
    315    10.00   398.50      0.996954E-04   0.135328E-03  -0.268324E-03   0.241660E-03
    316    13.00   398.50      0.718524E-04   0.123883E-03  -0.225919E-03   0.272125E-03
    317    19.00   398.50      0.221647E-04   0.990101E-04  -0.143851E-03   0.277957E-03
    318    31.00   398.50     -0.261995E-04   0.570081E-04  -0.421262E-04   0.193869E-03
    319    55.00   398.50     -0.273549E-04   0.178527E-04   0.472787E-05   0.612003E-04
    320   103.00   398.50     -0.966522E-05   0.216428E-05   0.556041E-05   0.820128E-05
    321     0.50   399.50      0.163784E-03   0.163986E-03  -0.369196E-03   0.163568E-04
    322     1.50   399.50      0.162291E-03   0.163475E-03  -0.367051E-03   0.488533E-04
    323     2.50   399.50      0.159353E-03   0.162484E-03  -0.362838E-03   0.807186E-04
    324     3.50   399.50      0.155015E-03   0.161018E-03  -0.356600E-03   0.111336E-03
    325     4.25   399.50      0.150972E-03   0.159616E-03  -0.350722E-03   0.133336E-03
    326     4.75   399.50      0.147911E-03   0.158549E-03  -0.346302E-03   0.147458E-03
    327     5.50   399.50      0.142776E-03   0.156759E-03  -0.338910E-03   0.167611E-03
    328     6.50   399.50      0.135057E-03   0.154033E-03  -0.327703E-03   0.192654E-03
    329     7.50   399.50      0.126476E-03   0.150943E-03  -0.315170E-03   0.215142E-03
    330     8.50   399.50      0.117272E-03   0.147531E-03  -0.301613E-03   0.235063E-03
    331    10.00   399.50      0.102528E-03   0.141901E-03  -0.279702E-03   0.259607E-03
    332    13.00   399.50      0.722245E-04   0.129296E-03  -0.233230E-03   0.290049E-03
    333    19.00   399.50      0.194306E-04   0.102237E-03  -0.145070E-03   0.291382E-03
    334    31.00   399.50     -0.290851E-04   0.576746E-04  -0.400397E-04   0.196960E-03
    335    55.00   399.50     -0.278450E-04   0.176069E-04   0.544821E-05   0.599455E-04
    336   103.00   399.50     -0.944472E-05   0.210095E-05   0.545002E-05   0.793743E-05
    337     0.50   400.50      0.173248E-03   0.173473E-03  -0.391179E-03   0.178477E-04
    338     1.50   400.50      0.171573E-03   0.172901E-03  -0.388766E-03   0.532521E-04
    339     2.50   400.50      0.168275E-03   0.171789E-03  -0.384028E-03   0.878707E-04
    340     3.50   400.50      0.163418E-03   0.170145E-03  -0.377042E-03   0.121152E-03
    341     4.25   400.50      0.158890E-03   0.168574E-03  -0.370434E-03   0.144901E-03
    342     4.75   400.50      0.155473E-03   0.167379E-03  -0.365479E-03   0.160108E-03
    343     5.50   400.50      0.149718E-03   0.165375E-03  -0.357180E-03   0.181875E-03
    344     6.50   400.50      0.141138E-03   0.162325E-03  -0.344670E-03   0.208676E-03
    345     7.50   400.50      0.131669E-03   0.158883E-03  -0.330766E-03   0.232628E-03
    346     8.50   400.50      0.121444E-03   0.155089E-03  -0.315661E-03   0.253641E-03
    347    10.00   400.50      0.105264E-03   0.148841E-03  -0.291520E-03   0.279083E-03
    348    13.00   400.50      0.722964E-04   0.134945E-03  -0.240590E-03   0.309248E-03
    349    19.00   400.50      0.162927E-04   0.105498E-03  -0.145956E-03   0.305266E-03
    350    31.00   400.50     -0.320907E-04   0.582554E-04  -0.377474E-04   0.199686E-03
    351    55.00   400.50     -0.282769E-04   0.173289E-04   0.614780E-05   0.585825E-04
    352   103.00   400.50     -0.920947E-05   0.203530E-05   0.532969E-05   0.767309E-05
    353     0.50   401.50      0.183400E-03   0.183654E-03  -0.414881E-03   0.194793E-04
    354     1.50   401.50      0.181527E-03   0.183012E-03  -0.412178E-03   0.580981E-04
    355     2.50   401.50      0.177812E-03   0.181765E-03  -0.406835E-03   0.958541E-04
    356     3.50   401.50      0.172408E-03   0.179920E-03  -0.399032E-03   0.132021E-03
    357     4.25   401.50      0.167365E-03   0.178170E-03  -0.391670E-03   0.157757E-03
    358     4.75   401.50      0.163475E-03   0.176832E-03  -0.386041E-03   0.174168E-03
    359     5.50   401.50      0.157016E-03   0.174582E-03  -0.376699E-03   0.197604E-03
    360     6.50   401.50      0.147498E-03   0.171168E-03  -0.362757E-03   0.226297E-03
    361     7.50   401.50      0.136968E-03   0.167325E-03  -0.347258E-03   0.251802E-03
    362     8.50   401.50      0.125645E-03   0.163097E-03  -0.330460E-03   0.273902E-03
    363    10.00   401.50      0.107895E-03   0.156159E-03  -0.303778E-03   0.300228E-03
    364    13.00   401.50      0.719972E-04   0.140823E-03  -0.247949E-03   0.329752E-03
    365    19.00   401.50      0.127171E-04   0.108776E-03  -0.146448E-03   0.319490E-03
    366    31.00   401.50     -0.352028E-04   0.587374E-04  -0.352500E-04   0.201989E-03
    367    55.00   401.50     -0.286425E-04   0.170179E-04   0.681886E-05   0.571143E-04
    368   103.00   401.50     -0.895945E-05   0.196736E-05   0.519862E-05   0.740867E-05
    369     0.50   402.50      0.194276E-03   0.194555E-03  -0.440419E-03   0.213039E-04
    370     1.50   402.50      0.192174E-03   0.193842E-03  -0.437389E-03   0.634845E-04
    371     2.50   402.50      0.188066E-03   0.192447E-03  -0.431465E-03   0.104649E-03
    372     3.50   402.50      0.182012E-03   0.190401E-03  -0.422725E-03   0.144045E-03
    373     4.25   402.50      0.176307E-03   0.188438E-03  -0.414385E-03   0.172044E-03
    374     4.75   402.50      0.171962E-03   0.186938E-03  -0.408080E-03   0.189838E-03
    375     5.50   402.50      0.164749E-03   0.184418E-03  -0.397618E-03   0.215021E-03
    376     6.50   402.50      0.154038E-03   0.180591E-03  -0.381908E-03   0.245719E-03
    377     7.50   402.50      0.142314E-03   0.176282E-03  -0.364582E-03   0.272789E-03
    378     8.50   402.50      0.129900E-03   0.171565E-03  -0.346043E-03   0.296031E-03
    379    10.00   402.50      0.110327E-03   0.163860E-03  -0.316481E-03   0.323143E-03
    380    13.00   402.50      0.712685E-04   0.146916E-03  -0.255217E-03   0.351599E-03
    381    19.00   402.50      0.867261E-05   0.112040E-03  -0.146484E-03   0.333929E-03
    382    31.00   402.50     -0.384024E-04   0.591063E-04  -0.325479E-04   0.203805E-03
    383    55.00   402.50     -0.289336E-04   0.166728E-04   0.745583E-05   0.555440E-04
    384   103.00   402.50     -0.869468E-05   0.189715E-05   0.505691E-05   0.714475E-05
    385     0.50   403.50      0.205964E-03   0.206274E-03  -0.468112E-03   0.232953E-04
    386     1.50   403.50      0.203637E-03   0.205486E-03  -0.464759E-03   0.695771E-04
    387     2.50   403.50      0.198976E-03   0.203925E-03  -0.458033E-03   0.114496E-03
    388     3.50   403.50      0.192187E-03   0.201614E-03  -0.448201E-03   0.157422E-03
    389     4.25   403.50      0.185812E-03   0.199414E-03  -0.438851E-03   0.187859E-03
    390     4.75   403.50      0.180914E-03   0.197730E-03  -0.431724E-03   0.207099E-03
    391     5.50   403.50      0.172780E-03   0.194897E-03  -0.419884E-03   0.234198E-03
    392     6.50   403.50      0.160825E-03   0.190599E-03  -0.402259E-03   0.267154E-03
    393     7.50   403.50      0.147818E-03   0.185776E-03  -0.382918E-03   0.295825E-03
    394     8.50   403.50      0.134049E-03   0.180510E-03  -0.362271E-03   0.320172E-03
    395    10.00   403.50      0.112491E-03   0.171934E-03  -0.329537E-03   0.347948E-03
    396    13.00   403.50      0.700095E-04   0.153201E-03  -0.262287E-03   0.374767E-03
    397    19.00   403.50      0.414220E-05   0.115258E-03  -0.146017E-03   0.348489E-03
    398    31.00   403.50     -0.416657E-04   0.593467E-04  -0.296489E-04   0.205066E-03
    399    55.00   403.50     -0.291416E-04   0.162928E-04   0.805331E-05   0.538763E-04
    400   103.00   403.50     -0.841523E-05   0.182469E-05   0.490494E-05   0.688176E-05
    401     0.50   404.50      0.218545E-03   0.218902E-03  -0.498191E-03   0.255515E-04
    402     1.50   404.50      0.215897E-03   0.217997E-03  -0.494349E-03   0.762202E-04
    403     2.50   404.50      0.210629E-03   0.216232E-03  -0.486726E-03   0.125456E-03
    404     3.50   404.50      0.202898E-03   0.213608E-03  -0.475478E-03   0.172222E-03
    405     4.25   404.50      0.195742E-03   0.211113E-03  -0.464944E-03   0.205395E-03
    406     4.75   404.50      0.190278E-03   0.209214E-03  -0.456955E-03   0.226214E-03
    407     5.50   404.50      0.181191E-03   0.206028E-03  -0.443669E-03   0.255407E-03
    408     6.50   404.50      0.167872E-03   0.201208E-03  -0.423942E-03   0.290642E-03
    409     7.50   404.50      0.153354E-03   0.195813E-03  -0.402254E-03   0.321007E-03
    410     8.50   404.50      0.138015E-03   0.189924E-03  -0.379125E-03   0.346421E-03
    411    10.00   404.50      0.114287E-03   0.180364E-03  -0.342823E-03   0.374715E-03
    412    13.00   404.50      0.681467E-04   0.159641E-03  -0.269065E-03   0.399225E-03
    413    19.00   404.50     -0.895423E-06   0.118389E-03  -0.144992E-03   0.363074E-03
    414    31.00   404.50     -0.449622E-04   0.594421E-04  -0.265645E-04   0.205715E-03
    415    55.00   404.50     -0.292578E-04   0.158772E-04   0.860433E-05   0.521159E-04
    416   103.00   404.50     -0.812127E-05   0.174999E-05   0.474274E-05   0.662006E-05
    417     0.50   405.50      0.232018E-03   0.232429E-03  -0.530698E-03   0.280693E-04
    418     1.50   405.50      0.228962E-03   0.231384E-03  -0.526241E-03   0.837030E-04
    419     2.50   405.50      0.222994E-03   0.229361E-03  -0.517553E-03   0.137608E-03
    420     3.50   405.50      0.214240E-03   0.226388E-03  -0.504785E-03   0.188733E-03
    421     4.25   405.50      0.206122E-03   0.223555E-03  -0.492784E-03   0.224648E-03
    422     4.75   405.50      0.200043E-03   0.221406E-03  -0.483834E-03   0.247286E-03
    423     5.50   405.50      0.189901E-03   0.217821E-03  -0.468938E-03   0.278782E-03
    424     6.50   405.50      0.174986E-03   0.212406E-03  -0.446748E-03   0.316361E-03
    425     7.50   405.50      0.158839E-03   0.206358E-03  -0.422509E-03   0.348463E-03
    426     8.50   405.50      0.141801E-03   0.199775E-03  -0.396656E-03   0.374893E-03
    427    10.00   405.50      0.115601E-03   0.189115E-03  -0.356240E-03   0.403426E-03
    428    13.00   405.50      0.656184E-04   0.166186E-03  -0.275450E-03   0.424910E-03
    429    19.00   405.50     -0.645800E-05   0.121385E-03  -0.143335E-03   0.377445E-03
    430    31.00   405.50     -0.482529E-04   0.593752E-04  -0.233147E-04   0.205692E-03
    431    55.00   405.50     -0.292736E-04   0.154254E-04   0.910209E-05   0.502696E-04
    432   103.00   405.50     -0.781299E-05   0.167309E-05   0.457041E-05   0.636010E-05
    433     0.50   406.50      0.246367E-03   0.246848E-03  -0.565738E-03   0.309482E-04
    434     1.50   406.50      0.242871E-03   0.245640E-03  -0.560611E-03   0.920717E-04
    435     2.50   406.50      0.236050E-03   0.243328E-03  -0.550637E-03   0.151148E-03
    436     3.50   406.50      0.226178E-03   0.239940E-03  -0.536156E-03   0.207042E-03
    437     4.25   406.50      0.217053E-03   0.236739E-03  -0.522598E-03   0.246038E-03
    438     4.75   406.50      0.210151E-03   0.234311E-03  -0.512398E-03   0.270395E-03
    439     5.50   406.50      0.198779E-03   0.230261E-03  -0.495611E-03   0.304387E-03
    440     6.50   406.50      0.182089E-03   0.224166E-03  -0.470644E-03   0.344489E-03
    441     7.50   406.50      0.164058E-03   0.217370E-03  -0.443419E-03   0.378233E-03
    442     8.50   406.50      0.145233E-03   0.210000E-03  -0.414659E-03   0.405640E-03
    443    10.00   406.50      0.116381E-03   0.198119E-03  -0.369762E-03   0.434124E-03
    444    13.00   406.50      0.623267E-04   0.172765E-03  -0.281279E-03   0.451613E-03
    445    19.00   406.50     -0.125286E-04   0.124187E-03  -0.140990E-03   0.391347E-03
    446    31.00   406.50     -0.514933E-04   0.591275E-04  -0.199219E-04   0.204930E-03
    447    55.00   406.50     -0.291804E-04   0.149368E-04   0.953976E-05   0.483471E-04
    448   103.00   406.50     -0.749064E-05   0.159400E-05   0.438838E-05   0.610197E-05
    449     0.50   407.50      0.261586E-03   0.262118E-03  -0.603456E-03   0.341470E-04
    450     1.50   407.50      0.257598E-03   0.260762E-03  -0.597599E-03   0.101431E-03
    451     2.50   407.50      0.249775E-03   0.258110E-03  -0.586094E-03   0.166267E-03
    452     3.50   407.50      0.238609E-03   0.254245E-03  -0.569599E-03   0.227166E-03
    453     4.25   407.50      0.228313E-03   0.250615E-03  -0.554221E-03   0.269542E-03
    454     4.75   407.50      0.220509E-03   0.247865E-03  -0.542638E-03   0.295946E-03
    455     5.50   407.50      0.207680E-03   0.243280E-03  -0.523569E-03   0.332257E-03
    456     6.50   407.50      0.189056E-03   0.236402E-03  -0.495518E-03   0.375027E-03
    457     7.50   407.50      0.169022E-03   0.228774E-03  -0.465020E-03   0.410451E-03
    458     8.50   407.50      0.148141E-03   0.220523E-03  -0.432876E-03   0.438642E-03
    459    10.00   407.50      0.116446E-03   0.207279E-03  -0.383125E-03   0.466680E-03
    460    13.00   407.50      0.581946E-04   0.179282E-03  -0.286385E-03   0.479139E-03
    461    19.00   407.50     -0.190685E-04   0.126721E-03  -0.137916E-03   0.404479E-03
    462    31.00   407.50     -0.546301E-04   0.586801E-04  -0.164173E-04   0.203380E-03
    463    55.00   407.50     -0.289696E-04   0.144109E-04   0.991105E-05   0.463558E-04
    464   103.00   407.50     -0.715456E-05   0.151275E-05   0.419641E-05   0.584616E-05
    465     0.50   408.50      0.277503E-03   0.278103E-03  -0.643615E-03   0.374914E-04
    466     1.50   408.50      0.273015E-03   0.276575E-03  -0.636997E-03   0.111613E-03
    467     2.50   408.50      0.264161E-03   0.273588E-03  -0.623923E-03   0.182805E-03
    468     3.50   408.50      0.251410E-03   0.269200E-03  -0.605001E-03   0.249207E-03
    469     4.25   408.50      0.239738E-03   0.265071E-03  -0.587465E-03   0.295332E-03
    470     4.75   408.50      0.230961E-03   0.261951E-03  -0.574333E-03   0.323692E-03
    471     5.50   408.50      0.216563E-03   0.256766E-03  -0.552796E-03   0.362709E-03
    472     6.50   408.50      0.195738E-03   0.249012E-03  -0.521190E-03   0.407990E-03
    473     7.50   408.50      0.173454E-03   0.240443E-03  -0.487016E-03   0.445024E-03
    474     8.50   408.50      0.150340E-03   0.231209E-03  -0.451109E-03   0.473725E-03
    475    10.00   408.50      0.115692E-03   0.216459E-03  -0.396061E-03   0.500881E-03
    476    13.00   408.50      0.531456E-04   0.185608E-03  -0.290594E-03   0.507095E-03
    477    19.00   408.50     -0.260147E-04   0.128901E-03  -0.134099E-03   0.416545E-03
    478    31.00   408.50     -0.575995E-04   0.580136E-04  -0.128434E-04   0.201013E-03
    479    55.00   408.50     -0.286332E-04   0.138476E-04   0.102089E-04   0.443045E-04
    480   103.00   408.50     -0.680514E-05   0.142936E-05   0.399490E-05   0.559280E-05
    481     0.50   409.50      0.293894E-03   0.294578E-03  -0.685951E-03   0.412667E-04
    482     1.50   409.50      0.288881E-03   0.292857E-03  -0.678512E-03   0.122619E-03
    483     2.50   409.50      0.278986E-03   0.289522E-03  -0.663845E-03   0.200740E-03
    484     3.50   409.50      0.264543E-03   0.284601E-03  -0.642324E-03   0.273281E-03
    485     4.25   409.50      0.251247E-03   0.279932E-03  -0.622239E-03   0.323244E-03
    486     4.75   409.50      0.241333E-03   0.276401E-03  -0.607313E-03   0.353886E-03
    487     5.50   409.50      0.225145E-03   0.270539E-03  -0.582889E-03   0.395430E-03
    488     6.50   409.50      0.201833E-03   0.261796E-03  -0.547229E-03   0.443196E-03
    489     7.50   409.50      0.177122E-03   0.252171E-03  -0.508958E-03   0.481589E-03
    490     8.50   409.50      0.151716E-03   0.241852E-03  -0.469090E-03   0.510593E-03
    491    10.00   409.50      0.113948E-03   0.225470E-03  -0.408299E-03   0.536252E-03
    492    13.00   409.50      0.471823E-04   0.191572E-03  -0.293774E-03   0.535071E-03
    493    19.00   409.50     -0.332809E-04   0.130629E-03  -0.129525E-03   0.427189E-03
    494    31.00   409.50     -0.603257E-04   0.571087E-04  -0.924957E-05   0.197799E-03
    495    55.00   409.50     -0.281636E-04   0.132467E-04   0.104263E-04   0.422014E-04
    496   103.00   409.50     -0.644288E-05   0.134386E-05   0.378427E-05   0.534196E-05
    497     0.50   410.50      0.310573E-03   0.311353E-03  -0.730380E-03   0.453128E-04
    498     1.50   410.50      0.304839E-03   0.309381E-03  -0.721781E-03   0.134460E-03
    499     2.50   410.50      0.293729E-03   0.305597E-03  -0.705148E-03   0.219725E-03
    500     3.50   410.50      0.277618E-03   0.300075E-03  -0.680977E-03   0.298876E-03
    501     4.25   410.50      0.262689E-03   0.294849E-03  -0.658263E-03   0.353075E-03
    502     4.75   410.50      0.251436E-03   0.290882E-03  -0.641209E-03   0.385873E-03
    503     5.50   410.50      0.233169E-03   0.284281E-03  -0.613434E-03   0.430201E-03
    504     6.50   410.50      0.207116E-03   0.274448E-03  -0.573190E-03   0.480265E-03
    505     7.50   410.50      0.179780E-03   0.263660E-03  -0.530405E-03   0.519664E-03
    506     8.50   410.50      0.152064E-03   0.252163E-03  -0.486300E-03   0.548521E-03
    507    10.00   410.50      0.111110E-03   0.234036E-03  -0.419495E-03   0.572143E-03
    508    13.00   410.50      0.403116E-04   0.196961E-03  -0.295710E-03   0.562407E-03
    509    19.00   410.50     -0.407109E-04   0.131790E-03  -0.124220E-03   0.435944E-03
    510    31.00   410.50     -0.627267E-04   0.559467E-04  -0.569038E-05   0.193719E-03
    511    55.00   410.50     -0.275539E-04   0.126080E-04   0.105577E-04   0.400569E-04
    512   103.00   410.50     -0.606837E-05   0.125626E-05   0.356495E-05   0.509404E-05
    513     0.50   411.50      0.326891E-03   0.327709E-03  -0.775555E-03   0.494137E-04
    514     1.50   411.50      0.320451E-03   0.325568E-03  -0.765920E-03   0.146975E-03
    515     2.50   411.50      0.307878E-03   0.321275E-03  -0.746943E-03   0.239556E-03
    516     3.50   411.50      0.290037E-03   0.315089E-03  -0.719920E-03   0.325402E-03
    517     4.25   411.50      0.273376E-03   0.309260E-03  -0.694387E-03   0.383992E-03
    518     4.75   411.50      0.260795E-03   0.304834E-03  -0.675184E-03   0.419329E-03
    519     5.50   411.50      0.240375E-03   0.297459E-03  -0.643809E-03   0.465954E-03
    520     6.50   411.50      0.211486E-03   0.286489E-03  -0.598680E-03   0.518455E-03
    521     7.50   411.50      0.181223E-03   0.274483E-03  -0.550729E-03   0.558467E-03
    522     8.50   411.50      0.151039E-03   0.261726E-03  -0.502088E-03   0.586529E-03
    523    10.00   411.50      0.107189E-03   0.241789E-03  -0.429312E-03   0.607638E-03
    524    13.00   411.50      0.326028E-04   0.201500E-03  -0.296181E-03   0.588223E-03
    525    19.00   411.50     -0.480833E-04   0.132251E-03  -0.118277E-03   0.442385E-03
    526    31.00   411.50     -0.647101E-04   0.545088E-04  -0.223083E-05   0.188758E-03
    527    55.00   411.50     -0.267987E-04   0.119316E-04   0.105994E-04   0.378767E-04
    528   103.00   411.50     -0.568233E-05   0.116659E-05   0.333840E-05   0.484850E-05
    529     0.50   412.50      0.341956E-03   0.343046E-03  -0.820274E-03   0.538162E-04
    530     1.50   412.50      0.335003E-03   0.340525E-03  -0.809640E-03   0.159566E-03
    531     2.50   412.50      0.320848E-03   0.335840E-03  -0.788170E-03   0.260017E-03
    532     3.50   412.50      0.300654E-03   0.328852E-03  -0.757233E-03   0.352100E-03
    533     4.25   412.50      0.282271E-03   0.322319E-03  -0.728748E-03   0.414734E-03
    534     4.75   412.50      0.268859E-03   0.317404E-03  -0.707916E-03   0.452152E-03
    535     5.50   412.50      0.246475E-03   0.309304E-03  -0.673199E-03   0.501935E-03
    536     6.50   412.50      0.214537E-03   0.297203E-03  -0.622672E-03   0.555915E-03
    537     7.50   412.50      0.181499E-03   0.283994E-03  -0.569637E-03   0.596650E-03
    538     8.50   412.50      0.148678E-03   0.269989E-03  -0.515823E-03   0.623186E-03
    539    10.00   412.50      0.102066E-03   0.248226E-03  -0.437184E-03   0.641000E-03
    540    13.00   412.50      0.243228E-04   0.204836E-03  -0.295062E-03   0.611324E-03
    541    19.00   412.50     -0.551207E-04   0.131866E-03  -0.111848E-03   0.446105E-03
    542    31.00   412.50     -0.661737E-04   0.527768E-04   0.105022E-05   0.182911E-03
    543    55.00   412.50     -0.258942E-04   0.112176E-04   0.105466E-04   0.356640E-04
    544   103.00   412.50     -0.528565E-05   0.107486E-05   0.310522E-05   0.460413E-05
    545     0.50   413.50      0.354589E-03   0.355418E-03  -0.862034E-03   0.584892E-04
    546     1.50   413.50      0.346860E-03   0.352960E-03  -0.850179E-03   0.171068E-03
    547     2.50   413.50      0.331560E-03   0.347860E-03  -0.826975E-03   0.279751E-03
    548     3.50   413.50      0.308858E-03   0.340152E-03  -0.791427E-03   0.377261E-03
    549     4.25   413.50      0.289160E-03   0.332953E-03  -0.760482E-03   0.444183E-03
    550     4.75   413.50      0.274223E-03   0.327570E-03  -0.736812E-03   0.482257E-03
    551     5.50   413.50      0.250364E-03   0.318708E-03  -0.699432E-03   0.535643E-03
    552     6.50   413.50      0.215507E-03   0.305554E-03  -0.643302E-03   0.590605E-03
    553     7.50   413.50      0.180610E-03   0.291216E-03  -0.586441E-03   0.631415E-03
    554     8.50   413.50      0.145135E-03   0.276116E-03  -0.526915E-03   0.656504E-03
    555    10.00   413.50      0.959373E-04   0.252692E-03  -0.442442E-03   0.670546E-03
    556    13.00   413.50      0.158678E-04   0.206540E-03  -0.292344E-03   0.630546E-03
    557    19.00   413.50     -0.614029E-04   0.130485E-03  -0.105246E-03   0.447080E-03
    558    31.00   413.50     -0.670081E-04   0.507315E-04   0.406845E-05   0.176107E-03
    559    55.00   413.50     -0.248398E-04   0.104657E-04   0.103994E-04   0.334029E-04
    560   103.00   413.50     -0.487957E-05   0.981049E-06   0.286704E-05   0.435808E-05
    561     0.50   414.50      0.430158E-03   0.431900E-03  -0.105928E-02   0.570008E-04
    562     1.50   414.50      0.419219E-03   0.427922E-03  -0.104469E-02   0.171223E-03
    563     2.50   414.50      0.398408E-03   0.420700E-03  -0.101702E-02   0.278880E-03
    564     3.50   414.50      0.369472E-03   0.410498E-03  -0.979172E-03   0.376632E-03
    565     4.25   414.50      0.342622E-03   0.400966E-03  -0.942991E-03   0.442045E-03
    566     4.75   414.50      0.323052E-03   0.393815E-03  -0.916665E-03   0.481927E-03
    567     5.50   414.50      0.290976E-03   0.382000E-03  -0.872785E-03   0.532971E-03
    568     6.50   414.50      0.247091E-03   0.364665E-03  -0.811734E-03   0.588783E-03
    569     7.50   414.50      0.200819E-03   0.345899E-03  -0.744703E-03   0.627654E-03
    570     8.50   414.50      0.156924E-03   0.326225E-03  -0.678983E-03   0.653551E-03
    571    10.00   414.50      0.941964E-04   0.295947E-03  -0.578043E-03   0.665544E-03
    572    13.00   414.50     -0.223854E-05   0.236982E-03  -0.400086E-03   0.625389E-03
    573    19.00   414.50     -0.876177E-04   0.143279E-03  -0.162400E-03   0.439141E-03
    574    31.00   414.50     -0.774501E-04   0.518837E-04  -0.159752E-04   0.165385E-03
    575    55.00   414.50     -0.248739E-04   0.100159E-04   0.311381E-05   0.298537E-04
    576   103.00   414.50     -0.451926E-05   0.905739E-06   0.502265E-06   0.406102E-05
    577     0.50   415.50      0.434473E-03   0.435999E-03  -0.112537E-02   0.719637E-04
    578     1.50   415.50      0.423061E-03   0.432087E-03  -0.110916E-02   0.212691E-03
    579     2.50   415.50      0.401276E-03   0.424597E-03  -0.107811E-02   0.344663E-03
    580     3.50   415.50      0.370433E-03   0.413831E-03  -0.103370E-02   0.463207E-03
    581     4.25   415.50      0.342483E-03   0.403793E-03  -0.992786E-03   0.541300E-03
    582     4.75   415.50      0.321754E-03   0.396264E-03  -0.962448E-03   0.587281E-03
    583     5.50   415.50      0.288923E-03   0.383901E-03  -0.913888E-03   0.645750E-03
    584     6.50   415.50      0.242754E-03   0.365774E-03  -0.843870E-03   0.706464E-03
    585     7.50   415.50      0.196070E-03   0.346252E-03  -0.771176E-03   0.745906E-03
    586     8.50   415.50      0.150036E-03   0.325853E-03  -0.696832E-03   0.767295E-03
    587    10.00   415.50      0.868363E-04   0.294569E-03  -0.588847E-03   0.767943E-03
    588    13.00   415.50     -0.960742E-05   0.234225E-03  -0.399354E-03   0.695235E-03
    589    19.00   415.50     -0.918377E-04   0.139478E-03  -0.155987E-03   0.460343E-03
    590    31.00   415.50     -0.768047E-04   0.490732E-04  -0.128399E-04   0.162773E-03
    591    55.00   415.50     -0.234186E-04   0.916806E-05   0.311472E-05   0.285573E-04
    592   103.00   415.50     -0.408460E-05   0.807639E-06   0.375577E-06   0.394161E-05
    593     0.50   416.50      0.450330E-03   0.452061E-03  -0.121382E-02   0.859993E-04
    594     1.50   416.50      0.437632E-03   0.447699E-03  -0.119474E-02   0.253907E-03
    595     2.50   416.50      0.413036E-03   0.439306E-03  -0.115760E-02   0.410221E-03
    596     3.50   416.50      0.378304E-03   0.427156E-03  -0.110460E-02   0.549080E-03
    597     4.25   416.50      0.347200E-03   0.415879E-03  -0.105633E-02   0.639352E-03
    598     4.75   416.50      0.324423E-03   0.407468E-03  -0.102090E-02   0.691396E-03
    599     5.50   416.50      0.288159E-03   0.393705E-03  -0.963883E-03   0.756543E-03
    600     6.50   416.50      0.238010E-03   0.373630E-03  -0.883056E-03   0.821439E-03
    601     7.50   416.50      0.187784E-03   0.352187E-03  -0.799762E-03   0.860663E-03
    602     8.50   416.50      0.139211E-03   0.329947E-03  -0.716378E-03   0.877608E-03
    603    10.00   416.50      0.739801E-04   0.296245E-03  -0.597265E-03   0.865943E-03
    604    13.00   416.50     -0.223779E-04   0.232441E-03  -0.394253E-03   0.761248E-03
    605    19.00   416.50     -0.977931E-04   0.135269E-03  -0.147012E-03   0.478984E-03
    606    31.00   416.50     -0.757599E-04   0.460128E-04  -0.960791E-05   0.159580E-03
    607    55.00   416.50     -0.218512E-04   0.829532E-05   0.306865E-05   0.273112E-04
    608   103.00   416.50     -0.364038E-05   0.708483E-06   0.240053E-06   0.382903E-05
    609     0.50   417.50      0.475779E-03   0.477807E-03  -0.132272E-02   0.101106E-03
    610     1.50   417.50      0.460816E-03   0.472673E-03  -0.129938E-02   0.298144E-03
    611     2.50   417.50      0.431927E-03   0.462792E-03  -0.125412E-02   0.480552E-03
    612     3.50   417.50      0.391431E-03   0.448550E-03  -0.118994E-02   0.640504E-03
    613     4.25   417.50      0.355447E-03   0.435391E-03  -0.113187E-02   0.742866E-03
    614     4.75   417.50      0.329292E-03   0.425616E-03  -0.108946E-02   0.800917E-03
    615     5.50   417.50      0.288062E-03   0.409698E-03  -0.102176E-02   0.872058E-03
    616     6.50   417.50      0.231828E-03   0.386667E-03  -0.926894E-03   0.939765E-03
    617     7.50   417.50      0.176464E-03   0.362295E-03  -0.830433E-03   0.977027E-03
    618     8.50   417.50      0.124244E-03   0.337300E-03  -0.735800E-03   0.987622E-03
    619    10.00   417.50      0.560119E-04   0.299971E-03  -0.603086E-03   0.961353E-03
    620    13.00   417.50     -0.395381E-04   0.231076E-03  -0.385207E-03   0.822683E-03
    621    19.00   417.50     -0.104973E-03   0.130504E-03  -0.135809E-03   0.494072E-03
    622    31.00   417.50     -0.742260E-04   0.426972E-04  -0.635162E-05   0.155755E-03
    623    55.00   417.50     -0.201696E-04   0.739927E-05   0.297187E-05   0.261170E-04
    624   103.00   417.50     -0.318701E-05   0.608335E-06   0.954950E-07   0.372297E-05
    625     0.50   418.50      0.509580E-03   0.512041E-03  -0.145159E-02   0.118244E-03
    626     1.50   418.50      0.491481E-03   0.505818E-03  -0.142270E-02   0.348220E-03
    627     2.50   418.50      0.456748E-03   0.493893E-03  -0.136700E-02   0.559642E-03
    628     3.50   418.50      0.408447E-03   0.476795E-03  -0.128855E-02   0.742480E-03
    629     4.25   418.50      0.365878E-03   0.461083E-03  -0.121803E-02   0.857318E-03
    630     4.75   418.50      0.335185E-03   0.449463E-03  -0.116685E-02   0.921214E-03
    631     5.50   418.50      0.287387E-03   0.430643E-03  -0.108581E-02   0.997351E-03
    632     6.50   418.50      0.223162E-03   0.403646E-03  -0.973600E-03   0.106583E-02
    633     7.50   418.50      0.161388E-03   0.375398E-03  -0.861418E-03   0.109816E-02
    634     8.50   418.50      0.104640E-03   0.346793E-03  -0.753441E-03   0.109955E-02
    635    10.00   418.50      0.331440E-04   0.304782E-03  -0.605382E-03   0.105498E-02
    636    13.00   418.50     -0.603102E-04   0.229520E-03  -0.372163E-03   0.878755E-03
    637    19.00   418.50     -0.112796E-03   0.125006E-03  -0.122697E-03   0.504866E-03
    638    31.00   418.50     -0.721057E-04   0.391214E-04  -0.314563E-05   0.151350E-03
    639    55.00   418.50     -0.183736E-04   0.648157E-05   0.281895E-05   0.249953E-04
    640   103.00   418.50     -0.272497E-05   0.507270E-06  -0.589921E-07   0.362509E-05
    641     0.50   419.50      0.551116E-03   0.554139E-03  -0.160139E-02   0.138377E-03
    642     1.50   419.50      0.528934E-03   0.546500E-03  -0.156546E-02   0.406769E-03
    643     2.50   419.50      0.486575E-03   0.531911E-03  -0.149650E-02   0.651484E-03
    644     3.50   419.50      0.428113E-03   0.511089E-03  -0.139994E-02   0.859689E-03
    645     4.25   419.50      0.377063E-03   0.492057E-03  -0.131379E-02   0.987613E-03
    646     4.75   419.50      0.340627E-03   0.478051E-03  -0.125173E-02   0.105699E-02
    647     5.50   419.50      0.284543E-03   0.455496E-03  -0.115423E-02   0.113667E-02
    648     6.50   419.50      0.210612E-03   0.423455E-03  -0.102115E-02   0.120281E-02
    649     7.50   419.50      0.141355E-03   0.390352E-03  -0.890569E-03   0.122622E-02
    650     8.50   419.50      0.796489E-04   0.357303E-03  -0.767414E-03   0.121436E-02
    651    10.00   419.50      0.529038E-05   0.309664E-03  -0.602837E-03   0.114650E-02
    652    13.00   419.50     -0.839314E-04   0.227098E-03  -0.354915E-03   0.928200E-03
    653    19.00   419.50     -0.120581E-03   0.118579E-03  -0.108042E-03   0.510777E-03
    654    31.00   419.50     -0.692992E-04   0.352842E-04  -0.605032E-07   0.146443E-03
    655    55.00   419.50     -0.164645E-04   0.554421E-05   0.260734E-05   0.239642E-04
    656   103.00   419.50     -0.225465E-05   0.405366E-06  -0.224114E-06   0.353657E-05
    657     0.50   420.50      0.600095E-03   0.603833E-03  -0.177392E-02   0.162398E-03
    658     1.50   420.50      0.572676E-03   0.594384E-03  -0.172905E-02   0.476442E-03
    659     2.50   420.50      0.520536E-03   0.576377E-03  -0.164323E-02   0.760078E-03
    660     3.50   420.50      0.449130E-03   0.550786E-03  -0.152377E-02   0.996855E-03
    661     4.25   420.50      0.387360E-03   0.527522E-03  -0.141803E-02   0.113842E-02
    662     4.75   420.50      0.343738E-03   0.510486E-03  -0.134240E-02   0.121261E-02
    663     5.50   420.50      0.277598E-03   0.483228E-03  -0.122484E-02   0.129364E-02
    664     6.50   420.50      0.192259E-03   0.444919E-03  -0.106690E-02   0.135286E-02
    665     7.50   420.50      0.114809E-03   0.405903E-03  -0.915202E-03   0.136185E-02
    666     8.50   420.50      0.483090E-04   0.367572E-03  -0.775412E-03   0.133151E-02
    667    10.00   420.50     -0.276629E-04   0.313467E-03  -0.593937E-03   0.123437E-02
    668    13.00   420.50     -0.109478E-03   0.223063E-03  -0.333279E-03   0.969365E-03
    669    19.00   420.50     -0.127562E-03   0.111021E-03  -0.922318E-04   0.511316E-03
    670    31.00   420.50     -0.657072E-04   0.311872E-04   0.283711E-05   0.141160E-03
    671    55.00   420.50     -0.144444E-04   0.458939E-05   0.233647E-05   0.230439E-04
    672   103.00   420.50     -0.177644E-05   0.302721E-06  -0.399624E-06   0.345837E-05
    673     0.50   421.50      0.656165E-03   0.660799E-03  -0.197141E-02   0.191231E-03
    674     1.50   421.50      0.622165E-03   0.649079E-03  -0.191529E-02   0.560002E-03
    675     2.50   421.50      0.557661E-03   0.626765E-03  -0.180809E-02   0.889647E-03
    676     3.50   421.50      0.469874E-03   0.595145E-03  -0.165960E-02   0.115891E-02
    677     4.25   421.50      0.394698E-03   0.566539E-03  -0.152924E-02   0.131447E-02
    678     4.75   421.50      0.342258E-03   0.545700E-03  -0.143683E-02   0.139239E-02
    679     5.50   421.50      0.263989E-03   0.512578E-03  -0.129462E-02   0.147123E-02
    680     6.50   421.50      0.165742E-03   0.466582E-03  -0.110734E-02   0.151684E-02
    681     7.50   421.50      0.799866E-04   0.420511E-03  -0.932011E-03   0.150407E-02
    682     8.50   421.50      0.962025E-05   0.376077E-03  -0.774726E-03   0.144867E-02
    683    10.00   421.50     -0.655022E-04   0.314846E-03  -0.577162E-03   0.131557E-02
    684    13.00   421.50     -0.135742E-03   0.216583E-03  -0.307295E-03   0.100020E-02
    685    19.00   421.50     -0.132902E-03   0.102130E-03  -0.757154E-04   0.506229E-03
    686    31.00   421.50     -0.612349E-04   0.268380E-04   0.548024E-05   0.135708E-03
    687    55.00   421.50     -0.123168E-04   0.361977E-05   0.200397E-05   0.222660E-04
    688   103.00   421.50     -0.129057E-05   0.199441E-06  -0.586729E-06   0.339270E-05
    689     0.50   422.50      0.718430E-03   0.724155E-03  -0.219606E-02   0.225704E-03
    690     1.50   422.50      0.676425E-03   0.709680E-03  -0.212596E-02   0.659869E-03
    691     2.50   422.50      0.596635E-03   0.682095E-03  -0.199198E-02   0.104438E-02
    692     3.50   422.50      0.488333E-03   0.643002E-03  -0.180673E-02   0.135099E-02
    693     4.25   422.50      0.396352E-03   0.607733E-03  -0.164518E-02   0.152060E-02
    694     4.75   422.50      0.333006E-03   0.582149E-03  -0.153166E-02   0.160029E-02
    695     5.50   422.50      0.240461E-03   0.541768E-03  -0.135939E-02   0.167147E-02
    696     6.50   422.50      0.128135E-03   0.486452E-03  -0.113780E-02   0.169368E-02
    697     7.50   422.50      0.349956E-04   0.432117E-03  -0.936875E-03   0.164925E-02
    698     8.50   422.50     -0.370096E-04   0.380856E-03  -0.762420E-03   0.156102E-02
    699    10.00   422.50     -0.107484E-03   0.312161E-03  -0.551157E-03   0.138546E-02
    700    13.00   422.50     -0.161016E-03   0.206733E-03  -0.277352E-03   0.101831E-02
    701    19.00   422.50     -0.135716E-03   0.917161E-04  -0.589522E-04   0.495603E-03
    702    31.00   422.50     -0.557897E-04   0.222514E-04   0.780893E-05   0.130386E-03
    703    55.00   422.50     -0.100837E-04   0.263852E-05   0.160582E-05   0.216704E-04
    704   103.00   422.50     -0.797086E-06   0.956649E-07  -0.787121E-06   0.334261E-05
    705     0.50   423.50      0.784426E-03   0.791333E-03  -0.244860E-02   0.265768E-03
    706     1.50   423.50      0.733387E-03   0.773797E-03  -0.236200E-02   0.776677E-03
    707     2.50   423.50      0.635563E-03   0.740165E-03  -0.219531E-02   0.122680E-02
    708     3.50   423.50      0.501957E-03   0.692181E-03  -0.196371E-02   0.157754E-02
    709     4.25   423.50      0.388914E-03   0.648796E-03  -0.176238E-02   0.176144E-02
    710     4.75   423.50      0.312068E-03   0.617381E-03  -0.162220E-02   0.183975E-02
    711     5.50   423.50      0.202724E-03   0.568105E-03  -0.141294E-02   0.189472E-02
    712     6.50   423.50      0.760838E-04   0.501634E-03  -0.115203E-02   0.187916E-02
    713     7.50   423.50     -0.216917E-04   0.437882E-03  -0.925034E-03   0.179017E-02
    714     8.50   423.50     -0.912904E-04   0.379340E-03  -0.735582E-03   0.166065E-02
    715    10.00   423.50     -0.151717E-03   0.303422E-03  -0.515206E-03   0.143792E-02
    716    13.00   423.50     -0.182998E-03   0.192505E-03  -0.244293E-03   0.102111E-02
    717    19.00   423.50     -0.135118E-03   0.796257E-04  -0.423598E-04   0.480031E-03
    718    31.00   423.50     -0.492835E-04   0.174527E-04   0.976565E-05   0.125640E-03
    719    55.00   423.50     -0.774466E-05   0.164973E-05   0.113307E-05   0.213192E-04
    720   103.00   423.50     -0.295557E-06  -0.843732E-08  -0.100335E-05   0.331268E-05
    721     0.50   424.50      0.847473E-03   0.855378E-03  -0.272460E-02   0.308997E-03
    722     1.50   424.50      0.788358E-03   0.835261E-03  -0.262084E-02   0.905272E-03
    723     2.50   424.50      0.671962E-03   0.795912E-03  -0.241732E-02   0.143408E-02
    724     3.50   424.50      0.508359E-03   0.738490E-03  -0.212861E-02   0.184095E-02
    725     4.25   424.50      0.368590E-03   0.685711E-03  -0.187589E-02   0.204062E-02
    726     4.75   424.50      0.274519E-03   0.647339E-03  -0.170115E-02   0.211319E-02
    727     5.50   424.50      0.145466E-03   0.587367E-03  -0.144598E-02   0.213845E-02
    728     6.50   424.50      0.607261E-05   0.507817E-03  -0.114177E-02   0.206344E-02
    729     7.50   424.50     -0.903776E-04   0.433811E-03  -0.891492E-03   0.191397E-02
    730     8.50   424.50     -0.151025E-03   0.368123E-03  -0.692306E-03   0.173576E-02
    731    10.00   424.50     -0.194425E-03   0.286204E-03  -0.470014E-03   0.146490E-02
    732    13.00   424.50     -0.198902E-03   0.172815E-03  -0.209284E-03   0.100617E-02
    733    19.00   424.50     -0.130248E-03   0.657764E-04  -0.262462E-04   0.461354E-03
    734    31.00   424.50     -0.416153E-04   0.124863E-04   0.112731E-04   0.122279E-03
    735    55.00   424.50     -0.529155E-05   0.658833E-06   0.565717E-06   0.213148E-04
    736   103.00   424.50      0.215201E-06  -0.112621E-06  -0.124067E-05   0.331139E-05
    737     0.50   425.50      0.891567E-03   0.899425E-03  -0.300741E-02   0.346583E-03
    738     1.50   425.50      0.830650E-03   0.879048E-03  -0.289191E-02   0.102488E-02
    739     2.50   425.50      0.702801E-03   0.837497E-03  -0.265572E-02   0.164535E-02
    740     3.50   425.50      0.507852E-03   0.773215E-03  -0.230100E-02   0.213265E-02
    741     4.25   425.50      0.332947E-03   0.711426E-03  -0.197936E-02   0.236043E-02
    742     4.75   425.50      0.215204E-03   0.665308E-03  -0.175782E-02   0.242186E-02
    743     5.50   425.50      0.619851E-04   0.592782E-03  -0.144361E-02   0.239382E-02
    744     6.50   425.50     -0.845915E-04   0.498539E-03  -0.109571E-02   0.222764E-02
    745     7.50   425.50     -0.168513E-03   0.414334E-03  -0.831870E-03   0.200073E-02
    746     8.50   425.50     -0.210818E-03   0.342815E-03  -0.632472E-03   0.177071E-02
    747    10.00   425.50     -0.230166E-03   0.257681E-03  -0.416981E-03   0.145870E-02
    748    13.00   425.50     -0.205889E-03   0.146725E-03  -0.172687E-03   0.976055E-03
    749    19.00   425.50     -0.120169E-03   0.502922E-04  -0.108892E-04   0.445530E-03
    750    31.00   425.50     -0.325468E-04   0.743302E-05   0.120797E-04   0.121993E-03
    751    55.00   425.50     -0.269560E-05  -0.325868E-06  -0.153687E-06   0.218651E-04
    752   103.00   425.50      0.738087E-06  -0.216525E-06  -0.151011E-05   0.335501E-05
    753     0.50   426.50      0.582738E-03   0.587562E-03  -0.834934E-03   0.719175E-04
    754     1.50   426.50      0.544308E-03   0.574730E-03  -0.800941E-03   0.220239E-03
    755     2.50   426.50      0.461682E-03   0.548580E-03  -0.728175E-03   0.381764E-03
    756     3.50   426.50      0.326472E-03   0.506593E-03  -0.604451E-03   0.533860E-03
    757     4.25   426.50      0.196353E-03   0.463545E-03  -0.476034E-03   0.598780E-03
    758     4.75   426.50      0.106651E-03   0.430623E-03  -0.384378E-03   0.588275E-03
    759     5.50   426.50     -0.266231E-05   0.378443E-03  -0.266250E-03   0.506186E-03
    760     6.50   426.50     -0.959742E-04   0.311377E-03  -0.158458E-03   0.373165E-03
    761     7.50   426.50     -0.141828E-03   0.253408E-03  -0.913312E-04   0.268786E-03
    762     8.50   426.50     -0.161220E-03   0.205511E-03  -0.473246E-04   0.197700E-03
    763    10.00   426.50     -0.164233E-03   0.149886E-03  -0.745527E-05   0.129695E-03
    764    13.00   426.50     -0.137667E-03   0.798876E-04   0.254562E-04   0.630027E-04
    765    19.00   426.50     -0.748591E-04   0.227056E-04   0.283434E-04   0.261966E-04
    766    31.00   426.50     -0.169495E-04   0.550108E-06   0.918048E-05   0.980292E-05
    767    55.00   426.50      0.157084E-06  -0.148684E-05   0.627056E-06   0.165662E-05
    768   103.00   426.50      0.123681E-05  -0.334553E-06  -0.566819E-06   0.388959E-06
    769     0.50   427.50      0.167642E-04   0.161055E-04  -0.301173E-03   0.993760E-04
    770     1.50   427.50      0.233114E-04   0.182648E-04  -0.302919E-03   0.303056E-03
    771     2.50   427.50      0.353811E-04   0.224007E-04  -0.304963E-03   0.532083E-03
    772     3.50   427.50      0.317576E-04   0.269334E-04  -0.277606E-03   0.792454E-03
    773     4.25   427.50     -0.199101E-04   0.249722E-04  -0.173115E-03   0.945716E-03
    774     4.75   427.50     -0.669219E-04   0.176417E-04  -0.829314E-04   0.924134E-03
    775     5.50   427.50     -0.986011E-04   0.247970E-05   0.837120E-05   0.741312E-03
    776     6.50   427.50     -0.787078E-04  -0.119622E-04   0.260272E-04   0.511240E-03
    777     7.50   427.50     -0.543525E-04  -0.190522E-04   0.223946E-04   0.357083E-03
    778     8.50   427.50     -0.390978E-04  -0.222176E-04   0.198726E-04   0.253358E-03
    779    10.00   427.50     -0.255128E-04  -0.236143E-04   0.178204E-04   0.153350E-03
    780    13.00   427.50     -0.103412E-04  -0.219886E-04   0.138418E-04   0.631907E-04
    781    19.00   427.50      0.127410E-05  -0.158854E-04   0.730318E-05   0.241395E-04
    782    31.00   427.50      0.474129E-05  -0.812969E-05   0.182259E-05   0.105358E-04
    783    55.00   427.50      0.324880E-05  -0.282857E-05  -0.259885E-06   0.198540E-05
    784   103.00   427.50      0.170838E-05  -0.466786E-06  -0.682701E-06   0.410306E-06
    785     0.50   428.50     -0.574940E-03  -0.580432E-03   0.270857E-03   0.479132E-04
    786     1.50   428.50     -0.532861E-03  -0.566334E-03   0.241112E-03   0.145690E-03
    787     2.50   428.50     -0.445427E-03  -0.537594E-03   0.179486E-03   0.244021E-03
    788     3.50   428.50     -0.298692E-03  -0.491744E-03   0.880054E-04   0.387827E-03
    789     4.25   428.50     -0.195220E-03  -0.447499E-03   0.809385E-04   0.637802E-03
    790     4.75   428.50     -0.264422E-03  -0.424693E-03   0.291238E-03   0.621580E-03
    791     5.50   428.50     -0.150823E-03  -0.395368E-03   0.279101E-03   0.365894E-03
    792     6.50   428.50     -0.206676E-04  -0.346745E-03   0.192202E-03   0.241627E-03
    793     7.50   428.50      0.506186E-04  -0.297931E-03   0.128681E-03   0.174573E-03
    794     8.50   428.50      0.916101E-04  -0.254173E-03   0.839949E-04   0.123966E-03
    795    10.00   428.50      0.118487E-03  -0.199731E-03   0.412910E-04   0.747572E-04
    796    13.00   428.50      0.119921E-03  -0.124999E-03   0.904476E-06   0.308139E-04
    797    19.00   428.50      0.783909E-04  -0.547734E-04  -0.142959E-04   0.134065E-04
    798    31.00   428.50      0.265557E-04  -0.168557E-04  -0.560103E-05   0.652721E-05
    799    55.00   428.50      0.634024E-05  -0.417511E-05  -0.113972E-05   0.106046E-05
    800   103.00   428.50      0.217876E-05  -0.599383E-06  -0.795061E-06   0.304450E-06
