  INTERFACE ELEMENT STRESSES :
  

 INT. ELEM =   1     AVG. NORMAL S.=-0.99046E+01 AVG. SHEAR S.= 0.18492E+00

   NODE 1: NORMAL STRESS=-0.18481E-01 SHEAR STRESS= 0.00000E+00
   NODE 2: NORMAL STRESS=-0.99046E+01 SHEAR STRESS= 0.18787E+00
   NODE 3: NORMAL STRESS=-0.98853E+01 SHEAR STRESS= 0.36690E+00

 INT. ELEM =   2     AVG. NORMAL S.=-0.99113E+01 AVG. SHEAR S.= 0.21633E+00

   NODE 1: NORMAL STRESS=-0.18148E-01 SHEAR STRESS= 0.00000E+00
   NODE 2: NORMAL STRESS=-0.99113E+01 SHEAR STRESS= 0.24180E+00
   NODE 3: NORMAL STRESS=-0.98832E+01 SHEAR STRESS= 0.40719E+00

 INT. ELEM =   3     AVG. NORMAL S.=-0.97949E+01 AVG. SHEAR S.= 0.54608E+00

   NODE 1: NORMAL STRESS=-0.98853E+01 SHEAR STRESS= 0.36690E+00
   NODE 2: NORMAL STRESS=-0.97965E+01 SHEAR STRESS= 0.54840E+00
   NODE 3: NORMAL STRESS=-0.97029E+01 SHEAR STRESS= 0.72296E+00

 INT. ELEM =   4     AVG. NORMAL S.=-0.97969E+01 AVG. SHEAR S.= 0.63195E+00

   NODE 1: NORMAL STRESS=-0.98832E+01 SHEAR STRESS= 0.40719E+00
   NODE 2: NORMAL STRESS=-0.97973E+01 SHEAR STRESS= 0.65049E+00
   NODE 3: NORMAL STRESS=-0.97101E+01 SHEAR STRESS= 0.83817E+00

 INT. ELEM =   5     AVG. NORMAL S.=-0.95616E+01 AVG. SHEAR S.= 0.89039E+00

   NODE 1: NORMAL STRESS=-0.97029E+01 SHEAR STRESS= 0.72296E+00
   NODE 2: NORMAL STRESS=-0.95646E+01 SHEAR STRESS= 0.89314E+00
   NODE 3: NORMAL STRESS=-0.94172E+01 SHEAR STRESS= 0.10551E+01

 INT. ELEM =   6     AVG. NORMAL S.=-0.95638E+01 AVG. SHEAR S.= 0.10374E+01

   NODE 1: NORMAL STRESS=-0.97101E+01 SHEAR STRESS= 0.83817E+00
   NODE 2: NORMAL STRESS=-0.95584E+01 SHEAR STRESS= 0.10453E+01
   NODE 3: NORMAL STRESS=-0.94230E+01 SHEAR STRESS= 0.12288E+01

 INT. ELEM =   7     AVG. NORMAL S.=-0.92263E+01 AVG. SHEAR S.= 0.12061E+01

   NODE 1: NORMAL STRESS=-0.94172E+01 SHEAR STRESS= 0.10551E+01
   NODE 2: NORMAL STRESS=-0.92273E+01 SHEAR STRESS= 0.12095E+01
   NODE 3: NORMAL STRESS=-0.90345E+01 SHEAR STRESS= 0.13536E+01

 INT. ELEM =   8     AVG. NORMAL S.=-0.92263E+01 AVG. SHEAR S.= 0.14036E+01

   NODE 1: NORMAL STRESS=-0.94230E+01 SHEAR STRESS= 0.12288E+01
   NODE 2: NORMAL STRESS=-0.92224E+01 SHEAR STRESS= 0.14110E+01
   NODE 3: NORMAL STRESS=-0.90335E+01 SHEAR STRESS= 0.15710E+01

 INT. ELEM =   9     AVG. NORMAL S.=-0.89093E+01 AVG. SHEAR S.= 0.14210E+01

   NODE 1: NORMAL STRESS=-0.90345E+01 SHEAR STRESS= 0.13536E+01
   NODE 2: NORMAL STRESS=-0.89066E+01 SHEAR STRESS= 0.14219E+01
   NODE 3: NORMAL STRESS=-0.87867E+01 SHEAR STRESS= 0.14876E+01

 INT. ELEM =  10     AVG. NORMAL S.=-0.89082E+01 AVG. SHEAR S.= 0.16487E+01

   NODE 1: NORMAL STRESS=-0.90335E+01 SHEAR STRESS= 0.15710E+01
   NODE 2: NORMAL STRESS=-0.88987E+01 SHEAR STRESS= 0.16485E+01
   NODE 3: NORMAL STRESS=-0.87923E+01 SHEAR STRESS= 0.17266E+01

 INT. ELEM =  11     AVG. NORMAL S.=-0.86793E+01 AVG. SHEAR S.= 0.15501E+01

   NODE 1: NORMAL STRESS=-0.87867E+01 SHEAR STRESS= 0.14876E+01
   NODE 2: NORMAL STRESS=-0.86793E+01 SHEAR STRESS= 0.15509E+01
   NODE 3: NORMAL STRESS=-0.85718E+01 SHEAR STRESS= 0.16117E+01

 INT. ELEM =  12     AVG. NORMAL S.=-0.86776E+01 AVG. SHEAR S.= 0.17973E+01

   NODE 1: NORMAL STRESS=-0.87923E+01 SHEAR STRESS= 0.17266E+01
   NODE 2: NORMAL STRESS=-0.86750E+01 SHEAR STRESS= 0.17987E+01
   NODE 3: NORMAL STRESS=-0.85656E+01 SHEAR STRESS= 0.18667E+01

 INT. ELEM =  13     AVG. NORMAL S.=-0.83072E+01 AVG. SHEAR S.= 0.17195E+01

   NODE 1: NORMAL STRESS=-0.85718E+01 SHEAR STRESS= 0.16117E+01
   NODE 2: NORMAL STRESS=-0.83004E+01 SHEAR STRESS= 0.17237E+01
   NODE 3: NORMAL STRESS=-0.80495E+01 SHEAR STRESS= 0.18232E+01

 INT. ELEM =  14     AVG. NORMAL S.=-0.83034E+01 AVG. SHEAR S.= 0.19852E+01

   NODE 1: NORMAL STRESS=-0.85656E+01 SHEAR STRESS= 0.18667E+01
   NODE 2: NORMAL STRESS=-0.82974E+01 SHEAR STRESS= 0.19876E+01
   NODE 3: NORMAL STRESS=-0.80473E+01 SHEAR STRESS= 0.21014E+01

 INT. ELEM =  15     AVG. NORMAL S.=-0.77586E+01 AVG. SHEAR S.= 0.19069E+01

   NODE 1: NORMAL STRESS=-0.80495E+01 SHEAR STRESS= 0.18232E+01
   NODE 2: NORMAL STRESS=-0.77523E+01 SHEAR STRESS= 0.19104E+01
   NODE 3: NORMAL STRESS=-0.74740E+01 SHEAR STRESS= 0.19871E+01

 INT. ELEM =  16     AVG. NORMAL S.=-0.77590E+01 AVG. SHEAR S.= 0.21887E+01

   NODE 1: NORMAL STRESS=-0.80473E+01 SHEAR STRESS= 0.21014E+01
   NODE 2: NORMAL STRESS=-0.77533E+01 SHEAR STRESS= 0.21908E+01
   NODE 3: NORMAL STRESS=-0.74764E+01 SHEAR STRESS= 0.22738E+01

 INT. ELEM =  17     AVG. NORMAL S.=-0.71823E+01 AVG. SHEAR S.= 0.20471E+01

   NODE 1: NORMAL STRESS=-0.74740E+01 SHEAR STRESS= 0.19871E+01
   NODE 2: NORMAL STRESS=-0.71746E+01 SHEAR STRESS= 0.20512E+01
   NODE 3: NORMAL STRESS=-0.68983E+01 SHEAR STRESS= 0.21029E+01

 INT. ELEM =  18     AVG. NORMAL S.=-0.71828E+01 AVG. SHEAR S.= 0.23346E+01

   NODE 1: NORMAL STRESS=-0.74764E+01 SHEAR STRESS= 0.22738E+01
   NODE 2: NORMAL STRESS=-0.71797E+01 SHEAR STRESS= 0.23375E+01
   NODE 3: NORMAL STRESS=-0.68923E+01 SHEAR STRESS= 0.23925E+01

 INT. ELEM =  19     AVG. NORMAL S.=-0.65890E+01 AVG. SHEAR S.= 0.21404E+01

   NODE 1: NORMAL STRESS=-0.68983E+01 SHEAR STRESS= 0.21029E+01
   NODE 2: NORMAL STRESS=-0.65824E+01 SHEAR STRESS= 0.21433E+01
   NODE 3: NORMAL STRESS=-0.62864E+01 SHEAR STRESS= 0.21750E+01

 INT. ELEM =  20     AVG. NORMAL S.=-0.65859E+01 AVG. SHEAR S.= 0.24230E+01

   NODE 1: NORMAL STRESS=-0.68923E+01 SHEAR STRESS= 0.23925E+01
   NODE 2: NORMAL STRESS=-0.65777E+01 SHEAR STRESS= 0.24218E+01
   NODE 3: NORMAL STRESS=-0.62877E+01 SHEAR STRESS= 0.24547E+01

 INT. ELEM =  21     AVG. NORMAL S.=-0.57160E+01 AVG. SHEAR S.= 0.21971E+01

   NODE 1: NORMAL STRESS=-0.62864E+01 SHEAR STRESS= 0.21750E+01
   NODE 2: NORMAL STRESS=-0.56773E+01 SHEAR STRESS= 0.22067E+01
   NODE 3: NORMAL STRESS=-0.51843E+01 SHEAR STRESS= 0.22096E+01

 INT. ELEM =  22     AVG. NORMAL S.=-0.57176E+01 AVG. SHEAR S.= 0.24617E+01

   NODE 1: NORMAL STRESS=-0.62877E+01 SHEAR STRESS= 0.24547E+01
   NODE 2: NORMAL STRESS=-0.56810E+01 SHEAR STRESS= 0.24646E+01
   NODE 3: NORMAL STRESS=-0.51840E+01 SHEAR STRESS= 0.24659E+01

 INT. ELEM =  23     AVG. NORMAL S.=-0.41651E+01 AVG. SHEAR S.= 0.20856E+01

   NODE 1: NORMAL STRESS=-0.51843E+01 SHEAR STRESS= 0.22096E+01
   NODE 2: NORMAL STRESS=-0.40489E+01 SHEAR STRESS= 0.20966E+01
   NODE 3: NORMAL STRESS=-0.32620E+01 SHEAR STRESS= 0.19508E+01

 INT. ELEM =  24     AVG. NORMAL S.=-0.41666E+01 AVG. SHEAR S.= 0.22861E+01

   NODE 1: NORMAL STRESS=-0.51840E+01 SHEAR STRESS= 0.24659E+01
   NODE 2: NORMAL STRESS=-0.40509E+01 SHEAR STRESS= 0.22884E+01
   NODE 3: NORMAL STRESS=-0.32650E+01 SHEAR STRESS= 0.21040E+01

 INT. ELEM =  25     AVG. NORMAL S.=-0.20615E+01 AVG. SHEAR S.= 0.15020E+01

   NODE 1: NORMAL STRESS=-0.32620E+01 SHEAR STRESS= 0.19508E+01
   NODE 2: NORMAL STRESS=-0.18535E+01 SHEAR STRESS= 0.14909E+01
   NODE 3: NORMAL STRESS=-0.10689E+01 SHEAR STRESS= 0.10644E+01

 INT. ELEM =  26     AVG. NORMAL S.=-0.20621E+01 AVG. SHEAR S.= 0.15892E+01

   NODE 1: NORMAL STRESS=-0.32650E+01 SHEAR STRESS= 0.21040E+01
   NODE 2: NORMAL STRESS=-0.18550E+01 SHEAR STRESS= 0.15716E+01
   NODE 3: NORMAL STRESS=-0.10664E+01 SHEAR STRESS= 0.10921E+01

 INT. ELEM =  27     AVG. NORMAL S.=-0.51553E+00 AVG. SHEAR S.= 0.61718E+00

   NODE 1: NORMAL STRESS=-0.10689E+01 SHEAR STRESS= 0.10644E+01
   NODE 2: NORMAL STRESS=-0.37460E+00 SHEAR STRESS= 0.55973E+00
   NODE 3: NORMAL STRESS=-0.10310E+00 SHEAR STRESS= 0.22736E+00

 INT. ELEM =  28     AVG. NORMAL S.=-0.51507E+00 AVG. SHEAR S.= 0.62654E+00

   NODE 1: NORMAL STRESS=-0.10664E+01 SHEAR STRESS= 0.10921E+01
   NODE 2: NORMAL STRESS=-0.37697E+00 SHEAR STRESS= 0.56610E+00
   NODE 3: NORMAL STRESS=-0.10186E+00 SHEAR STRESS= 0.22145E+00

 INT. ELEM =  29     AVG. NORMAL S.=-0.46189E-01 AVG. SHEAR S.= 0.11461E+00

   NODE 1: NORMAL STRESS=-0.10310E+00 SHEAR STRESS= 0.22736E+00
   NODE 2: NORMAL STRESS=-0.37707E-01 SHEAR STRESS= 0.97335E-01
   NODE 3: NORMAL STRESS= 0.22435E-02 SHEAR STRESS= 0.19134E-01

 INT. ELEM =  30     AVG. NORMAL S.=-0.45755E-01 AVG. SHEAR S.= 0.11164E+00

   NODE 1: NORMAL STRESS=-0.10186E+00 SHEAR STRESS= 0.22145E+00
   NODE 2: NORMAL STRESS=-0.38019E-01 SHEAR STRESS= 0.95613E-01
   NODE 3: NORMAL STRESS= 0.26176E-02 SHEAR STRESS= 0.17851E-01

 INT. ELEM =  31     AVG. NORMAL S.= 0.10895E-02 AVG. SHEAR S.= 0.99647E-02

   NODE 1: NORMAL STRESS= 0.22435E-02 SHEAR STRESS= 0.19134E-01
   NODE 2: NORMAL STRESS=-0.65872E-02 SHEAR STRESS= 0.10760E-01
   NODE 3: NORMAL STRESS= 0.76122E-02 SHEAR STRESS= 0.00000E+00

 INT. ELEM =  32     AVG. NORMAL S.= 0.12327E-02 AVG. SHEAR S.= 0.94708E-02

   NODE 1: NORMAL STRESS= 0.26176E-02 SHEAR STRESS= 0.17851E-01
   NODE 2: NORMAL STRESS=-0.66335E-02 SHEAR STRESS= 0.10562E-01
   NODE 3: NORMAL STRESS= 0.77140E-02 SHEAR STRESS= 0.00000E+00




  GEOGRID ELEMENT STRESSES  :

  FOR GEOGRID ELEMENT NO. :  1

 EPS R: 0.437057E-03  EPS TH: 0.437057E-03


 SIGMA R: 0.499491E+02  SIGMA TH: 0.499491E+02


  FOR GEOGRID ELEMENT NO. :  1

 EPS R: 0.432967E-03  EPS TH: 0.435012E-03


 SIGMA R: 0.495356E+02  SIGMA TH: 0.496615E+02


  FOR GEOGRID ELEMENT NO. :  1

 EPS R: 0.428878E-03  EPS TH: 0.432967E-03


 SIGMA R: 0.491221E+02  SIGMA TH: 0.493738E+02


  FOR GEOGRID ELEMENT NO. :  2

 EPS R: 0.431195E-03  EPS TH: 0.432967E-03


 SIGMA R: 0.493259E+02  SIGMA TH: 0.494350E+02


  FOR GEOGRID ELEMENT NO. :  2

 EPS R: 0.422368E-03  EPS TH: 0.430905E-03


 SIGMA R: 0.484955E+02  SIGMA TH: 0.490209E+02


  FOR GEOGRID ELEMENT NO. :  2

 EPS R: 0.413540E-03  EPS TH: 0.427668E-03


 SIGMA R: 0.476340E+02  SIGMA TH: 0.485034E+02


  FOR GEOGRID ELEMENT NO. :  3

 EPS R: 0.414378E-03  EPS TH: 0.427668E-03


 SIGMA R: 0.477077E+02  SIGMA TH: 0.485255E+02


  FOR GEOGRID ELEMENT NO. :  3

 EPS R: 0.401486E-03  EPS TH: 0.423721E-03


 SIGMA R: 0.464703E+02  SIGMA TH: 0.478385E+02


  FOR GEOGRID ELEMENT NO. :  3

 EPS R: 0.388595E-03  EPS TH: 0.418941E-03


 SIGMA R: 0.452108E+02  SIGMA TH: 0.470783E+02


  FOR GEOGRID ELEMENT NO. :  4

 EPS R: 0.388768E-03  EPS TH: 0.418941E-03


 SIGMA R: 0.452261E+02  SIGMA TH: 0.470829E+02


  FOR GEOGRID ELEMENT NO. :  4

 EPS R: 0.371781E-03  EPS TH: 0.413417E-03


 SIGMA R: 0.435871E+02  SIGMA TH: 0.461493E+02


  FOR GEOGRID ELEMENT NO. :  4

 EPS R: 0.354795E-03  EPS TH: 0.407151E-03


 SIGMA R: 0.419285E+02  SIGMA TH: 0.451504E+02


  FOR GEOGRID ELEMENT NO. :  5

 EPS R: 0.354527E-03  EPS TH: 0.407151E-03


 SIGMA R: 0.419050E+02  SIGMA TH: 0.451434E+02


  FOR GEOGRID ELEMENT NO. :  5

 EPS R: 0.345093E-03  EPS TH: 0.403778E-03


 SIGMA R: 0.409866E+02  SIGMA TH: 0.445980E+02


  FOR GEOGRID ELEMENT NO. :  5

 EPS R: 0.335658E-03  EPS TH: 0.400255E-03


 SIGMA R: 0.400643E+02  SIGMA TH: 0.440396E+02


  FOR GEOGRID ELEMENT NO. :  6

 EPS R: 0.335583E-03  EPS TH: 0.400255E-03


 SIGMA R: 0.400577E+02  SIGMA TH: 0.440376E+02


  FOR GEOGRID ELEMENT NO. :  6

 EPS R: 0.325241E-03  EPS TH: 0.396579E-03


 SIGMA R: 0.390516E+02  SIGMA TH: 0.434417E+02


  FOR GEOGRID ELEMENT NO. :  6

 EPS R: 0.314900E-03  EPS TH: 0.392754E-03


 SIGMA R: 0.380416E+02  SIGMA TH: 0.428326E+02


  FOR GEOGRID ELEMENT NO. :  7

 EPS R: 0.314977E-03  EPS TH: 0.392754E-03


 SIGMA R: 0.380484E+02  SIGMA TH: 0.428347E+02


  FOR GEOGRID ELEMENT NO. :  7

 EPS R: 0.293264E-03  EPS TH: 0.384696E-03


 SIGMA R: 0.359271E+02  SIGMA TH: 0.415537E+02


  FOR GEOGRID ELEMENT NO. :  7

 EPS R: 0.271551E-03  EPS TH: 0.376172E-03


 SIGMA R: 0.337934E+02  SIGMA TH: 0.402317E+02


  FOR GEOGRID ELEMENT NO. :  8

 EPS R: 0.271109E-03  EPS TH: 0.376172E-03


 SIGMA R: 0.337545E+02  SIGMA TH: 0.402200E+02


  FOR GEOGRID ELEMENT NO. :  8

 EPS R: 0.248357E-03  EPS TH: 0.367216E-03


 SIGMA R: 0.315182E+02  SIGMA TH: 0.388326E+02


  FOR GEOGRID ELEMENT NO. :  8

 EPS R: 0.225606E-03  EPS TH: 0.357913E-03


 SIGMA R: 0.292727E+02  SIGMA TH: 0.374148E+02


  FOR GEOGRID ELEMENT NO. :  9

 EPS R: 0.225378E-03  EPS TH: 0.357913E-03


 SIGMA R: 0.292526E+02  SIGMA TH: 0.374087E+02


  FOR GEOGRID ELEMENT NO. :  9

 EPS R: 0.202524E-03  EPS TH: 0.348316E-03


 SIGMA R: 0.269905E+02  SIGMA TH: 0.359623E+02


  FOR GEOGRID ELEMENT NO. :  9

 EPS R: 0.179671E-03  EPS TH: 0.338490E-03


 SIGMA R: 0.247222E+02  SIGMA TH: 0.344958E+02


  FOR GEOGRID ELEMENT NO. : 10

 EPS R: 0.179165E-03  EPS TH: 0.338490E-03


 SIGMA R: 0.246777E+02  SIGMA TH: 0.344824E+02


  FOR GEOGRID ELEMENT NO. : 10

 EPS R: 0.157542E-03  EPS TH: 0.328482E-03


 SIGMA R: 0.225129E+02  SIGMA TH: 0.330323E+02


  FOR GEOGRID ELEMENT NO. : 10

 EPS R: 0.135919E-03  EPS TH: 0.318384E-03


 SIGMA R: 0.203457E+02  SIGMA TH: 0.315744E+02


  FOR GEOGRID ELEMENT NO. : 11

 EPS R: 0.134333E-03  EPS TH: 0.318384E-03


 SIGMA R: 0.202062E+02  SIGMA TH: 0.315326E+02


  FOR GEOGRID ELEMENT NO. : 11

 EPS R: 0.958790E-04  EPS TH: 0.298056E-03


 SIGMA R: 0.162896E+02  SIGMA TH: 0.287314E+02


  FOR GEOGRID ELEMENT NO. : 11

 EPS R: 0.574250E-04  EPS TH: 0.277929E-03


 SIGMA R: 0.123782E+02  SIGMA TH: 0.259477E+02


  FOR GEOGRID ELEMENT NO. : 12

 EPS R: 0.491507E-04  EPS TH: 0.277929E-03


 SIGMA R: 0.116508E+02  SIGMA TH: 0.257295E+02


  FOR GEOGRID ELEMENT NO. : 12

 EPS R:-0.112234E-05  EPS TH: 0.238865E-03


 SIGMA R: 0.620092E+01  SIGMA TH: 0.209695E+02


  FOR GEOGRID ELEMENT NO. : 12

 EPS R:-0.513954E-04  EPS TH: 0.203515E-03


 SIGMA R: 0.849031E+00  SIGMA TH: 0.165360E+02


  FOR GEOGRID ELEMENT NO. : 13

 EPS R:-0.620023E-04  EPS TH: 0.203515E-03


 SIGMA R:-0.834433E-01  SIGMA TH: 0.162562E+02


  FOR GEOGRID ELEMENT NO. : 13

 EPS R:-0.862425E-04  EPS TH: 0.145065E-03


 SIGMA R:-0.375595E+01  SIGMA TH: 0.104785E+02


  FOR GEOGRID ELEMENT NO. : 13

 EPS R:-0.110483E-03  EPS TH: 0.102730E-03


 SIGMA R:-0.700346E+01  SIGMA TH: 0.611743E+01


  FOR GEOGRID ELEMENT NO. : 14

 EPS R:-0.100811E-03  EPS TH: 0.102730E-03


 SIGMA R:-0.615324E+01  SIGMA TH: 0.637249E+01


  FOR GEOGRID ELEMENT NO. : 14

 EPS R:-0.776190E-04  EPS TH: 0.531956E-04


 SIGMA R:-0.542072E+01  SIGMA TH: 0.262949E+01


  FOR GEOGRID ELEMENT NO. : 14

 EPS R:-0.544267E-04  EPS TH: 0.287406E-04


 SIGMA R:-0.402678E+01  SIGMA TH: 0.109125E+01


  FOR GEOGRID ELEMENT NO. : 15

 EPS R:-0.428525E-04  EPS TH: 0.287406E-04


 SIGMA R:-0.300927E+01  SIGMA TH: 0.139649E+01


  FOR GEOGRID ELEMENT NO. : 15

 EPS R:-0.255606E-04  EPS TH: 0.104287E-04


 SIGMA R:-0.197205E+01  SIGMA TH: 0.242695E+00


  FOR GEOGRID ELEMENT NO. : 15

 EPS R:-0.826871E-05  EPS TH: 0.426679E-05


 SIGMA R:-0.614391E+00  SIGMA TH: 0.157032E+00


  FOR GEOGRID ELEMENT NO. : 16

 EPS R:-0.805711E-05  EPS TH: 0.426679E-05


 SIGMA R:-0.595789E+00  SIGMA TH: 0.162612E+00


  FOR GEOGRID ELEMENT NO. : 16

 EPS R:-0.473347E-05  EPS TH: 0.954301E-06


 SIGMA R:-0.390961E+00  SIGMA TH:-0.409415E-01


  FOR GEOGRID ELEMENT NO. : 16

 EPS R:-0.140984E-05  EPS TH: 0.000000E+00


 SIGMA R:-0.123941E+00  SIGMA TH:-0.371816E-01

